
Book モデルに関するテスト
  実際に保存してみる
[31m    有効な投稿内容の場合は保存されるか (FAILED - 1)[0m
  空白のバリデーションチェック
[31m    titleが空白の場合にバリデーションチェックされ空白のエラーメッセージが返ってきているか (FAILED - 2)[0m
[31m    bodyが空白の場合にバリデーションチェックされ空白のエラーメッセージが返ってきているか (FAILED - 3)[0m
  titleを空白で投稿した場合に画面にエラーメッセージが表示されているか
[31m    エラーメッセージは正しく表示されるか (FAILED - 4)[0m
  bodyを空白で投稿した場合に画面にエラーメッセージが表示されているか
[31m    エラーメッセージは正しく表示されるか (FAILED - 5)[0m

投稿のテスト
  トップ画面(root_path)のテスト
    表示の確認
[31m      トップ画面(root_path)に一覧ページへのリンクが表示されているか (FAILED - 6)[0m
[31m      root_pathが"/"であるか (FAILED - 7)[0m
  一覧画面のテスト
    一覧の表示とリンクの確認
[31m      bookの一覧表示(tableタグ)と投稿フォームが同一画面に表示されているか (FAILED - 8)[0m
[31m      bookのタイトルと感想を表示し、詳細・編集・削除のリンクが表示されているか (FAILED - 9)[0m
[31m      Create Bookボタンが表示される (FAILED - 10)[0m
    投稿処理に関するテスト
[31m      投稿に成功しサクセスメッセージが表示されるか (FAILED - 11)[0m
[31m      投稿に失敗する (FAILED - 12)[0m
[31m      投稿後のリダイレクト先は正しいか (FAILED - 13)[0m
    book削除のテスト
[31m      application.html.erbにjavascript_pack_tagを含んでいるか (FAILED - 14)[0m
[31m      bookの削除 (FAILED - 15)[0m
  詳細画面のテスト
    表示の確認
[31m      本のタイトルと感想が画面に表示されていること (FAILED - 16)[0m
[31m      Editリンクが表示される (FAILED - 17)[0m
[31m      Backリンクが表示される (FAILED - 18)[0m
    リンクの遷移先の確認
[31m      Editの遷移先は編集画面か (FAILED - 19)[0m
[31m      Backの遷移先は一覧画面か (FAILED - 20)[0m
  編集画面のテスト
    表示の確認
[31m      編集前のタイトルと感想がフォームに表示(セット)されている (FAILED - 21)[0m
[31m      Update Bookボタンが表示される (FAILED - 22)[0m
[31m      Showリンクが表示される (FAILED - 23)[0m
[31m      Backリンクが表示される (FAILED - 24)[0m
    リンクの遷移先の確認
[31m      Showの遷移先は詳細画面か (FAILED - 25)[0m
[31m      Backの遷移先は一覧画面か (FAILED - 26)[0m
    更新処理に関するテスト
[31m      更新に成功しサクセスメッセージが表示されるか (FAILED - 27)[0m
[31m      更新に失敗しエラーメッセージが表示されるか (FAILED - 28)[0m
[31m      更新後のリダイレクト先は正しいか (FAILED - 29)[0m

Failures:

  1) Book モデルに関するテスト 実際に保存してみる 有効な投稿内容の場合は保存されるか
     [31mFailure/Error: raise error[0m
     [31m[0m
     [31mLoadError:[0m
     [31m  cannot load such file -- net/smtp[0m
     [36m# /home/ec2-user/.rvm/gems/ruby-3.1.2/gems/bootsnap-1.13.0/lib/bootsnap/load_path_cache/core_ext/kernel_require.rb:29:in `require'[0m
     [36m# /home/ec2-user/.rvm/gems/ruby-3.1.2/gems/zeitwerk-2.6.1/lib/zeitwerk/kernel.rb:35:in `require'[0m
     [36m# /home/ec2-user/.rvm/gems/ruby-3.1.2/gems/mail-2.7.1/lib/mail.rb:9:in `<module:Mail>'[0m
     [36m# /home/ec2-user/.rvm/gems/ruby-3.1.2/gems/mail-2.7.1/lib/mail.rb:3:in `<main>'[0m
     [36m# /home/ec2-user/.rvm/gems/ruby-3.1.2/gems/bootsnap-1.13.0/lib/bootsnap/load_path_cache/core_ext/kernel_require.rb:32:in `require'[0m
     [36m# /home/ec2-user/.rvm/gems/ruby-3.1.2/gems/bootsnap-1.13.0/lib/bootsnap/load_path_cache/core_ext/kernel_require.rb:32:in `require'[0m
     [36m# /home/ec2-user/.rvm/gems/ruby-3.1.2/gems/zeitwerk-2.6.1/lib/zeitwerk/kernel.rb:35:in `require'[0m
     [36m# /home/ec2-user/.rvm/gems/ruby-3.1.2/gems/bootsnap-1.13.0/lib/bootsnap/load_path_cache/core_ext/kernel_require.rb:32:in `require'[0m
     [36m# /home/ec2-user/.rvm/gems/ruby-3.1.2/gems/bootsnap-1.13.0/lib/bootsnap/load_path_cache/core_ext/kernel_require.rb:32:in `require'[0m
     [36m# /home/ec2-user/.rvm/gems/ruby-3.1.2/gems/zeitwerk-2.6.1/lib/zeitwerk/kernel.rb:35:in `require'[0m
     [36m# /home/ec2-user/.rvm/gems/ruby-3.1.2/gems/bootsnap-1.13.0/lib/bootsnap/load_path_cache/core_ext/kernel_require.rb:32:in `require'[0m
     [36m# /home/ec2-user/.rvm/gems/ruby-3.1.2/gems/bootsnap-1.13.0/lib/bootsnap/load_path_cache/core_ext/kernel_require.rb:32:in `require'[0m
     [36m# /home/ec2-user/.rvm/gems/ruby-3.1.2/gems/zeitwerk-2.6.1/lib/zeitwerk/kernel.rb:35:in `require'[0m

  2) Book モデルに関するテスト 空白のバリデーションチェック titleが空白の場合にバリデーションチェックされ空白のエラーメッセージが返ってきているか
     [31mFailure/Error: raise error[0m
     [31m[0m
     [31mLoadError:[0m
     [31m  cannot load such file -- net/smtp[0m
     [36m# /home/ec2-user/.rvm/gems/ruby-3.1.2/gems/bootsnap-1.13.0/lib/bootsnap/load_path_cache/core_ext/kernel_require.rb:29:in `require'[0m
     [36m# /home/ec2-user/.rvm/gems/ruby-3.1.2/gems/zeitwerk-2.6.1/lib/zeitwerk/kernel.rb:35:in `require'[0m
     [36m# /home/ec2-user/.rvm/gems/ruby-3.1.2/gems/mail-2.7.1/lib/mail.rb:9:in `<module:Mail>'[0m
     [36m# /home/ec2-user/.rvm/gems/ruby-3.1.2/gems/mail-2.7.1/lib/mail.rb:3:in `<main>'[0m
     [36m# /home/ec2-user/.rvm/gems/ruby-3.1.2/gems/bootsnap-1.13.0/lib/bootsnap/load_path_cache/core_ext/kernel_require.rb:32:in `require'[0m
     [36m# /home/ec2-user/.rvm/gems/ruby-3.1.2/gems/bootsnap-1.13.0/lib/bootsnap/load_path_cache/core_ext/kernel_require.rb:32:in `require'[0m
     [36m# /home/ec2-user/.rvm/gems/ruby-3.1.2/gems/zeitwerk-2.6.1/lib/zeitwerk/kernel.rb:35:in `require'[0m
     [36m# /home/ec2-user/.rvm/gems/ruby-3.1.2/gems/bootsnap-1.13.0/lib/bootsnap/load_path_cache/core_ext/kernel_require.rb:32:in `require'[0m
     [36m# /home/ec2-user/.rvm/gems/ruby-3.1.2/gems/bootsnap-1.13.0/lib/bootsnap/load_path_cache/core_ext/kernel_require.rb:32:in `require'[0m
     [36m# /home/ec2-user/.rvm/gems/ruby-3.1.2/gems/zeitwerk-2.6.1/lib/zeitwerk/kernel.rb:35:in `require'[0m
     [36m# /home/ec2-user/.rvm/gems/ruby-3.1.2/gems/bootsnap-1.13.0/lib/bootsnap/load_path_cache/core_ext/kernel_require.rb:32:in `require'[0m
     [36m# /home/ec2-user/.rvm/gems/ruby-3.1.2/gems/bootsnap-1.13.0/lib/bootsnap/load_path_cache/core_ext/kernel_require.rb:32:in `require'[0m
     [36m# /home/ec2-user/.rvm/gems/ruby-3.1.2/gems/zeitwerk-2.6.1/lib/zeitwerk/kernel.rb:35:in `require'[0m

  3) Book モデルに関するテスト 空白のバリデーションチェック bodyが空白の場合にバリデーションチェックされ空白のエラーメッセージが返ってきているか
     [31mFailure/Error: raise error[0m
     [31m[0m
     [31mLoadError:[0m
     [31m  cannot load such file -- net/smtp[0m
     [36m# /home/ec2-user/.rvm/gems/ruby-3.1.2/gems/bootsnap-1.13.0/lib/bootsnap/load_path_cache/core_ext/kernel_require.rb:29:in `require'[0m
     [36m# /home/ec2-user/.rvm/gems/ruby-3.1.2/gems/zeitwerk-2.6.1/lib/zeitwerk/kernel.rb:35:in `require'[0m
     [36m# /home/ec2-user/.rvm/gems/ruby-3.1.2/gems/mail-2.7.1/lib/mail.rb:9:in `<module:Mail>'[0m
     [36m# /home/ec2-user/.rvm/gems/ruby-3.1.2/gems/mail-2.7.1/lib/mail.rb:3:in `<main>'[0m
     [36m# /home/ec2-user/.rvm/gems/ruby-3.1.2/gems/bootsnap-1.13.0/lib/bootsnap/load_path_cache/core_ext/kernel_require.rb:32:in `require'[0m
     [36m# /home/ec2-user/.rvm/gems/ruby-3.1.2/gems/bootsnap-1.13.0/lib/bootsnap/load_path_cache/core_ext/kernel_require.rb:32:in `require'[0m
     [36m# /home/ec2-user/.rvm/gems/ruby-3.1.2/gems/zeitwerk-2.6.1/lib/zeitwerk/kernel.rb:35:in `require'[0m
     [36m# /home/ec2-user/.rvm/gems/ruby-3.1.2/gems/bootsnap-1.13.0/lib/bootsnap/load_path_cache/core_ext/kernel_require.rb:32:in `require'[0m
     [36m# /home/ec2-user/.rvm/gems/ruby-3.1.2/gems/bootsnap-1.13.0/lib/bootsnap/load_path_cache/core_ext/kernel_require.rb:32:in `require'[0m
     [36m# /home/ec2-user/.rvm/gems/ruby-3.1.2/gems/zeitwerk-2.6.1/lib/zeitwerk/kernel.rb:35:in `require'[0m
     [36m# /home/ec2-user/.rvm/gems/ruby-3.1.2/gems/bootsnap-1.13.0/lib/bootsnap/load_path_cache/core_ext/kernel_require.rb:32:in `require'[0m
     [36m# /home/ec2-user/.rvm/gems/ruby-3.1.2/gems/bootsnap-1.13.0/lib/bootsnap/load_path_cache/core_ext/kernel_require.rb:32:in `require'[0m
     [36m# /home/ec2-user/.rvm/gems/ruby-3.1.2/gems/zeitwerk-2.6.1/lib/zeitwerk/kernel.rb:35:in `require'[0m

  4) Book モデルに関するテスト titleを空白で投稿した場合に画面にエラーメッセージが表示されているか エラーメッセージは正しく表示されるか
     [31mFailure/Error: raise error[0m
     [31m[0m
     [31mLoadError:[0m
     [31m  cannot load such file -- net/smtp[0m
     [36m# /home/ec2-user/.rvm/gems/ruby-3.1.2/gems/bootsnap-1.13.0/lib/bootsnap/load_path_cache/core_ext/kernel_require.rb:29:in `require'[0m
     [36m# /home/ec2-user/.rvm/gems/ruby-3.1.2/gems/zeitwerk-2.6.1/lib/zeitwerk/kernel.rb:35:in `require'[0m
     [36m# /home/ec2-user/.rvm/gems/ruby-3.1.2/gems/mail-2.7.1/lib/mail.rb:9:in `<module:Mail>'[0m
     [36m# /home/ec2-user/.rvm/gems/ruby-3.1.2/gems/mail-2.7.1/lib/mail.rb:3:in `<main>'[0m
     [36m# /home/ec2-user/.rvm/gems/ruby-3.1.2/gems/bootsnap-1.13.0/lib/bootsnap/load_path_cache/core_ext/kernel_require.rb:32:in `require'[0m
     [36m# /home/ec2-user/.rvm/gems/ruby-3.1.2/gems/bootsnap-1.13.0/lib/bootsnap/load_path_cache/core_ext/kernel_require.rb:32:in `require'[0m
     [36m# /home/ec2-user/.rvm/gems/ruby-3.1.2/gems/zeitwerk-2.6.1/lib/zeitwerk/kernel.rb:35:in `require'[0m
     [36m# /home/ec2-user/.rvm/gems/ruby-3.1.2/gems/bootsnap-1.13.0/lib/bootsnap/load_path_cache/core_ext/kernel_require.rb:32:in `require'[0m
     [36m# /home/ec2-user/.rvm/gems/ruby-3.1.2/gems/bootsnap-1.13.0/lib/bootsnap/load_path_cache/core_ext/kernel_require.rb:32:in `require'[0m
     [36m# /home/ec2-user/.rvm/gems/ruby-3.1.2/gems/zeitwerk-2.6.1/lib/zeitwerk/kernel.rb:35:in `require'[0m
     [36m# /home/ec2-user/.rvm/gems/ruby-3.1.2/gems/bootsnap-1.13.0/lib/bootsnap/load_path_cache/core_ext/kernel_require.rb:32:in `require'[0m
     [36m# /home/ec2-user/.rvm/gems/ruby-3.1.2/gems/bootsnap-1.13.0/lib/bootsnap/load_path_cache/core_ext/kernel_require.rb:32:in `require'[0m
     [36m# /home/ec2-user/.rvm/gems/ruby-3.1.2/gems/zeitwerk-2.6.1/lib/zeitwerk/kernel.rb:35:in `require'[0m

  5) Book モデルに関するテスト bodyを空白で投稿した場合に画面にエラーメッセージが表示されているか エラーメッセージは正しく表示されるか
     [31mFailure/Error: raise error[0m
     [31m[0m
     [31mLoadError:[0m
     [31m  cannot load such file -- net/smtp[0m
     [36m# /home/ec2-user/.rvm/gems/ruby-3.1.2/gems/bootsnap-1.13.0/lib/bootsnap/load_path_cache/core_ext/kernel_require.rb:29:in `require'[0m
     [36m# /home/ec2-user/.rvm/gems/ruby-3.1.2/gems/zeitwerk-2.6.1/lib/zeitwerk/kernel.rb:35:in `require'[0m
     [36m# /home/ec2-user/.rvm/gems/ruby-3.1.2/gems/mail-2.7.1/lib/mail.rb:9:in `<module:Mail>'[0m
     [36m# /home/ec2-user/.rvm/gems/ruby-3.1.2/gems/mail-2.7.1/lib/mail.rb:3:in `<main>'[0m
     [36m# /home/ec2-user/.rvm/gems/ruby-3.1.2/gems/bootsnap-1.13.0/lib/bootsnap/load_path_cache/core_ext/kernel_require.rb:32:in `require'[0m
     [36m# /home/ec2-user/.rvm/gems/ruby-3.1.2/gems/bootsnap-1.13.0/lib/bootsnap/load_path_cache/core_ext/kernel_require.rb:32:in `require'[0m
     [36m# /home/ec2-user/.rvm/gems/ruby-3.1.2/gems/zeitwerk-2.6.1/lib/zeitwerk/kernel.rb:35:in `require'[0m
     [36m# /home/ec2-user/.rvm/gems/ruby-3.1.2/gems/bootsnap-1.13.0/lib/bootsnap/load_path_cache/core_ext/kernel_require.rb:32:in `require'[0m
     [36m# /home/ec2-user/.rvm/gems/ruby-3.1.2/gems/bootsnap-1.13.0/lib/bootsnap/load_path_cache/core_ext/kernel_require.rb:32:in `require'[0m
     [36m# /home/ec2-user/.rvm/gems/ruby-3.1.2/gems/zeitwerk-2.6.1/lib/zeitwerk/kernel.rb:35:in `require'[0m
     [36m# /home/ec2-user/.rvm/gems/ruby-3.1.2/gems/bootsnap-1.13.0/lib/bootsnap/load_path_cache/core_ext/kernel_require.rb:32:in `require'[0m
     [36m# /home/ec2-user/.rvm/gems/ruby-3.1.2/gems/bootsnap-1.13.0/lib/bootsnap/load_path_cache/core_ext/kernel_require.rb:32:in `require'[0m
     [36m# /home/ec2-user/.rvm/gems/ruby-3.1.2/gems/zeitwerk-2.6.1/lib/zeitwerk/kernel.rb:35:in `require'[0m

  6) 投稿のテスト トップ画面(root_path)のテスト 表示の確認 トップ画面(root_path)に一覧ページへのリンクが表示されているか
     [31mGot 0 failures and 2 other errors:[0m

     6.1) [31mFailure/Error: visit root_path[0m
          [31m[0m
          [31mNameError:[0m
          [31m  undefined local variable or method `root_path' for #<RSpec::ExampleGroups::Nested::RootPath::Nested "トップ画面(root_path)に一覧ページへのリンクが表示されているか" (./spec/system/books_spec.rb:10)>[0m
          [36m# ./spec/system/books_spec.rb:7:in `block (3 levels) in <main>'[0m

     6.2) [31mFailure/Error: raise error[0m
          [31m[0m
          [31mLoadError:[0m
          [31m  cannot load such file -- net/smtp[0m
          [36m# /home/ec2-user/.rvm/gems/ruby-3.1.2/gems/bootsnap-1.13.0/lib/bootsnap/load_path_cache/core_ext/kernel_require.rb:29:in `require'[0m
          [36m# /home/ec2-user/.rvm/gems/ruby-3.1.2/gems/zeitwerk-2.6.1/lib/zeitwerk/kernel.rb:35:in `require'[0m
          [36m# /home/ec2-user/.rvm/gems/ruby-3.1.2/gems/mail-2.7.1/lib/mail.rb:9:in `<module:Mail>'[0m
          [36m# /home/ec2-user/.rvm/gems/ruby-3.1.2/gems/mail-2.7.1/lib/mail.rb:3:in `<main>'[0m
          [36m# /home/ec2-user/.rvm/gems/ruby-3.1.2/gems/bootsnap-1.13.0/lib/bootsnap/load_path_cache/core_ext/kernel_require.rb:32:in `require'[0m
          [36m# /home/ec2-user/.rvm/gems/ruby-3.1.2/gems/bootsnap-1.13.0/lib/bootsnap/load_path_cache/core_ext/kernel_require.rb:32:in `require'[0m
          [36m# /home/ec2-user/.rvm/gems/ruby-3.1.2/gems/zeitwerk-2.6.1/lib/zeitwerk/kernel.rb:35:in `require'[0m
          [36m# /home/ec2-user/.rvm/gems/ruby-3.1.2/gems/bootsnap-1.13.0/lib/bootsnap/load_path_cache/core_ext/kernel_require.rb:32:in `require'[0m
          [36m# /home/ec2-user/.rvm/gems/ruby-3.1.2/gems/bootsnap-1.13.0/lib/bootsnap/load_path_cache/core_ext/kernel_require.rb:32:in `require'[0m
          [36m# /home/ec2-user/.rvm/gems/ruby-3.1.2/gems/zeitwerk-2.6.1/lib/zeitwerk/kernel.rb:35:in `require'[0m
          [36m# /home/ec2-user/.rvm/gems/ruby-3.1.2/gems/bootsnap-1.13.0/lib/bootsnap/load_path_cache/core_ext/kernel_require.rb:32:in `require'[0m
          [36m# /home/ec2-user/.rvm/gems/ruby-3.1.2/gems/bootsnap-1.13.0/lib/bootsnap/load_path_cache/core_ext/kernel_require.rb:32:in `require'[0m
          [36m# /home/ec2-user/.rvm/gems/ruby-3.1.2/gems/zeitwerk-2.6.1/lib/zeitwerk/kernel.rb:35:in `require'[0m

  7) 投稿のテスト トップ画面(root_path)のテスト 表示の確認 root_pathが"/"であるか
     [31mGot 0 failures and 2 other errors:[0m

     7.1) [31mFailure/Error: visit root_path[0m
          [31m[0m
          [31mNameError:[0m
          [31m  undefined local variable or method `root_path' for #<RSpec::ExampleGroups::Nested::RootPath::Nested "root_pathが"/"であるか" (./spec/system/books_spec.rb:13)>[0m
          [36m# ./spec/system/books_spec.rb:7:in `block (3 levels) in <main>'[0m

     7.2) [31mFailure/Error: raise error[0m
          [31m[0m
          [31mLoadError:[0m
          [31m  cannot load such file -- net/smtp[0m
          [36m# /home/ec2-user/.rvm/gems/ruby-3.1.2/gems/bootsnap-1.13.0/lib/bootsnap/load_path_cache/core_ext/kernel_require.rb:29:in `require'[0m
          [36m# /home/ec2-user/.rvm/gems/ruby-3.1.2/gems/zeitwerk-2.6.1/lib/zeitwerk/kernel.rb:35:in `require'[0m
          [36m# /home/ec2-user/.rvm/gems/ruby-3.1.2/gems/mail-2.7.1/lib/mail.rb:9:in `<module:Mail>'[0m
          [36m# /home/ec2-user/.rvm/gems/ruby-3.1.2/gems/mail-2.7.1/lib/mail.rb:3:in `<main>'[0m
          [36m# /home/ec2-user/.rvm/gems/ruby-3.1.2/gems/bootsnap-1.13.0/lib/bootsnap/load_path_cache/core_ext/kernel_require.rb:32:in `require'[0m
          [36m# /home/ec2-user/.rvm/gems/ruby-3.1.2/gems/bootsnap-1.13.0/lib/bootsnap/load_path_cache/core_ext/kernel_require.rb:32:in `require'[0m
          [36m# /home/ec2-user/.rvm/gems/ruby-3.1.2/gems/zeitwerk-2.6.1/lib/zeitwerk/kernel.rb:35:in `require'[0m
          [36m# /home/ec2-user/.rvm/gems/ruby-3.1.2/gems/bootsnap-1.13.0/lib/bootsnap/load_path_cache/core_ext/kernel_require.rb:32:in `require'[0m
          [36m# /home/ec2-user/.rvm/gems/ruby-3.1.2/gems/bootsnap-1.13.0/lib/bootsnap/load_path_cache/core_ext/kernel_require.rb:32:in `require'[0m
          [36m# /home/ec2-user/.rvm/gems/ruby-3.1.2/gems/zeitwerk-2.6.1/lib/zeitwerk/kernel.rb:35:in `require'[0m
          [36m# /home/ec2-user/.rvm/gems/ruby-3.1.2/gems/bootsnap-1.13.0/lib/bootsnap/load_path_cache/core_ext/kernel_require.rb:32:in `require'[0m
          [36m# /home/ec2-user/.rvm/gems/ruby-3.1.2/gems/bootsnap-1.13.0/lib/bootsnap/load_path_cache/core_ext/kernel_require.rb:32:in `require'[0m
          [36m# /home/ec2-user/.rvm/gems/ruby-3.1.2/gems/zeitwerk-2.6.1/lib/zeitwerk/kernel.rb:35:in `require'[0m

  8) 投稿のテスト 一覧画面のテスト 一覧の表示とリンクの確認 bookの一覧表示(tableタグ)と投稿フォームが同一画面に表示されているか
     [31mFailure/Error: raise error[0m
     [31m[0m
     [31mLoadError:[0m
     [31m  cannot load such file -- net/smtp[0m
     [36m# /home/ec2-user/.rvm/gems/ruby-3.1.2/gems/bootsnap-1.13.0/lib/bootsnap/load_path_cache/core_ext/kernel_require.rb:29:in `require'[0m
     [36m# /home/ec2-user/.rvm/gems/ruby-3.1.2/gems/zeitwerk-2.6.1/lib/zeitwerk/kernel.rb:35:in `require'[0m
     [36m# /home/ec2-user/.rvm/gems/ruby-3.1.2/gems/mail-2.7.1/lib/mail.rb:9:in `<module:Mail>'[0m
     [36m# /home/ec2-user/.rvm/gems/ruby-3.1.2/gems/mail-2.7.1/lib/mail.rb:3:in `<main>'[0m
     [36m# /home/ec2-user/.rvm/gems/ruby-3.1.2/gems/bootsnap-1.13.0/lib/bootsnap/load_path_cache/core_ext/kernel_require.rb:32:in `require'[0m
     [36m# /home/ec2-user/.rvm/gems/ruby-3.1.2/gems/bootsnap-1.13.0/lib/bootsnap/load_path_cache/core_ext/kernel_require.rb:32:in `require'[0m
     [36m# /home/ec2-user/.rvm/gems/ruby-3.1.2/gems/zeitwerk-2.6.1/lib/zeitwerk/kernel.rb:35:in `require'[0m
     [36m# /home/ec2-user/.rvm/gems/ruby-3.1.2/gems/bootsnap-1.13.0/lib/bootsnap/load_path_cache/core_ext/kernel_require.rb:32:in `require'[0m
     [36m# /home/ec2-user/.rvm/gems/ruby-3.1.2/gems/bootsnap-1.13.0/lib/bootsnap/load_path_cache/core_ext/kernel_require.rb:32:in `require'[0m
     [36m# /home/ec2-user/.rvm/gems/ruby-3.1.2/gems/zeitwerk-2.6.1/lib/zeitwerk/kernel.rb:35:in `require'[0m
     [36m# /home/ec2-user/.rvm/gems/ruby-3.1.2/gems/bootsnap-1.13.0/lib/bootsnap/load_path_cache/core_ext/kernel_require.rb:32:in `require'[0m
     [36m# /home/ec2-user/.rvm/gems/ruby-3.1.2/gems/bootsnap-1.13.0/lib/bootsnap/load_path_cache/core_ext/kernel_require.rb:32:in `require'[0m
     [36m# /home/ec2-user/.rvm/gems/ruby-3.1.2/gems/zeitwerk-2.6.1/lib/zeitwerk/kernel.rb:35:in `require'[0m

  9) 投稿のテスト 一覧画面のテスト 一覧の表示とリンクの確認 bookのタイトルと感想を表示し、詳細・編集・削除のリンクが表示されているか
     [31mGot 1 failure and 1 other error:[0m

     9.1) [31mFailure/Error: expect(show_link.native.inner_text).to match(/destroy/i)[0m
          [31m[0m
          [31m  expected "Delete" to match /destroy/i[0m
          [31m  Diff:[0m[0m
          [31m  [0m[34m@@ -1 +1 @@[0m
          [31m  [0m[31m-/destroy/i[0m
          [31m  [0m[32m+"Delete"[0m
          [31m  [0m[0m
          [36m# ./spec/system/books_spec.rb:47:in `block (5 levels) in <main>'[0m
          [36m# ./spec/system/books_spec.rb:33:in `each_with_index'[0m
          [36m# ./spec/system/books_spec.rb:33:in `block (4 levels) in <main>'[0m

     9.2) [31mFailure/Error: raise error[0m
          [31m[0m
          [31mLoadError:[0m
          [31m  cannot load such file -- net/smtp[0m
          [36m# /home/ec2-user/.rvm/gems/ruby-3.1.2/gems/bootsnap-1.13.0/lib/bootsnap/load_path_cache/core_ext/kernel_require.rb:29:in `require'[0m
          [36m# /home/ec2-user/.rvm/gems/ruby-3.1.2/gems/zeitwerk-2.6.1/lib/zeitwerk/kernel.rb:35:in `require'[0m
          [36m# /home/ec2-user/.rvm/gems/ruby-3.1.2/gems/mail-2.7.1/lib/mail.rb:9:in `<module:Mail>'[0m
          [36m# /home/ec2-user/.rvm/gems/ruby-3.1.2/gems/mail-2.7.1/lib/mail.rb:3:in `<main>'[0m
          [36m# /home/ec2-user/.rvm/gems/ruby-3.1.2/gems/bootsnap-1.13.0/lib/bootsnap/load_path_cache/core_ext/kernel_require.rb:32:in `require'[0m
          [36m# /home/ec2-user/.rvm/gems/ruby-3.1.2/gems/bootsnap-1.13.0/lib/bootsnap/load_path_cache/core_ext/kernel_require.rb:32:in `require'[0m
          [36m# /home/ec2-user/.rvm/gems/ruby-3.1.2/gems/zeitwerk-2.6.1/lib/zeitwerk/kernel.rb:35:in `require'[0m
          [36m# /home/ec2-user/.rvm/gems/ruby-3.1.2/gems/bootsnap-1.13.0/lib/bootsnap/load_path_cache/core_ext/kernel_require.rb:32:in `require'[0m
          [36m# /home/ec2-user/.rvm/gems/ruby-3.1.2/gems/bootsnap-1.13.0/lib/bootsnap/load_path_cache/core_ext/kernel_require.rb:32:in `require'[0m
          [36m# /home/ec2-user/.rvm/gems/ruby-3.1.2/gems/zeitwerk-2.6.1/lib/zeitwerk/kernel.rb:35:in `require'[0m
          [36m# /home/ec2-user/.rvm/gems/ruby-3.1.2/gems/bootsnap-1.13.0/lib/bootsnap/load_path_cache/core_ext/kernel_require.rb:32:in `require'[0m
          [36m# /home/ec2-user/.rvm/gems/ruby-3.1.2/gems/bootsnap-1.13.0/lib/bootsnap/load_path_cache/core_ext/kernel_require.rb:32:in `require'[0m
          [36m# /home/ec2-user/.rvm/gems/ruby-3.1.2/gems/zeitwerk-2.6.1/lib/zeitwerk/kernel.rb:35:in `require'[0m

  10) 投稿のテスト 一覧画面のテスト 一覧の表示とリンクの確認 Create Bookボタンが表示される
      [31mFailure/Error: raise error[0m
      [31m[0m
      [31mLoadError:[0m
      [31m  cannot load such file -- net/smtp[0m
      [36m# /home/ec2-user/.rvm/gems/ruby-3.1.2/gems/bootsnap-1.13.0/lib/bootsnap/load_path_cache/core_ext/kernel_require.rb:29:in `require'[0m
      [36m# /home/ec2-user/.rvm/gems/ruby-3.1.2/gems/zeitwerk-2.6.1/lib/zeitwerk/kernel.rb:35:in `require'[0m
      [36m# /home/ec2-user/.rvm/gems/ruby-3.1.2/gems/mail-2.7.1/lib/mail.rb:9:in `<module:Mail>'[0m
      [36m# /home/ec2-user/.rvm/gems/ruby-3.1.2/gems/mail-2.7.1/lib/mail.rb:3:in `<main>'[0m
      [36m# /home/ec2-user/.rvm/gems/ruby-3.1.2/gems/bootsnap-1.13.0/lib/bootsnap/load_path_cache/core_ext/kernel_require.rb:32:in `require'[0m
      [36m# /home/ec2-user/.rvm/gems/ruby-3.1.2/gems/bootsnap-1.13.0/lib/bootsnap/load_path_cache/core_ext/kernel_require.rb:32:in `require'[0m
      [36m# /home/ec2-user/.rvm/gems/ruby-3.1.2/gems/zeitwerk-2.6.1/lib/zeitwerk/kernel.rb:35:in `require'[0m
      [36m# /home/ec2-user/.rvm/gems/ruby-3.1.2/gems/bootsnap-1.13.0/lib/bootsnap/load_path_cache/core_ext/kernel_require.rb:32:in `require'[0m
      [36m# /home/ec2-user/.rvm/gems/ruby-3.1.2/gems/bootsnap-1.13.0/lib/bootsnap/load_path_cache/core_ext/kernel_require.rb:32:in `require'[0m
      [36m# /home/ec2-user/.rvm/gems/ruby-3.1.2/gems/zeitwerk-2.6.1/lib/zeitwerk/kernel.rb:35:in `require'[0m
      [36m# /home/ec2-user/.rvm/gems/ruby-3.1.2/gems/bootsnap-1.13.0/lib/bootsnap/load_path_cache/core_ext/kernel_require.rb:32:in `require'[0m
      [36m# /home/ec2-user/.rvm/gems/ruby-3.1.2/gems/bootsnap-1.13.0/lib/bootsnap/load_path_cache/core_ext/kernel_require.rb:32:in `require'[0m
      [36m# /home/ec2-user/.rvm/gems/ruby-3.1.2/gems/zeitwerk-2.6.1/lib/zeitwerk/kernel.rb:35:in `require'[0m

  11) 投稿のテスト 一覧画面のテスト 投稿処理に関するテスト 投稿に成功しサクセスメッセージが表示されるか
      [31mFailure/Error: raise error[0m
      [31m[0m
      [31mLoadError:[0m
      [31m  cannot load such file -- net/smtp[0m
      [36m# /home/ec2-user/.rvm/gems/ruby-3.1.2/gems/bootsnap-1.13.0/lib/bootsnap/load_path_cache/core_ext/kernel_require.rb:29:in `require'[0m
      [36m# /home/ec2-user/.rvm/gems/ruby-3.1.2/gems/zeitwerk-2.6.1/lib/zeitwerk/kernel.rb:35:in `require'[0m
      [36m# /home/ec2-user/.rvm/gems/ruby-3.1.2/gems/mail-2.7.1/lib/mail.rb:9:in `<module:Mail>'[0m
      [36m# /home/ec2-user/.rvm/gems/ruby-3.1.2/gems/mail-2.7.1/lib/mail.rb:3:in `<main>'[0m
      [36m# /home/ec2-user/.rvm/gems/ruby-3.1.2/gems/bootsnap-1.13.0/lib/bootsnap/load_path_cache/core_ext/kernel_require.rb:32:in `require'[0m
      [36m# /home/ec2-user/.rvm/gems/ruby-3.1.2/gems/bootsnap-1.13.0/lib/bootsnap/load_path_cache/core_ext/kernel_require.rb:32:in `require'[0m
      [36m# /home/ec2-user/.rvm/gems/ruby-3.1.2/gems/zeitwerk-2.6.1/lib/zeitwerk/kernel.rb:35:in `require'[0m
      [36m# /home/ec2-user/.rvm/gems/ruby-3.1.2/gems/bootsnap-1.13.0/lib/bootsnap/load_path_cache/core_ext/kernel_require.rb:32:in `require'[0m
      [36m# /home/ec2-user/.rvm/gems/ruby-3.1.2/gems/bootsnap-1.13.0/lib/bootsnap/load_path_cache/core_ext/kernel_require.rb:32:in `require'[0m
      [36m# /home/ec2-user/.rvm/gems/ruby-3.1.2/gems/zeitwerk-2.6.1/lib/zeitwerk/kernel.rb:35:in `require'[0m
      [36m# /home/ec2-user/.rvm/gems/ruby-3.1.2/gems/bootsnap-1.13.0/lib/bootsnap/load_path_cache/core_ext/kernel_require.rb:32:in `require'[0m
      [36m# /home/ec2-user/.rvm/gems/ruby-3.1.2/gems/bootsnap-1.13.0/lib/bootsnap/load_path_cache/core_ext/kernel_require.rb:32:in `require'[0m
      [36m# /home/ec2-user/.rvm/gems/ruby-3.1.2/gems/zeitwerk-2.6.1/lib/zeitwerk/kernel.rb:35:in `require'[0m

  12) 投稿のテスト 一覧画面のテスト 投稿処理に関するテスト 投稿に失敗する
      [31mGot 1 failure and 1 other error:[0m

      12.1) [31mFailure/Error: expect(page).to have_content 'error'[0m
            [31m  expected to find text "error" in "Books\nTitle Body hoge body Show Edit Delete\nNew book\n2件のエラーが発生しました\nTitle can't be blank Body can't be blank\n本のタイトル\n感想"[0m
            [36m# ./spec/system/books_spec.rb:64:in `block (4 levels) in <main>'[0m

      12.2) [31mFailure/Error: raise error[0m
            [31m[0m
            [31mLoadError:[0m
            [31m  cannot load such file -- net/smtp[0m
            [36m# /home/ec2-user/.rvm/gems/ruby-3.1.2/gems/bootsnap-1.13.0/lib/bootsnap/load_path_cache/core_ext/kernel_require.rb:29:in `require'[0m
            [36m# /home/ec2-user/.rvm/gems/ruby-3.1.2/gems/zeitwerk-2.6.1/lib/zeitwerk/kernel.rb:35:in `require'[0m
            [36m# /home/ec2-user/.rvm/gems/ruby-3.1.2/gems/mail-2.7.1/lib/mail.rb:9:in `<module:Mail>'[0m
            [36m# /home/ec2-user/.rvm/gems/ruby-3.1.2/gems/mail-2.7.1/lib/mail.rb:3:in `<main>'[0m
            [36m# /home/ec2-user/.rvm/gems/ruby-3.1.2/gems/bootsnap-1.13.0/lib/bootsnap/load_path_cache/core_ext/kernel_require.rb:32:in `require'[0m
            [36m# /home/ec2-user/.rvm/gems/ruby-3.1.2/gems/bootsnap-1.13.0/lib/bootsnap/load_path_cache/core_ext/kernel_require.rb:32:in `require'[0m
            [36m# /home/ec2-user/.rvm/gems/ruby-3.1.2/gems/zeitwerk-2.6.1/lib/zeitwerk/kernel.rb:35:in `require'[0m
            [36m# /home/ec2-user/.rvm/gems/ruby-3.1.2/gems/bootsnap-1.13.0/lib/bootsnap/load_path_cache/core_ext/kernel_require.rb:32:in `require'[0m
            [36m# /home/ec2-user/.rvm/gems/ruby-3.1.2/gems/bootsnap-1.13.0/lib/bootsnap/load_path_cache/core_ext/kernel_require.rb:32:in `require'[0m
            [36m# /home/ec2-user/.rvm/gems/ruby-3.1.2/gems/zeitwerk-2.6.1/lib/zeitwerk/kernel.rb:35:in `require'[0m
            [36m# /home/ec2-user/.rvm/gems/ruby-3.1.2/gems/bootsnap-1.13.0/lib/bootsnap/load_path_cache/core_ext/kernel_require.rb:32:in `require'[0m
            [36m# /home/ec2-user/.rvm/gems/ruby-3.1.2/gems/bootsnap-1.13.0/lib/bootsnap/load_path_cache/core_ext/kernel_require.rb:32:in `require'[0m
            [36m# /home/ec2-user/.rvm/gems/ruby-3.1.2/gems/zeitwerk-2.6.1/lib/zeitwerk/kernel.rb:35:in `require'[0m

  13) 投稿のテスト 一覧画面のテスト 投稿処理に関するテスト 投稿後のリダイレクト先は正しいか
      [31mFailure/Error: raise error[0m
      [31m[0m
      [31mLoadError:[0m
      [31m  cannot load such file -- net/smtp[0m
      [36m# /home/ec2-user/.rvm/gems/ruby-3.1.2/gems/bootsnap-1.13.0/lib/bootsnap/load_path_cache/core_ext/kernel_require.rb:29:in `require'[0m
      [36m# /home/ec2-user/.rvm/gems/ruby-3.1.2/gems/zeitwerk-2.6.1/lib/zeitwerk/kernel.rb:35:in `require'[0m
      [36m# /home/ec2-user/.rvm/gems/ruby-3.1.2/gems/mail-2.7.1/lib/mail.rb:9:in `<module:Mail>'[0m
      [36m# /home/ec2-user/.rvm/gems/ruby-3.1.2/gems/mail-2.7.1/lib/mail.rb:3:in `<main>'[0m
      [36m# /home/ec2-user/.rvm/gems/ruby-3.1.2/gems/bootsnap-1.13.0/lib/bootsnap/load_path_cache/core_ext/kernel_require.rb:32:in `require'[0m
      [36m# /home/ec2-user/.rvm/gems/ruby-3.1.2/gems/bootsnap-1.13.0/lib/bootsnap/load_path_cache/core_ext/kernel_require.rb:32:in `require'[0m
      [36m# /home/ec2-user/.rvm/gems/ruby-3.1.2/gems/zeitwerk-2.6.1/lib/zeitwerk/kernel.rb:35:in `require'[0m
      [36m# /home/ec2-user/.rvm/gems/ruby-3.1.2/gems/bootsnap-1.13.0/lib/bootsnap/load_path_cache/core_ext/kernel_require.rb:32:in `require'[0m
      [36m# /home/ec2-user/.rvm/gems/ruby-3.1.2/gems/bootsnap-1.13.0/lib/bootsnap/load_path_cache/core_ext/kernel_require.rb:32:in `require'[0m
      [36m# /home/ec2-user/.rvm/gems/ruby-3.1.2/gems/zeitwerk-2.6.1/lib/zeitwerk/kernel.rb:35:in `require'[0m
      [36m# /home/ec2-user/.rvm/gems/ruby-3.1.2/gems/bootsnap-1.13.0/lib/bootsnap/load_path_cache/core_ext/kernel_require.rb:32:in `require'[0m
      [36m# /home/ec2-user/.rvm/gems/ruby-3.1.2/gems/bootsnap-1.13.0/lib/bootsnap/load_path_cache/core_ext/kernel_require.rb:32:in `require'[0m
      [36m# /home/ec2-user/.rvm/gems/ruby-3.1.2/gems/zeitwerk-2.6.1/lib/zeitwerk/kernel.rb:35:in `require'[0m

  14) 投稿のテスト 一覧画面のテスト book削除のテスト application.html.erbにjavascript_pack_tagを含んでいるか
      [31mFailure/Error: raise error[0m
      [31m[0m
      [31mLoadError:[0m
      [31m  cannot load such file -- net/smtp[0m
      [36m# /home/ec2-user/.rvm/gems/ruby-3.1.2/gems/bootsnap-1.13.0/lib/bootsnap/load_path_cache/core_ext/kernel_require.rb:29:in `require'[0m
      [36m# /home/ec2-user/.rvm/gems/ruby-3.1.2/gems/zeitwerk-2.6.1/lib/zeitwerk/kernel.rb:35:in `require'[0m
      [36m# /home/ec2-user/.rvm/gems/ruby-3.1.2/gems/mail-2.7.1/lib/mail.rb:9:in `<module:Mail>'[0m
      [36m# /home/ec2-user/.rvm/gems/ruby-3.1.2/gems/mail-2.7.1/lib/mail.rb:3:in `<main>'[0m
      [36m# /home/ec2-user/.rvm/gems/ruby-3.1.2/gems/bootsnap-1.13.0/lib/bootsnap/load_path_cache/core_ext/kernel_require.rb:32:in `require'[0m
      [36m# /home/ec2-user/.rvm/gems/ruby-3.1.2/gems/bootsnap-1.13.0/lib/bootsnap/load_path_cache/core_ext/kernel_require.rb:32:in `require'[0m
      [36m# /home/ec2-user/.rvm/gems/ruby-3.1.2/gems/zeitwerk-2.6.1/lib/zeitwerk/kernel.rb:35:in `require'[0m
      [36m# /home/ec2-user/.rvm/gems/ruby-3.1.2/gems/bootsnap-1.13.0/lib/bootsnap/load_path_cache/core_ext/kernel_require.rb:32:in `require'[0m
      [36m# /home/ec2-user/.rvm/gems/ruby-3.1.2/gems/bootsnap-1.13.0/lib/bootsnap/load_path_cache/core_ext/kernel_require.rb:32:in `require'[0m
      [36m# /home/ec2-user/.rvm/gems/ruby-3.1.2/gems/zeitwerk-2.6.1/lib/zeitwerk/kernel.rb:35:in `require'[0m
      [36m# /home/ec2-user/.rvm/gems/ruby-3.1.2/gems/bootsnap-1.13.0/lib/bootsnap/load_path_cache/core_ext/kernel_require.rb:32:in `require'[0m
      [36m# /home/ec2-user/.rvm/gems/ruby-3.1.2/gems/bootsnap-1.13.0/lib/bootsnap/load_path_cache/core_ext/kernel_require.rb:32:in `require'[0m
      [36m# /home/ec2-user/.rvm/gems/ruby-3.1.2/gems/zeitwerk-2.6.1/lib/zeitwerk/kernel.rb:35:in `require'[0m

  15) 投稿のテスト 一覧画面のテスト book削除のテスト bookの削除
      [31mGot 0 failures and 2 other errors:[0m

      15.1) [31mFailure/Error: click_link 'Destroy', match: :first[0m
            [31m[0m
            [31mCapybara::ElementNotFound:[0m
            [31m  Unable to find link "Destroy"[0m
            [36m# /home/ec2-user/.rvm/gems/ruby-3.1.2/gems/capybara-3.37.1/lib/capybara/node/finders.rb:310:in `block in synced_resolve'[0m
            [36m# /home/ec2-user/.rvm/gems/ruby-3.1.2/gems/capybara-3.37.1/lib/capybara/node/base.rb:83:in `synchronize'[0m
            [36m# /home/ec2-user/.rvm/gems/ruby-3.1.2/gems/capybara-3.37.1/lib/capybara/node/finders.rb:299:in `synced_resolve'[0m
            [36m# /home/ec2-user/.rvm/gems/ruby-3.1.2/gems/capybara-3.37.1/lib/capybara/node/finders.rb:60:in `find'[0m
            [36m# /home/ec2-user/.rvm/gems/ruby-3.1.2/gems/capybara-3.37.1/lib/capybara/node/actions.rb:42:in `click_link'[0m
            [36m# /home/ec2-user/.rvm/gems/ruby-3.1.2/gems/capybara-3.37.1/lib/capybara/session.rb:771:in `click_link'[0m
            [36m# /home/ec2-user/.rvm/gems/ruby-3.1.2/gems/capybara-3.37.1/lib/capybara/dsl.rb:52:in `call'[0m
            [36m# /home/ec2-user/.rvm/gems/ruby-3.1.2/gems/capybara-3.37.1/lib/capybara/dsl.rb:52:in `click_link'[0m
            [36m# ./spec/system/books_spec.rb:88:in `block (4 levels) in <main>'[0m

      15.2) [31mFailure/Error: raise error[0m
            [31m[0m
            [31mLoadError:[0m
            [31m  cannot load such file -- net/smtp[0m
            [36m# /home/ec2-user/.rvm/gems/ruby-3.1.2/gems/bootsnap-1.13.0/lib/bootsnap/load_path_cache/core_ext/kernel_require.rb:29:in `require'[0m
            [36m# /home/ec2-user/.rvm/gems/ruby-3.1.2/gems/zeitwerk-2.6.1/lib/zeitwerk/kernel.rb:35:in `require'[0m
            [36m# /home/ec2-user/.rvm/gems/ruby-3.1.2/gems/mail-2.7.1/lib/mail.rb:9:in `<module:Mail>'[0m
            [36m# /home/ec2-user/.rvm/gems/ruby-3.1.2/gems/mail-2.7.1/lib/mail.rb:3:in `<main>'[0m
            [36m# /home/ec2-user/.rvm/gems/ruby-3.1.2/gems/bootsnap-1.13.0/lib/bootsnap/load_path_cache/core_ext/kernel_require.rb:32:in `require'[0m
            [36m# /home/ec2-user/.rvm/gems/ruby-3.1.2/gems/bootsnap-1.13.0/lib/bootsnap/load_path_cache/core_ext/kernel_require.rb:32:in `require'[0m
            [36m# /home/ec2-user/.rvm/gems/ruby-3.1.2/gems/zeitwerk-2.6.1/lib/zeitwerk/kernel.rb:35:in `require'[0m
            [36m# /home/ec2-user/.rvm/gems/ruby-3.1.2/gems/bootsnap-1.13.0/lib/bootsnap/load_path_cache/core_ext/kernel_require.rb:32:in `require'[0m
            [36m# /home/ec2-user/.rvm/gems/ruby-3.1.2/gems/bootsnap-1.13.0/lib/bootsnap/load_path_cache/core_ext/kernel_require.rb:32:in `require'[0m
            [36m# /home/ec2-user/.rvm/gems/ruby-3.1.2/gems/zeitwerk-2.6.1/lib/zeitwerk/kernel.rb:35:in `require'[0m
            [36m# /home/ec2-user/.rvm/gems/ruby-3.1.2/gems/bootsnap-1.13.0/lib/bootsnap/load_path_cache/core_ext/kernel_require.rb:32:in `require'[0m
            [36m# /home/ec2-user/.rvm/gems/ruby-3.1.2/gems/bootsnap-1.13.0/lib/bootsnap/load_path_cache/core_ext/kernel_require.rb:32:in `require'[0m
            [36m# /home/ec2-user/.rvm/gems/ruby-3.1.2/gems/zeitwerk-2.6.1/lib/zeitwerk/kernel.rb:35:in `require'[0m

  16) 投稿のテスト 詳細画面のテスト 表示の確認 本のタイトルと感想が画面に表示されていること
      [31mFailure/Error: raise error[0m
      [31m[0m
      [31mLoadError:[0m
      [31m  cannot load such file -- net/smtp[0m
      [36m# /home/ec2-user/.rvm/gems/ruby-3.1.2/gems/bootsnap-1.13.0/lib/bootsnap/load_path_cache/core_ext/kernel_require.rb:29:in `require'[0m
      [36m# /home/ec2-user/.rvm/gems/ruby-3.1.2/gems/zeitwerk-2.6.1/lib/zeitwerk/kernel.rb:35:in `require'[0m
      [36m# /home/ec2-user/.rvm/gems/ruby-3.1.2/gems/mail-2.7.1/lib/mail.rb:9:in `<module:Mail>'[0m
      [36m# /home/ec2-user/.rvm/gems/ruby-3.1.2/gems/mail-2.7.1/lib/mail.rb:3:in `<main>'[0m
      [36m# /home/ec2-user/.rvm/gems/ruby-3.1.2/gems/bootsnap-1.13.0/lib/bootsnap/load_path_cache/core_ext/kernel_require.rb:32:in `require'[0m
      [36m# /home/ec2-user/.rvm/gems/ruby-3.1.2/gems/bootsnap-1.13.0/lib/bootsnap/load_path_cache/core_ext/kernel_require.rb:32:in `require'[0m
      [36m# /home/ec2-user/.rvm/gems/ruby-3.1.2/gems/zeitwerk-2.6.1/lib/zeitwerk/kernel.rb:35:in `require'[0m
      [36m# /home/ec2-user/.rvm/gems/ruby-3.1.2/gems/bootsnap-1.13.0/lib/bootsnap/load_path_cache/core_ext/kernel_require.rb:32:in `require'[0m
      [36m# /home/ec2-user/.rvm/gems/ruby-3.1.2/gems/bootsnap-1.13.0/lib/bootsnap/load_path_cache/core_ext/kernel_require.rb:32:in `require'[0m
      [36m# /home/ec2-user/.rvm/gems/ruby-3.1.2/gems/zeitwerk-2.6.1/lib/zeitwerk/kernel.rb:35:in `require'[0m
      [36m# /home/ec2-user/.rvm/gems/ruby-3.1.2/gems/bootsnap-1.13.0/lib/bootsnap/load_path_cache/core_ext/kernel_require.rb:32:in `require'[0m
      [36m# /home/ec2-user/.rvm/gems/ruby-3.1.2/gems/bootsnap-1.13.0/lib/bootsnap/load_path_cache/core_ext/kernel_require.rb:32:in `require'[0m
      [36m# /home/ec2-user/.rvm/gems/ruby-3.1.2/gems/zeitwerk-2.6.1/lib/zeitwerk/kernel.rb:35:in `require'[0m

  17) 投稿のテスト 詳細画面のテスト 表示の確認 Editリンクが表示される
      [31mFailure/Error: raise error[0m
      [31m[0m
      [31mLoadError:[0m
      [31m  cannot load such file -- net/smtp[0m
      [36m# /home/ec2-user/.rvm/gems/ruby-3.1.2/gems/bootsnap-1.13.0/lib/bootsnap/load_path_cache/core_ext/kernel_require.rb:29:in `require'[0m
      [36m# /home/ec2-user/.rvm/gems/ruby-3.1.2/gems/zeitwerk-2.6.1/lib/zeitwerk/kernel.rb:35:in `require'[0m
      [36m# /home/ec2-user/.rvm/gems/ruby-3.1.2/gems/mail-2.7.1/lib/mail.rb:9:in `<module:Mail>'[0m
      [36m# /home/ec2-user/.rvm/gems/ruby-3.1.2/gems/mail-2.7.1/lib/mail.rb:3:in `<main>'[0m
      [36m# /home/ec2-user/.rvm/gems/ruby-3.1.2/gems/bootsnap-1.13.0/lib/bootsnap/load_path_cache/core_ext/kernel_require.rb:32:in `require'[0m
      [36m# /home/ec2-user/.rvm/gems/ruby-3.1.2/gems/bootsnap-1.13.0/lib/bootsnap/load_path_cache/core_ext/kernel_require.rb:32:in `require'[0m
      [36m# /home/ec2-user/.rvm/gems/ruby-3.1.2/gems/zeitwerk-2.6.1/lib/zeitwerk/kernel.rb:35:in `require'[0m
      [36m# /home/ec2-user/.rvm/gems/ruby-3.1.2/gems/bootsnap-1.13.0/lib/bootsnap/load_path_cache/core_ext/kernel_require.rb:32:in `require'[0m
      [36m# /home/ec2-user/.rvm/gems/ruby-3.1.2/gems/bootsnap-1.13.0/lib/bootsnap/load_path_cache/core_ext/kernel_require.rb:32:in `require'[0m
      [36m# /home/ec2-user/.rvm/gems/ruby-3.1.2/gems/zeitwerk-2.6.1/lib/zeitwerk/kernel.rb:35:in `require'[0m
      [36m# /home/ec2-user/.rvm/gems/ruby-3.1.2/gems/bootsnap-1.13.0/lib/bootsnap/load_path_cache/core_ext/kernel_require.rb:32:in `require'[0m
      [36m# /home/ec2-user/.rvm/gems/ruby-3.1.2/gems/bootsnap-1.13.0/lib/bootsnap/load_path_cache/core_ext/kernel_require.rb:32:in `require'[0m
      [36m# /home/ec2-user/.rvm/gems/ruby-3.1.2/gems/zeitwerk-2.6.1/lib/zeitwerk/kernel.rb:35:in `require'[0m

  18) 投稿のテスト 詳細画面のテスト 表示の確認 Backリンクが表示される
      [31mFailure/Error: raise error[0m
      [31m[0m
      [31mLoadError:[0m
      [31m  cannot load such file -- net/smtp[0m
      [36m# /home/ec2-user/.rvm/gems/ruby-3.1.2/gems/bootsnap-1.13.0/lib/bootsnap/load_path_cache/core_ext/kernel_require.rb:29:in `require'[0m
      [36m# /home/ec2-user/.rvm/gems/ruby-3.1.2/gems/zeitwerk-2.6.1/lib/zeitwerk/kernel.rb:35:in `require'[0m
      [36m# /home/ec2-user/.rvm/gems/ruby-3.1.2/gems/mail-2.7.1/lib/mail.rb:9:in `<module:Mail>'[0m
      [36m# /home/ec2-user/.rvm/gems/ruby-3.1.2/gems/mail-2.7.1/lib/mail.rb:3:in `<main>'[0m
      [36m# /home/ec2-user/.rvm/gems/ruby-3.1.2/gems/bootsnap-1.13.0/lib/bootsnap/load_path_cache/core_ext/kernel_require.rb:32:in `require'[0m
      [36m# /home/ec2-user/.rvm/gems/ruby-3.1.2/gems/bootsnap-1.13.0/lib/bootsnap/load_path_cache/core_ext/kernel_require.rb:32:in `require'[0m
      [36m# /home/ec2-user/.rvm/gems/ruby-3.1.2/gems/zeitwerk-2.6.1/lib/zeitwerk/kernel.rb:35:in `require'[0m
      [36m# /home/ec2-user/.rvm/gems/ruby-3.1.2/gems/bootsnap-1.13.0/lib/bootsnap/load_path_cache/core_ext/kernel_require.rb:32:in `require'[0m
      [36m# /home/ec2-user/.rvm/gems/ruby-3.1.2/gems/bootsnap-1.13.0/lib/bootsnap/load_path_cache/core_ext/kernel_require.rb:32:in `require'[0m
      [36m# /home/ec2-user/.rvm/gems/ruby-3.1.2/gems/zeitwerk-2.6.1/lib/zeitwerk/kernel.rb:35:in `require'[0m
      [36m# /home/ec2-user/.rvm/gems/ruby-3.1.2/gems/bootsnap-1.13.0/lib/bootsnap/load_path_cache/core_ext/kernel_require.rb:32:in `require'[0m
      [36m# /home/ec2-user/.rvm/gems/ruby-3.1.2/gems/bootsnap-1.13.0/lib/bootsnap/load_path_cache/core_ext/kernel_require.rb:32:in `require'[0m
      [36m# /home/ec2-user/.rvm/gems/ruby-3.1.2/gems/zeitwerk-2.6.1/lib/zeitwerk/kernel.rb:35:in `require'[0m

  19) 投稿のテスト 詳細画面のテスト リンクの遷移先の確認 Editの遷移先は編集画面か
      [31mFailure/Error: raise error[0m
      [31m[0m
      [31mLoadError:[0m
      [31m  cannot load such file -- net/smtp[0m
      [36m# /home/ec2-user/.rvm/gems/ruby-3.1.2/gems/bootsnap-1.13.0/lib/bootsnap/load_path_cache/core_ext/kernel_require.rb:29:in `require'[0m
      [36m# /home/ec2-user/.rvm/gems/ruby-3.1.2/gems/zeitwerk-2.6.1/lib/zeitwerk/kernel.rb:35:in `require'[0m
      [36m# /home/ec2-user/.rvm/gems/ruby-3.1.2/gems/mail-2.7.1/lib/mail.rb:9:in `<module:Mail>'[0m
      [36m# /home/ec2-user/.rvm/gems/ruby-3.1.2/gems/mail-2.7.1/lib/mail.rb:3:in `<main>'[0m
      [36m# /home/ec2-user/.rvm/gems/ruby-3.1.2/gems/bootsnap-1.13.0/lib/bootsnap/load_path_cache/core_ext/kernel_require.rb:32:in `require'[0m
      [36m# /home/ec2-user/.rvm/gems/ruby-3.1.2/gems/bootsnap-1.13.0/lib/bootsnap/load_path_cache/core_ext/kernel_require.rb:32:in `require'[0m
      [36m# /home/ec2-user/.rvm/gems/ruby-3.1.2/gems/zeitwerk-2.6.1/lib/zeitwerk/kernel.rb:35:in `require'[0m
      [36m# /home/ec2-user/.rvm/gems/ruby-3.1.2/gems/bootsnap-1.13.0/lib/bootsnap/load_path_cache/core_ext/kernel_require.rb:32:in `require'[0m
      [36m# /home/ec2-user/.rvm/gems/ruby-3.1.2/gems/bootsnap-1.13.0/lib/bootsnap/load_path_cache/core_ext/kernel_require.rb:32:in `require'[0m
      [36m# /home/ec2-user/.rvm/gems/ruby-3.1.2/gems/zeitwerk-2.6.1/lib/zeitwerk/kernel.rb:35:in `require'[0m
      [36m# /home/ec2-user/.rvm/gems/ruby-3.1.2/gems/bootsnap-1.13.0/lib/bootsnap/load_path_cache/core_ext/kernel_require.rb:32:in `require'[0m
      [36m# /home/ec2-user/.rvm/gems/ruby-3.1.2/gems/bootsnap-1.13.0/lib/bootsnap/load_path_cache/core_ext/kernel_require.rb:32:in `require'[0m
      [36m# /home/ec2-user/.rvm/gems/ruby-3.1.2/gems/zeitwerk-2.6.1/lib/zeitwerk/kernel.rb:35:in `require'[0m

  20) 投稿のテスト 詳細画面のテスト リンクの遷移先の確認 Backの遷移先は一覧画面か
      [31mFailure/Error: raise error[0m
      [31m[0m
      [31mLoadError:[0m
      [31m  cannot load such file -- net/smtp[0m
      [36m# /home/ec2-user/.rvm/gems/ruby-3.1.2/gems/bootsnap-1.13.0/lib/bootsnap/load_path_cache/core_ext/kernel_require.rb:29:in `require'[0m
      [36m# /home/ec2-user/.rvm/gems/ruby-3.1.2/gems/zeitwerk-2.6.1/lib/zeitwerk/kernel.rb:35:in `require'[0m
      [36m# /home/ec2-user/.rvm/gems/ruby-3.1.2/gems/mail-2.7.1/lib/mail.rb:9:in `<module:Mail>'[0m
      [36m# /home/ec2-user/.rvm/gems/ruby-3.1.2/gems/mail-2.7.1/lib/mail.rb:3:in `<main>'[0m
      [36m# /home/ec2-user/.rvm/gems/ruby-3.1.2/gems/bootsnap-1.13.0/lib/bootsnap/load_path_cache/core_ext/kernel_require.rb:32:in `require'[0m
      [36m# /home/ec2-user/.rvm/gems/ruby-3.1.2/gems/bootsnap-1.13.0/lib/bootsnap/load_path_cache/core_ext/kernel_require.rb:32:in `require'[0m
      [36m# /home/ec2-user/.rvm/gems/ruby-3.1.2/gems/zeitwerk-2.6.1/lib/zeitwerk/kernel.rb:35:in `require'[0m
      [36m# /home/ec2-user/.rvm/gems/ruby-3.1.2/gems/bootsnap-1.13.0/lib/bootsnap/load_path_cache/core_ext/kernel_require.rb:32:in `require'[0m
      [36m# /home/ec2-user/.rvm/gems/ruby-3.1.2/gems/bootsnap-1.13.0/lib/bootsnap/load_path_cache/core_ext/kernel_require.rb:32:in `require'[0m
      [36m# /home/ec2-user/.rvm/gems/ruby-3.1.2/gems/zeitwerk-2.6.1/lib/zeitwerk/kernel.rb:35:in `require'[0m
      [36m# /home/ec2-user/.rvm/gems/ruby-3.1.2/gems/bootsnap-1.13.0/lib/bootsnap/load_path_cache/core_ext/kernel_require.rb:32:in `require'[0m
      [36m# /home/ec2-user/.rvm/gems/ruby-3.1.2/gems/bootsnap-1.13.0/lib/bootsnap/load_path_cache/core_ext/kernel_require.rb:32:in `require'[0m
      [36m# /home/ec2-user/.rvm/gems/ruby-3.1.2/gems/zeitwerk-2.6.1/lib/zeitwerk/kernel.rb:35:in `require'[0m

  21) 投稿のテスト 編集画面のテスト 表示の確認 編集前のタイトルと感想がフォームに表示(セット)されている
      [31mFailure/Error: raise error[0m
      [31m[0m
      [31mLoadError:[0m
      [31m  cannot load such file -- net/smtp[0m
      [36m# /home/ec2-user/.rvm/gems/ruby-3.1.2/gems/bootsnap-1.13.0/lib/bootsnap/load_path_cache/core_ext/kernel_require.rb:29:in `require'[0m
      [36m# /home/ec2-user/.rvm/gems/ruby-3.1.2/gems/zeitwerk-2.6.1/lib/zeitwerk/kernel.rb:35:in `require'[0m
      [36m# /home/ec2-user/.rvm/gems/ruby-3.1.2/gems/mail-2.7.1/lib/mail.rb:9:in `<module:Mail>'[0m
      [36m# /home/ec2-user/.rvm/gems/ruby-3.1.2/gems/mail-2.7.1/lib/mail.rb:3:in `<main>'[0m
      [36m# /home/ec2-user/.rvm/gems/ruby-3.1.2/gems/bootsnap-1.13.0/lib/bootsnap/load_path_cache/core_ext/kernel_require.rb:32:in `require'[0m
      [36m# /home/ec2-user/.rvm/gems/ruby-3.1.2/gems/bootsnap-1.13.0/lib/bootsnap/load_path_cache/core_ext/kernel_require.rb:32:in `require'[0m
      [36m# /home/ec2-user/.rvm/gems/ruby-3.1.2/gems/zeitwerk-2.6.1/lib/zeitwerk/kernel.rb:35:in `require'[0m
      [36m# /home/ec2-user/.rvm/gems/ruby-3.1.2/gems/bootsnap-1.13.0/lib/bootsnap/load_path_cache/core_ext/kernel_require.rb:32:in `require'[0m
      [36m# /home/ec2-user/.rvm/gems/ruby-3.1.2/gems/bootsnap-1.13.0/lib/bootsnap/load_path_cache/core_ext/kernel_require.rb:32:in `require'[0m
      [36m# /home/ec2-user/.rvm/gems/ruby-3.1.2/gems/zeitwerk-2.6.1/lib/zeitwerk/kernel.rb:35:in `require'[0m
      [36m# /home/ec2-user/.rvm/gems/ruby-3.1.2/gems/bootsnap-1.13.0/lib/bootsnap/load_path_cache/core_ext/kernel_require.rb:32:in `require'[0m
      [36m# /home/ec2-user/.rvm/gems/ruby-3.1.2/gems/bootsnap-1.13.0/lib/bootsnap/load_path_cache/core_ext/kernel_require.rb:32:in `require'[0m
      [36m# /home/ec2-user/.rvm/gems/ruby-3.1.2/gems/zeitwerk-2.6.1/lib/zeitwerk/kernel.rb:35:in `require'[0m

  22) 投稿のテスト 編集画面のテスト 表示の確認 Update Bookボタンが表示される
      [31mFailure/Error: raise error[0m
      [31m[0m
      [31mLoadError:[0m
      [31m  cannot load such file -- net/smtp[0m
      [36m# /home/ec2-user/.rvm/gems/ruby-3.1.2/gems/bootsnap-1.13.0/lib/bootsnap/load_path_cache/core_ext/kernel_require.rb:29:in `require'[0m
      [36m# /home/ec2-user/.rvm/gems/ruby-3.1.2/gems/zeitwerk-2.6.1/lib/zeitwerk/kernel.rb:35:in `require'[0m
      [36m# /home/ec2-user/.rvm/gems/ruby-3.1.2/gems/mail-2.7.1/lib/mail.rb:9:in `<module:Mail>'[0m
      [36m# /home/ec2-user/.rvm/gems/ruby-3.1.2/gems/mail-2.7.1/lib/mail.rb:3:in `<main>'[0m
      [36m# /home/ec2-user/.rvm/gems/ruby-3.1.2/gems/bootsnap-1.13.0/lib/bootsnap/load_path_cache/core_ext/kernel_require.rb:32:in `require'[0m
      [36m# /home/ec2-user/.rvm/gems/ruby-3.1.2/gems/bootsnap-1.13.0/lib/bootsnap/load_path_cache/core_ext/kernel_require.rb:32:in `require'[0m
      [36m# /home/ec2-user/.rvm/gems/ruby-3.1.2/gems/zeitwerk-2.6.1/lib/zeitwerk/kernel.rb:35:in `require'[0m
      [36m# /home/ec2-user/.rvm/gems/ruby-3.1.2/gems/bootsnap-1.13.0/lib/bootsnap/load_path_cache/core_ext/kernel_require.rb:32:in `require'[0m
      [36m# /home/ec2-user/.rvm/gems/ruby-3.1.2/gems/bootsnap-1.13.0/lib/bootsnap/load_path_cache/core_ext/kernel_require.rb:32:in `require'[0m
      [36m# /home/ec2-user/.rvm/gems/ruby-3.1.2/gems/zeitwerk-2.6.1/lib/zeitwerk/kernel.rb:35:in `require'[0m
      [36m# /home/ec2-user/.rvm/gems/ruby-3.1.2/gems/bootsnap-1.13.0/lib/bootsnap/load_path_cache/core_ext/kernel_require.rb:32:in `require'[0m
      [36m# /home/ec2-user/.rvm/gems/ruby-3.1.2/gems/bootsnap-1.13.0/lib/bootsnap/load_path_cache/core_ext/kernel_require.rb:32:in `require'[0m
      [36m# /home/ec2-user/.rvm/gems/ruby-3.1.2/gems/zeitwerk-2.6.1/lib/zeitwerk/kernel.rb:35:in `require'[0m

  23) 投稿のテスト 編集画面のテスト 表示の確認 Showリンクが表示される
      [31mFailure/Error: raise error[0m
      [31m[0m
      [31mLoadError:[0m
      [31m  cannot load such file -- net/smtp[0m
      [36m# /home/ec2-user/.rvm/gems/ruby-3.1.2/gems/bootsnap-1.13.0/lib/bootsnap/load_path_cache/core_ext/kernel_require.rb:29:in `require'[0m
      [36m# /home/ec2-user/.rvm/gems/ruby-3.1.2/gems/zeitwerk-2.6.1/lib/zeitwerk/kernel.rb:35:in `require'[0m
      [36m# /home/ec2-user/.rvm/gems/ruby-3.1.2/gems/mail-2.7.1/lib/mail.rb:9:in `<module:Mail>'[0m
      [36m# /home/ec2-user/.rvm/gems/ruby-3.1.2/gems/mail-2.7.1/lib/mail.rb:3:in `<main>'[0m
      [36m# /home/ec2-user/.rvm/gems/ruby-3.1.2/gems/bootsnap-1.13.0/lib/bootsnap/load_path_cache/core_ext/kernel_require.rb:32:in `require'[0m
      [36m# /home/ec2-user/.rvm/gems/ruby-3.1.2/gems/bootsnap-1.13.0/lib/bootsnap/load_path_cache/core_ext/kernel_require.rb:32:in `require'[0m
      [36m# /home/ec2-user/.rvm/gems/ruby-3.1.2/gems/zeitwerk-2.6.1/lib/zeitwerk/kernel.rb:35:in `require'[0m
      [36m# /home/ec2-user/.rvm/gems/ruby-3.1.2/gems/bootsnap-1.13.0/lib/bootsnap/load_path_cache/core_ext/kernel_require.rb:32:in `require'[0m
      [36m# /home/ec2-user/.rvm/gems/ruby-3.1.2/gems/bootsnap-1.13.0/lib/bootsnap/load_path_cache/core_ext/kernel_require.rb:32:in `require'[0m
      [36m# /home/ec2-user/.rvm/gems/ruby-3.1.2/gems/zeitwerk-2.6.1/lib/zeitwerk/kernel.rb:35:in `require'[0m
      [36m# /home/ec2-user/.rvm/gems/ruby-3.1.2/gems/bootsnap-1.13.0/lib/bootsnap/load_path_cache/core_ext/kernel_require.rb:32:in `require'[0m
      [36m# /home/ec2-user/.rvm/gems/ruby-3.1.2/gems/bootsnap-1.13.0/lib/bootsnap/load_path_cache/core_ext/kernel_require.rb:32:in `require'[0m
      [36m# /home/ec2-user/.rvm/gems/ruby-3.1.2/gems/zeitwerk-2.6.1/lib/zeitwerk/kernel.rb:35:in `require'[0m

  24) 投稿のテスト 編集画面のテスト 表示の確認 Backリンクが表示される
      [31mFailure/Error: raise error[0m
      [31m[0m
      [31mLoadError:[0m
      [31m  cannot load such file -- net/smtp[0m
      [36m# /home/ec2-user/.rvm/gems/ruby-3.1.2/gems/bootsnap-1.13.0/lib/bootsnap/load_path_cache/core_ext/kernel_require.rb:29:in `require'[0m
      [36m# /home/ec2-user/.rvm/gems/ruby-3.1.2/gems/zeitwerk-2.6.1/lib/zeitwerk/kernel.rb:35:in `require'[0m
      [36m# /home/ec2-user/.rvm/gems/ruby-3.1.2/gems/mail-2.7.1/lib/mail.rb:9:in `<module:Mail>'[0m
      [36m# /home/ec2-user/.rvm/gems/ruby-3.1.2/gems/mail-2.7.1/lib/mail.rb:3:in `<main>'[0m
      [36m# /home/ec2-user/.rvm/gems/ruby-3.1.2/gems/bootsnap-1.13.0/lib/bootsnap/load_path_cache/core_ext/kernel_require.rb:32:in `require'[0m
      [36m# /home/ec2-user/.rvm/gems/ruby-3.1.2/gems/bootsnap-1.13.0/lib/bootsnap/load_path_cache/core_ext/kernel_require.rb:32:in `require'[0m
      [36m# /home/ec2-user/.rvm/gems/ruby-3.1.2/gems/zeitwerk-2.6.1/lib/zeitwerk/kernel.rb:35:in `require'[0m
      [36m# /home/ec2-user/.rvm/gems/ruby-3.1.2/gems/bootsnap-1.13.0/lib/bootsnap/load_path_cache/core_ext/kernel_require.rb:32:in `require'[0m
      [36m# /home/ec2-user/.rvm/gems/ruby-3.1.2/gems/bootsnap-1.13.0/lib/bootsnap/load_path_cache/core_ext/kernel_require.rb:32:in `require'[0m
      [36m# /home/ec2-user/.rvm/gems/ruby-3.1.2/gems/zeitwerk-2.6.1/lib/zeitwerk/kernel.rb:35:in `require'[0m
      [36m# /home/ec2-user/.rvm/gems/ruby-3.1.2/gems/bootsnap-1.13.0/lib/bootsnap/load_path_cache/core_ext/kernel_require.rb:32:in `require'[0m
      [36m# /home/ec2-user/.rvm/gems/ruby-3.1.2/gems/bootsnap-1.13.0/lib/bootsnap/load_path_cache/core_ext/kernel_require.rb:32:in `require'[0m
      [36m# /home/ec2-user/.rvm/gems/ruby-3.1.2/gems/zeitwerk-2.6.1/lib/zeitwerk/kernel.rb:35:in `require'[0m

  25) 投稿のテスト 編集画面のテスト リンクの遷移先の確認 Showの遷移先は詳細画面か
      [31mFailure/Error: raise error[0m
      [31m[0m
      [31mLoadError:[0m
      [31m  cannot load such file -- net/smtp[0m
      [36m# /home/ec2-user/.rvm/gems/ruby-3.1.2/gems/bootsnap-1.13.0/lib/bootsnap/load_path_cache/core_ext/kernel_require.rb:29:in `require'[0m
      [36m# /home/ec2-user/.rvm/gems/ruby-3.1.2/gems/zeitwerk-2.6.1/lib/zeitwerk/kernel.rb:35:in `require'[0m
      [36m# /home/ec2-user/.rvm/gems/ruby-3.1.2/gems/mail-2.7.1/lib/mail.rb:9:in `<module:Mail>'[0m
      [36m# /home/ec2-user/.rvm/gems/ruby-3.1.2/gems/mail-2.7.1/lib/mail.rb:3:in `<main>'[0m
      [36m# /home/ec2-user/.rvm/gems/ruby-3.1.2/gems/bootsnap-1.13.0/lib/bootsnap/load_path_cache/core_ext/kernel_require.rb:32:in `require'[0m
      [36m# /home/ec2-user/.rvm/gems/ruby-3.1.2/gems/bootsnap-1.13.0/lib/bootsnap/load_path_cache/core_ext/kernel_require.rb:32:in `require'[0m
      [36m# /home/ec2-user/.rvm/gems/ruby-3.1.2/gems/zeitwerk-2.6.1/lib/zeitwerk/kernel.rb:35:in `require'[0m
      [36m# /home/ec2-user/.rvm/gems/ruby-3.1.2/gems/bootsnap-1.13.0/lib/bootsnap/load_path_cache/core_ext/kernel_require.rb:32:in `require'[0m
      [36m# /home/ec2-user/.rvm/gems/ruby-3.1.2/gems/bootsnap-1.13.0/lib/bootsnap/load_path_cache/core_ext/kernel_require.rb:32:in `require'[0m
      [36m# /home/ec2-user/.rvm/gems/ruby-3.1.2/gems/zeitwerk-2.6.1/lib/zeitwerk/kernel.rb:35:in `require'[0m
      [36m# /home/ec2-user/.rvm/gems/ruby-3.1.2/gems/bootsnap-1.13.0/lib/bootsnap/load_path_cache/core_ext/kernel_require.rb:32:in `require'[0m
      [36m# /home/ec2-user/.rvm/gems/ruby-3.1.2/gems/bootsnap-1.13.0/lib/bootsnap/load_path_cache/core_ext/kernel_require.rb:32:in `require'[0m
      [36m# /home/ec2-user/.rvm/gems/ruby-3.1.2/gems/zeitwerk-2.6.1/lib/zeitwerk/kernel.rb:35:in `require'[0m

  26) 投稿のテスト 編集画面のテスト リンクの遷移先の確認 Backの遷移先は一覧画面か
      [31mFailure/Error: raise error[0m
      [31m[0m
      [31mLoadError:[0m
      [31m  cannot load such file -- net/smtp[0m
      [36m# /home/ec2-user/.rvm/gems/ruby-3.1.2/gems/bootsnap-1.13.0/lib/bootsnap/load_path_cache/core_ext/kernel_require.rb:29:in `require'[0m
      [36m# /home/ec2-user/.rvm/gems/ruby-3.1.2/gems/zeitwerk-2.6.1/lib/zeitwerk/kernel.rb:35:in `require'[0m
      [36m# /home/ec2-user/.rvm/gems/ruby-3.1.2/gems/mail-2.7.1/lib/mail.rb:9:in `<module:Mail>'[0m
      [36m# /home/ec2-user/.rvm/gems/ruby-3.1.2/gems/mail-2.7.1/lib/mail.rb:3:in `<main>'[0m
      [36m# /home/ec2-user/.rvm/gems/ruby-3.1.2/gems/bootsnap-1.13.0/lib/bootsnap/load_path_cache/core_ext/kernel_require.rb:32:in `require'[0m
      [36m# /home/ec2-user/.rvm/gems/ruby-3.1.2/gems/bootsnap-1.13.0/lib/bootsnap/load_path_cache/core_ext/kernel_require.rb:32:in `require'[0m
      [36m# /home/ec2-user/.rvm/gems/ruby-3.1.2/gems/zeitwerk-2.6.1/lib/zeitwerk/kernel.rb:35:in `require'[0m
      [36m# /home/ec2-user/.rvm/gems/ruby-3.1.2/gems/bootsnap-1.13.0/lib/bootsnap/load_path_cache/core_ext/kernel_require.rb:32:in `require'[0m
      [36m# /home/ec2-user/.rvm/gems/ruby-3.1.2/gems/bootsnap-1.13.0/lib/bootsnap/load_path_cache/core_ext/kernel_require.rb:32:in `require'[0m
      [36m# /home/ec2-user/.rvm/gems/ruby-3.1.2/gems/zeitwerk-2.6.1/lib/zeitwerk/kernel.rb:35:in `require'[0m
      [36m# /home/ec2-user/.rvm/gems/ruby-3.1.2/gems/bootsnap-1.13.0/lib/bootsnap/load_path_cache/core_ext/kernel_require.rb:32:in `require'[0m
      [36m# /home/ec2-user/.rvm/gems/ruby-3.1.2/gems/bootsnap-1.13.0/lib/bootsnap/load_path_cache/core_ext/kernel_require.rb:32:in `require'[0m
      [36m# /home/ec2-user/.rvm/gems/ruby-3.1.2/gems/zeitwerk-2.6.1/lib/zeitwerk/kernel.rb:35:in `require'[0m

  27) 投稿のテスト 編集画面のテスト 更新処理に関するテスト 更新に成功しサクセスメッセージが表示されるか
      [31mFailure/Error: raise error[0m
      [31m[0m
      [31mLoadError:[0m
      [31m  cannot load such file -- net/smtp[0m
      [36m# /home/ec2-user/.rvm/gems/ruby-3.1.2/gems/bootsnap-1.13.0/lib/bootsnap/load_path_cache/core_ext/kernel_require.rb:29:in `require'[0m
      [36m# /home/ec2-user/.rvm/gems/ruby-3.1.2/gems/zeitwerk-2.6.1/lib/zeitwerk/kernel.rb:35:in `require'[0m
      [36m# /home/ec2-user/.rvm/gems/ruby-3.1.2/gems/mail-2.7.1/lib/mail.rb:9:in `<module:Mail>'[0m
      [36m# /home/ec2-user/.rvm/gems/ruby-3.1.2/gems/mail-2.7.1/lib/mail.rb:3:in `<main>'[0m
      [36m# /home/ec2-user/.rvm/gems/ruby-3.1.2/gems/bootsnap-1.13.0/lib/bootsnap/load_path_cache/core_ext/kernel_require.rb:32:in `require'[0m
      [36m# /home/ec2-user/.rvm/gems/ruby-3.1.2/gems/bootsnap-1.13.0/lib/bootsnap/load_path_cache/core_ext/kernel_require.rb:32:in `require'[0m
      [36m# /home/ec2-user/.rvm/gems/ruby-3.1.2/gems/zeitwerk-2.6.1/lib/zeitwerk/kernel.rb:35:in `require'[0m
      [36m# /home/ec2-user/.rvm/gems/ruby-3.1.2/gems/bootsnap-1.13.0/lib/bootsnap/load_path_cache/core_ext/kernel_require.rb:32:in `require'[0m
      [36m# /home/ec2-user/.rvm/gems/ruby-3.1.2/gems/bootsnap-1.13.0/lib/bootsnap/load_path_cache/core_ext/kernel_require.rb:32:in `require'[0m
      [36m# /home/ec2-user/.rvm/gems/ruby-3.1.2/gems/zeitwerk-2.6.1/lib/zeitwerk/kernel.rb:35:in `require'[0m
      [36m# /home/ec2-user/.rvm/gems/ruby-3.1.2/gems/bootsnap-1.13.0/lib/bootsnap/load_path_cache/core_ext/kernel_require.rb:32:in `require'[0m
      [36m# /home/ec2-user/.rvm/gems/ruby-3.1.2/gems/bootsnap-1.13.0/lib/bootsnap/load_path_cache/core_ext/kernel_require.rb:32:in `require'[0m
      [36m# /home/ec2-user/.rvm/gems/ruby-3.1.2/gems/zeitwerk-2.6.1/lib/zeitwerk/kernel.rb:35:in `require'[0m

  28) 投稿のテスト 編集画面のテスト 更新処理に関するテスト 更新に失敗しエラーメッセージが表示されるか
      [31mGot 1 failure and 1 other error:[0m

      28.1) [31mFailure/Error: expect(page).to have_content 'error'[0m
            [31m  expected to find text "error" in "Editing Book\n2件のエラーが発生しました\nTitle can't be blank Body can't be blank\n本のタイトル\n感想\nShow | Back"[0m
            [36m# ./spec/system/books_spec.rb:170:in `block (4 levels) in <main>'[0m

      28.2) [31mFailure/Error: raise error[0m
            [31m[0m
            [31mLoadError:[0m
            [31m  cannot load such file -- net/smtp[0m
            [36m# /home/ec2-user/.rvm/gems/ruby-3.1.2/gems/bootsnap-1.13.0/lib/bootsnap/load_path_cache/core_ext/kernel_require.rb:29:in `require'[0m
            [36m# /home/ec2-user/.rvm/gems/ruby-3.1.2/gems/zeitwerk-2.6.1/lib/zeitwerk/kernel.rb:35:in `require'[0m
            [36m# /home/ec2-user/.rvm/gems/ruby-3.1.2/gems/mail-2.7.1/lib/mail.rb:9:in `<module:Mail>'[0m
            [36m# /home/ec2-user/.rvm/gems/ruby-3.1.2/gems/mail-2.7.1/lib/mail.rb:3:in `<main>'[0m
            [36m# /home/ec2-user/.rvm/gems/ruby-3.1.2/gems/bootsnap-1.13.0/lib/bootsnap/load_path_cache/core_ext/kernel_require.rb:32:in `require'[0m
            [36m# /home/ec2-user/.rvm/gems/ruby-3.1.2/gems/bootsnap-1.13.0/lib/bootsnap/load_path_cache/core_ext/kernel_require.rb:32:in `require'[0m
            [36m# /home/ec2-user/.rvm/gems/ruby-3.1.2/gems/zeitwerk-2.6.1/lib/zeitwerk/kernel.rb:35:in `require'[0m
            [36m# /home/ec2-user/.rvm/gems/ruby-3.1.2/gems/bootsnap-1.13.0/lib/bootsnap/load_path_cache/core_ext/kernel_require.rb:32:in `require'[0m
            [36m# /home/ec2-user/.rvm/gems/ruby-3.1.2/gems/bootsnap-1.13.0/lib/bootsnap/load_path_cache/core_ext/kernel_require.rb:32:in `require'[0m
            [36m# /home/ec2-user/.rvm/gems/ruby-3.1.2/gems/zeitwerk-2.6.1/lib/zeitwerk/kernel.rb:35:in `require'[0m
            [36m# /home/ec2-user/.rvm/gems/ruby-3.1.2/gems/bootsnap-1.13.0/lib/bootsnap/load_path_cache/core_ext/kernel_require.rb:32:in `require'[0m
            [36m# /home/ec2-user/.rvm/gems/ruby-3.1.2/gems/bootsnap-1.13.0/lib/bootsnap/load_path_cache/core_ext/kernel_require.rb:32:in `require'[0m
            [36m# /home/ec2-user/.rvm/gems/ruby-3.1.2/gems/zeitwerk-2.6.1/lib/zeitwerk/kernel.rb:35:in `require'[0m

  29) 投稿のテスト 編集画面のテスト 更新処理に関するテスト 更新後のリダイレクト先は正しいか
      [31mFailure/Error: raise error[0m
      [31m[0m
      [31mLoadError:[0m
      [31m  cannot load such file -- net/smtp[0m
      [36m# /home/ec2-user/.rvm/gems/ruby-3.1.2/gems/bootsnap-1.13.0/lib/bootsnap/load_path_cache/core_ext/kernel_require.rb:29:in `require'[0m
      [36m# /home/ec2-user/.rvm/gems/ruby-3.1.2/gems/zeitwerk-2.6.1/lib/zeitwerk/kernel.rb:35:in `require'[0m
      [36m# /home/ec2-user/.rvm/gems/ruby-3.1.2/gems/mail-2.7.1/lib/mail.rb:9:in `<module:Mail>'[0m
      [36m# /home/ec2-user/.rvm/gems/ruby-3.1.2/gems/mail-2.7.1/lib/mail.rb:3:in `<main>'[0m
      [36m# /home/ec2-user/.rvm/gems/ruby-3.1.2/gems/bootsnap-1.13.0/lib/bootsnap/load_path_cache/core_ext/kernel_require.rb:32:in `require'[0m
      [36m# /home/ec2-user/.rvm/gems/ruby-3.1.2/gems/bootsnap-1.13.0/lib/bootsnap/load_path_cache/core_ext/kernel_require.rb:32:in `require'[0m
      [36m# /home/ec2-user/.rvm/gems/ruby-3.1.2/gems/zeitwerk-2.6.1/lib/zeitwerk/kernel.rb:35:in `require'[0m
      [36m# /home/ec2-user/.rvm/gems/ruby-3.1.2/gems/bootsnap-1.13.0/lib/bootsnap/load_path_cache/core_ext/kernel_require.rb:32:in `require'[0m
      [36m# /home/ec2-user/.rvm/gems/ruby-3.1.2/gems/bootsnap-1.13.0/lib/bootsnap/load_path_cache/core_ext/kernel_require.rb:32:in `require'[0m
      [36m# /home/ec2-user/.rvm/gems/ruby-3.1.2/gems/zeitwerk-2.6.1/lib/zeitwerk/kernel.rb:35:in `require'[0m
      [36m# /home/ec2-user/.rvm/gems/ruby-3.1.2/gems/bootsnap-1.13.0/lib/bootsnap/load_path_cache/core_ext/kernel_require.rb:32:in `require'[0m
      [36m# /home/ec2-user/.rvm/gems/ruby-3.1.2/gems/bootsnap-1.13.0/lib/bootsnap/load_path_cache/core_ext/kernel_require.rb:32:in `require'[0m
      [36m# /home/ec2-user/.rvm/gems/ruby-3.1.2/gems/zeitwerk-2.6.1/lib/zeitwerk/kernel.rb:35:in `require'[0m

Finished in 1.06 seconds (files took 1.24 seconds to load)
[31m29 examples, 29 failures[0m

Failed examples:

[31mrspec ./spec/models/book_spec.rb:7[0m [36m# Book モデルに関するテスト 実際に保存してみる 有効な投稿内容の場合は保存されるか[0m
[31mrspec ./spec/models/book_spec.rb:12[0m [36m# Book モデルに関するテスト 空白のバリデーションチェック titleが空白の場合にバリデーションチェックされ空白のエラーメッセージが返ってきているか[0m
[31mrspec ./spec/models/book_spec.rb:17[0m [36m# Book モデルに関するテスト 空白のバリデーションチェック bodyが空白の場合にバリデーションチェックされ空白のエラーメッセージが返ってきているか[0m
[31mrspec ./spec/models/book_spec.rb:28[0m [36m# Book モデルに関するテスト titleを空白で投稿した場合に画面にエラーメッセージが表示されているか エラーメッセージは正しく表示されるか[0m
[31mrspec ./spec/models/book_spec.rb:38[0m [36m# Book モデルに関するテスト bodyを空白で投稿した場合に画面にエラーメッセージが表示されているか エラーメッセージは正しく表示されるか[0m
[31mrspec ./spec/system/books_spec.rb:10[0m [36m# 投稿のテスト トップ画面(root_path)のテスト 表示の確認 トップ画面(root_path)に一覧ページへのリンクが表示されているか[0m
[31mrspec ./spec/system/books_spec.rb:13[0m [36m# 投稿のテスト トップ画面(root_path)のテスト 表示の確認 root_pathが"/"であるか[0m
[31mrspec ./spec/system/books_spec.rb:23[0m [36m# 投稿のテスト 一覧画面のテスト 一覧の表示とリンクの確認 bookの一覧表示(tableタグ)と投稿フォームが同一画面に表示されているか[0m
[31mrspec ./spec/system/books_spec.rb:28[0m [36m# 投稿のテスト 一覧画面のテスト 一覧の表示とリンクの確認 bookのタイトルと感想を表示し、詳細・編集・削除のリンクが表示されているか[0m
[31mrspec ./spec/system/books_spec.rb:51[0m [36m# 投稿のテスト 一覧画面のテスト 一覧の表示とリンクの確認 Create Bookボタンが表示される[0m
[31mrspec ./spec/system/books_spec.rb:56[0m [36m# 投稿のテスト 一覧画面のテスト 投稿処理に関するテスト 投稿に成功しサクセスメッセージが表示されるか[0m
[31mrspec ./spec/system/books_spec.rb:62[0m [36m# 投稿のテスト 一覧画面のテスト 投稿処理に関するテスト 投稿に失敗する[0m
[31mrspec ./spec/system/books_spec.rb:67[0m [36m# 投稿のテスト 一覧画面のテスト 投稿処理に関するテスト 投稿後のリダイレクト先は正しいか[0m
[31mrspec ./spec/system/books_spec.rb:75[0m [36m# 投稿のテスト 一覧画面のテスト book削除のテスト application.html.erbにjavascript_pack_tagを含んでいるか[0m
[31mrspec ./spec/system/books_spec.rb:86[0m [36m# 投稿のテスト 一覧画面のテスト book削除のテスト bookの削除[0m
[31mrspec ./spec/system/books_spec.rb:100[0m [36m# 投稿のテスト 詳細画面のテスト 表示の確認 本のタイトルと感想が画面に表示されていること[0m
[31mrspec ./spec/system/books_spec.rb:104[0m [36m# 投稿のテスト 詳細画面のテスト 表示の確認 Editリンクが表示される[0m
[31mrspec ./spec/system/books_spec.rb:108[0m [36m# 投稿のテスト 詳細画面のテスト 表示の確認 Backリンクが表示される[0m
[31mrspec ./spec/system/books_spec.rb:114[0m [36m# 投稿のテスト 詳細画面のテスト リンクの遷移先の確認 Editの遷移先は編集画面か[0m
[31mrspec ./spec/system/books_spec.rb:119[0m [36m# 投稿のテスト 詳細画面のテスト リンクの遷移先の確認 Backの遷移先は一覧画面か[0m
[31mrspec ./spec/system/books_spec.rb:131[0m [36m# 投稿のテスト 編集画面のテスト 表示の確認 編集前のタイトルと感想がフォームに表示(セット)されている[0m
[31mrspec ./spec/system/books_spec.rb:135[0m [36m# 投稿のテスト 編集画面のテスト 表示の確認 Update Bookボタンが表示される[0m
[31mrspec ./spec/system/books_spec.rb:138[0m [36m# 投稿のテスト 編集画面のテスト 表示の確認 Showリンクが表示される[0m
[31mrspec ./spec/system/books_spec.rb:142[0m [36m# 投稿のテスト 編集画面のテスト 表示の確認 Backリンクが表示される[0m
[31mrspec ./spec/system/books_spec.rb:148[0m [36m# 投稿のテスト 編集画面のテスト リンクの遷移先の確認 Showの遷移先は詳細画面か[0m
[31mrspec ./spec/system/books_spec.rb:153[0m [36m# 投稿のテスト 編集画面のテスト リンクの遷移先の確認 Backの遷移先は一覧画面か[0m
[31mrspec ./spec/system/books_spec.rb:160[0m [36m# 投稿のテスト 編集画面のテスト 更新処理に関するテスト 更新に成功しサクセスメッセージが表示されるか[0m
[31mrspec ./spec/system/books_spec.rb:166[0m [36m# 投稿のテスト 編集画面のテスト 更新処理に関するテスト 更新に失敗しエラーメッセージが表示されるか[0m
[31mrspec ./spec/system/books_spec.rb:172[0m [36m# 投稿のテスト 編集画面のテスト 更新処理に関するテスト 更新後のリダイレクト先は正しいか[0m

