
Book ãƒ¢ãƒ‡ãƒ«ã«é–¢ã™ã‚‹ãƒ†ã‚¹ãƒˆ
  å®Ÿéš›ã«ä¿å­˜ã—ã¦ã¿ã‚‹
[31m    æœ‰åŠ¹ãªæŠ•ç¨¿å†…å®¹ã®å ´åˆã¯ä¿å­˜ã•ã‚Œã‚‹ã‹ (FAILED - 1)[0m
  ç©ºç™½ã®ãƒãƒªãƒ‡ãƒ¼ã‚·ãƒ§ãƒ³ãƒã‚§ãƒƒã‚¯
[31m    titleãŒç©ºç™½ã®å ´åˆã«ãƒãƒªãƒ‡ãƒ¼ã‚·ãƒ§ãƒ³ãƒã‚§ãƒƒã‚¯ã•ã‚Œç©ºç™½ã®ã‚¨ãƒ©ãƒ¼ãƒ¡ãƒƒã‚»ãƒ¼ã‚¸ãŒè¿”ã£ã¦ãã¦ã„ã‚‹ã‹ (FAILED - 2)[0m
[31m    bodyãŒç©ºç™½ã®å ´åˆã«ãƒãƒªãƒ‡ãƒ¼ã‚·ãƒ§ãƒ³ãƒã‚§ãƒƒã‚¯ã•ã‚Œç©ºç™½ã®ã‚¨ãƒ©ãƒ¼ãƒ¡ãƒƒã‚»ãƒ¼ã‚¸ãŒè¿”ã£ã¦ãã¦ã„ã‚‹ã‹ (FAILED - 3)[0m
  titleã‚’ç©ºç™½ã§æŠ•ç¨¿ã—ãŸå ´åˆã«ç”»é¢ã«ã‚¨ãƒ©ãƒ¼ãƒ¡ãƒƒã‚»ãƒ¼ã‚¸ãŒè¡¨ç¤ºã•ã‚Œã¦ã„ã‚‹ã‹
[31m    ã‚¨ãƒ©ãƒ¼ãƒ¡ãƒƒã‚»ãƒ¼ã‚¸ã¯æ­£ã—ãè¡¨ç¤ºã•ã‚Œã‚‹ã‹ (FAILED - 4)[0m
  bodyã‚’ç©ºç™½ã§æŠ•ç¨¿ã—ãŸå ´åˆã«ç”»é¢ã«ã‚¨ãƒ©ãƒ¼ãƒ¡ãƒƒã‚»ãƒ¼ã‚¸ãŒè¡¨ç¤ºã•ã‚Œã¦ã„ã‚‹ã‹
[31m    ã‚¨ãƒ©ãƒ¼ãƒ¡ãƒƒã‚»ãƒ¼ã‚¸ã¯æ­£ã—ãè¡¨ç¤ºã•ã‚Œã‚‹ã‹ (FAILED - 5)[0m

æŠ•ç¨¿ã®ãƒ†ã‚¹ãƒˆ
  ãƒˆãƒƒãƒ—ç”»é¢(root_path)ã®ãƒ†ã‚¹ãƒˆ
    è¡¨ç¤ºã®ç¢ºèª
[31m      ãƒˆãƒƒãƒ—ç”»é¢(root_path)ã«ä¸€è¦§ãƒšãƒ¼ã‚¸ã¸ã®ãƒªãƒ³ã‚¯ãŒè¡¨ç¤ºã•ã‚Œã¦ã„ã‚‹ã‹ (FAILED - 6)[0m
[31m      root_pathãŒ"/"ã§ã‚ã‚‹ã‹ (FAILED - 7)[0m
  ä¸€è¦§ç”»é¢ã®ãƒ†ã‚¹ãƒˆ
    ä¸€è¦§ã®è¡¨ç¤ºã¨ãƒªãƒ³ã‚¯ã®ç¢ºèª
[31m      bookã®ä¸€è¦§è¡¨ç¤º(tableã‚¿ã‚°)ã¨æŠ•ç¨¿ãƒ•ã‚©ãƒ¼ãƒ ãŒåŒä¸€ç”»é¢ã«è¡¨ç¤ºã•ã‚Œã¦ã„ã‚‹ã‹ (FAILED - 8)[0m
[31m      bookã®ã‚¿ã‚¤ãƒˆãƒ«ã¨æ„Ÿæƒ³ã‚’è¡¨ç¤ºã—ã€è©³ç´°ãƒ»ç·¨é›†ãƒ»å‰Šé™¤ã®ãƒªãƒ³ã‚¯ãŒè¡¨ç¤ºã•ã‚Œã¦ã„ã‚‹ã‹ (FAILED - 9)[0m
[31m      Create Bookãƒœã‚¿ãƒ³ãŒè¡¨ç¤ºã•ã‚Œã‚‹ (FAILED - 10)[0m
    æŠ•ç¨¿å‡¦ç†ã«é–¢ã™ã‚‹ãƒ†ã‚¹ãƒˆ
[31m      æŠ•ç¨¿ã«æˆåŠŸã—ã‚µã‚¯ã‚»ã‚¹ãƒ¡ãƒƒã‚»ãƒ¼ã‚¸ãŒè¡¨ç¤ºã•ã‚Œã‚‹ã‹ (FAILED - 11)[0m
[31m      æŠ•ç¨¿ã«å¤±æ•—ã™ã‚‹ (FAILED - 12)[0m
[31m      æŠ•ç¨¿å¾Œã®ãƒªãƒ€ã‚¤ãƒ¬ã‚¯ãƒˆå…ˆã¯æ­£ã—ã„ã‹ (FAILED - 13)[0m
    bookå‰Šé™¤ã®ãƒ†ã‚¹ãƒˆ
[31m      application.html.erbã«javascript_pack_tagã‚’å«ã‚“ã§ã„ã‚‹ã‹ (FAILED - 14)[0m
[31m      bookã®å‰Šé™¤ (FAILED - 15)[0m
  è©³ç´°ç”»é¢ã®ãƒ†ã‚¹ãƒˆ
    è¡¨ç¤ºã®ç¢ºèª
[31m      æœ¬ã®ã‚¿ã‚¤ãƒˆãƒ«ã¨æ„Ÿæƒ³ãŒç”»é¢ã«è¡¨ç¤ºã•ã‚Œã¦ã„ã‚‹ã“ã¨ (FAILED - 16)[0m
[31m      Editãƒªãƒ³ã‚¯ãŒè¡¨ç¤ºã•ã‚Œã‚‹ (FAILED - 17)[0m
[31m      Backãƒªãƒ³ã‚¯ãŒè¡¨ç¤ºã•ã‚Œã‚‹ (FAILED - 18)[0m
    ãƒªãƒ³ã‚¯ã®é·ç§»å…ˆã®ç¢ºèª
[31m      Editã®é·ç§»å…ˆã¯ç·¨é›†ç”»é¢ã‹ (FAILED - 19)[0m
[31m      Backã®é·ç§»å…ˆã¯ä¸€è¦§ç”»é¢ã‹ (FAILED - 20)[0m
  ç·¨é›†ç”»é¢ã®ãƒ†ã‚¹ãƒˆ
    è¡¨ç¤ºã®ç¢ºèª
[31m      ç·¨é›†å‰ã®ã‚¿ã‚¤ãƒˆãƒ«ã¨æ„Ÿæƒ³ãŒãƒ•ã‚©ãƒ¼ãƒ ã«è¡¨ç¤º(ã‚»ãƒƒãƒˆ)ã•ã‚Œã¦ã„ã‚‹ (FAILED - 21)[0m
[31m      Update Bookãƒœã‚¿ãƒ³ãŒè¡¨ç¤ºã•ã‚Œã‚‹ (FAILED - 22)[0m
[31m      Showãƒªãƒ³ã‚¯ãŒè¡¨ç¤ºã•ã‚Œã‚‹ (FAILED - 23)[0m
[31m      Backãƒªãƒ³ã‚¯ãŒè¡¨ç¤ºã•ã‚Œã‚‹ (FAILED - 24)[0m
    ãƒªãƒ³ã‚¯ã®é·ç§»å…ˆã®ç¢ºèª
[31m      Showã®é·ç§»å…ˆã¯è©³ç´°ç”»é¢ã‹ (FAILED - 25)[0m
[31m      Backã®é·ç§»å…ˆã¯ä¸€è¦§ç”»é¢ã‹ (FAILED - 26)[0m
    æ›´æ–°å‡¦ç†ã«é–¢ã™ã‚‹ãƒ†ã‚¹ãƒˆ
[31m      æ›´æ–°ã«æˆåŠŸã—ã‚µã‚¯ã‚»ã‚¹ãƒ¡ãƒƒã‚»ãƒ¼ã‚¸ãŒè¡¨ç¤ºã•ã‚Œã‚‹ã‹ (FAILED - 27)[0m
[31m      æ›´æ–°ã«å¤±æ•—ã—ã‚¨ãƒ©ãƒ¼ãƒ¡ãƒƒã‚»ãƒ¼ã‚¸ãŒè¡¨ç¤ºã•ã‚Œã‚‹ã‹ (FAILED - 28)[0m
[31m      æ›´æ–°å¾Œã®ãƒªãƒ€ã‚¤ãƒ¬ã‚¯ãƒˆå…ˆã¯æ­£ã—ã„ã‹ (FAILED - 29)[0m

Failures:

  1) Book ãƒ¢ãƒ‡ãƒ«ã«é–¢ã™ã‚‹ãƒ†ã‚¹ãƒˆ å®Ÿéš›ã«ä¿å­˜ã—ã¦ã¿ã‚‹ æœ‰åŠ¹ãªæŠ•ç¨¿å†…å®¹ã®å ´åˆã¯ä¿å­˜ã•ã‚Œã‚‹ã‹
     [31mFailure/Error: raise error[0m
     [31m[0m
     [31mLoadError:[0m
     [31m  cannot load such file -- net/smtp[0m
     [36m# /home/ec2-user/.rvm/gems/ruby-3.1.2/gems/bootsnap-1.13.0/lib/bootsnap/load_path_cache/core_ext/kernel_require.rb:29:in `require'[0m
     [36m# /home/ec2-user/.rvm/gems/ruby-3.1.2/gems/zeitwerk-2.6.1/lib/zeitwerk/kernel.rb:35:in `require'[0m
     [36m# /home/ec2-user/.rvm/gems/ruby-3.1.2/gems/mail-2.7.1/lib/mail.rb:9:in `<module:Mail>'[0m
     [36m# /home/ec2-user/.rvm/gems/ruby-3.1.2/gems/mail-2.7.1/lib/mail.rb:3:in `<main>'[0m
     [36m# /home/ec2-user/.rvm/gems/ruby-3.1.2/gems/bootsnap-1.13.0/lib/bootsnap/load_path_cache/core_ext/kernel_require.rb:32:in `require'[0m
     [36m# /home/ec2-user/.rvm/gems/ruby-3.1.2/gems/bootsnap-1.13.0/lib/bootsnap/load_path_cache/core_ext/kernel_require.rb:32:in `require'[0m
     [36m# /home/ec2-user/.rvm/gems/ruby-3.1.2/gems/zeitwerk-2.6.1/lib/zeitwerk/kernel.rb:35:in `require'[0m
     [36m# /home/ec2-user/.rvm/gems/ruby-3.1.2/gems/bootsnap-1.13.0/lib/bootsnap/load_path_cache/core_ext/kernel_require.rb:32:in `require'[0m
     [36m# /home/ec2-user/.rvm/gems/ruby-3.1.2/gems/bootsnap-1.13.0/lib/bootsnap/load_path_cache/core_ext/kernel_require.rb:32:in `require'[0m
     [36m# /home/ec2-user/.rvm/gems/ruby-3.1.2/gems/zeitwerk-2.6.1/lib/zeitwerk/kernel.rb:35:in `require'[0m
     [36m# /home/ec2-user/.rvm/gems/ruby-3.1.2/gems/bootsnap-1.13.0/lib/bootsnap/load_path_cache/core_ext/kernel_require.rb:32:in `require'[0m
     [36m# /home/ec2-user/.rvm/gems/ruby-3.1.2/gems/bootsnap-1.13.0/lib/bootsnap/load_path_cache/core_ext/kernel_require.rb:32:in `require'[0m
     [36m# /home/ec2-user/.rvm/gems/ruby-3.1.2/gems/zeitwerk-2.6.1/lib/zeitwerk/kernel.rb:35:in `require'[0m

  2) Book ãƒ¢ãƒ‡ãƒ«ã«é–¢ã™ã‚‹ãƒ†ã‚¹ãƒˆ ç©ºç™½ã®ãƒãƒªãƒ‡ãƒ¼ã‚·ãƒ§ãƒ³ãƒã‚§ãƒƒã‚¯ titleãŒç©ºç™½ã®å ´åˆã«ãƒãƒªãƒ‡ãƒ¼ã‚·ãƒ§ãƒ³ãƒã‚§ãƒƒã‚¯ã•ã‚Œç©ºç™½ã®ã‚¨ãƒ©ãƒ¼ãƒ¡ãƒƒã‚»ãƒ¼ã‚¸ãŒè¿”ã£ã¦ãã¦ã„ã‚‹ã‹
     [31mFailure/Error: raise error[0m
     [31m[0m
     [31mLoadError:[0m
     [31m  cannot load such file -- net/smtp[0m
     [36m# /home/ec2-user/.rvm/gems/ruby-3.1.2/gems/bootsnap-1.13.0/lib/bootsnap/load_path_cache/core_ext/kernel_require.rb:29:in `require'[0m
     [36m# /home/ec2-user/.rvm/gems/ruby-3.1.2/gems/zeitwerk-2.6.1/lib/zeitwerk/kernel.rb:35:in `require'[0m
     [36m# /home/ec2-user/.rvm/gems/ruby-3.1.2/gems/mail-2.7.1/lib/mail.rb:9:in `<module:Mail>'[0m
     [36m# /home/ec2-user/.rvm/gems/ruby-3.1.2/gems/mail-2.7.1/lib/mail.rb:3:in `<main>'[0m
     [36m# /home/ec2-user/.rvm/gems/ruby-3.1.2/gems/bootsnap-1.13.0/lib/bootsnap/load_path_cache/core_ext/kernel_require.rb:32:in `require'[0m
     [36m# /home/ec2-user/.rvm/gems/ruby-3.1.2/gems/bootsnap-1.13.0/lib/bootsnap/load_path_cache/core_ext/kernel_require.rb:32:in `require'[0m
     [36m# /home/ec2-user/.rvm/gems/ruby-3.1.2/gems/zeitwerk-2.6.1/lib/zeitwerk/kernel.rb:35:in `require'[0m
     [36m# /home/ec2-user/.rvm/gems/ruby-3.1.2/gems/bootsnap-1.13.0/lib/bootsnap/load_path_cache/core_ext/kernel_require.rb:32:in `require'[0m
     [36m# /home/ec2-user/.rvm/gems/ruby-3.1.2/gems/bootsnap-1.13.0/lib/bootsnap/load_path_cache/core_ext/kernel_require.rb:32:in `require'[0m
     [36m# /home/ec2-user/.rvm/gems/ruby-3.1.2/gems/zeitwerk-2.6.1/lib/zeitwerk/kernel.rb:35:in `require'[0m
     [36m# /home/ec2-user/.rvm/gems/ruby-3.1.2/gems/bootsnap-1.13.0/lib/bootsnap/load_path_cache/core_ext/kernel_require.rb:32:in `require'[0m
     [36m# /home/ec2-user/.rvm/gems/ruby-3.1.2/gems/bootsnap-1.13.0/lib/bootsnap/load_path_cache/core_ext/kernel_require.rb:32:in `require'[0m
     [36m# /home/ec2-user/.rvm/gems/ruby-3.1.2/gems/zeitwerk-2.6.1/lib/zeitwerk/kernel.rb:35:in `require'[0m

  3) Book ãƒ¢ãƒ‡ãƒ«ã«é–¢ã™ã‚‹ãƒ†ã‚¹ãƒˆ ç©ºç™½ã®ãƒãƒªãƒ‡ãƒ¼ã‚·ãƒ§ãƒ³ãƒã‚§ãƒƒã‚¯ bodyãŒç©ºç™½ã®å ´åˆã«ãƒãƒªãƒ‡ãƒ¼ã‚·ãƒ§ãƒ³ãƒã‚§ãƒƒã‚¯ã•ã‚Œç©ºç™½ã®ã‚¨ãƒ©ãƒ¼ãƒ¡ãƒƒã‚»ãƒ¼ã‚¸ãŒè¿”ã£ã¦ãã¦ã„ã‚‹ã‹
     [31mFailure/Error: raise error[0m
     [31m[0m
     [31mLoadError:[0m
     [31m  cannot load such file -- net/smtp[0m
     [36m# /home/ec2-user/.rvm/gems/ruby-3.1.2/gems/bootsnap-1.13.0/lib/bootsnap/load_path_cache/core_ext/kernel_require.rb:29:in `require'[0m
     [36m# /home/ec2-user/.rvm/gems/ruby-3.1.2/gems/zeitwerk-2.6.1/lib/zeitwerk/kernel.rb:35:in `require'[0m
     [36m# /home/ec2-user/.rvm/gems/ruby-3.1.2/gems/mail-2.7.1/lib/mail.rb:9:in `<module:Mail>'[0m
     [36m# /home/ec2-user/.rvm/gems/ruby-3.1.2/gems/mail-2.7.1/lib/mail.rb:3:in `<main>'[0m
     [36m# /home/ec2-user/.rvm/gems/ruby-3.1.2/gems/bootsnap-1.13.0/lib/bootsnap/load_path_cache/core_ext/kernel_require.rb:32:in `require'[0m
     [36m# /home/ec2-user/.rvm/gems/ruby-3.1.2/gems/bootsnap-1.13.0/lib/bootsnap/load_path_cache/core_ext/kernel_require.rb:32:in `require'[0m
     [36m# /home/ec2-user/.rvm/gems/ruby-3.1.2/gems/zeitwerk-2.6.1/lib/zeitwerk/kernel.rb:35:in `require'[0m
     [36m# /home/ec2-user/.rvm/gems/ruby-3.1.2/gems/bootsnap-1.13.0/lib/bootsnap/load_path_cache/core_ext/kernel_require.rb:32:in `require'[0m
     [36m# /home/ec2-user/.rvm/gems/ruby-3.1.2/gems/bootsnap-1.13.0/lib/bootsnap/load_path_cache/core_ext/kernel_require.rb:32:in `require'[0m
     [36m# /home/ec2-user/.rvm/gems/ruby-3.1.2/gems/zeitwerk-2.6.1/lib/zeitwerk/kernel.rb:35:in `require'[0m
     [36m# /home/ec2-user/.rvm/gems/ruby-3.1.2/gems/bootsnap-1.13.0/lib/bootsnap/load_path_cache/core_ext/kernel_require.rb:32:in `require'[0m
     [36m# /home/ec2-user/.rvm/gems/ruby-3.1.2/gems/bootsnap-1.13.0/lib/bootsnap/load_path_cache/core_ext/kernel_require.rb:32:in `require'[0m
     [36m# /home/ec2-user/.rvm/gems/ruby-3.1.2/gems/zeitwerk-2.6.1/lib/zeitwerk/kernel.rb:35:in `require'[0m

  4) Book ãƒ¢ãƒ‡ãƒ«ã«é–¢ã™ã‚‹ãƒ†ã‚¹ãƒˆ titleã‚’ç©ºç™½ã§æŠ•ç¨¿ã—ãŸå ´åˆã«ç”»é¢ã«ã‚¨ãƒ©ãƒ¼ãƒ¡ãƒƒã‚»ãƒ¼ã‚¸ãŒè¡¨ç¤ºã•ã‚Œã¦ã„ã‚‹ã‹ ã‚¨ãƒ©ãƒ¼ãƒ¡ãƒƒã‚»ãƒ¼ã‚¸ã¯æ­£ã—ãè¡¨ç¤ºã•ã‚Œã‚‹ã‹
     [31mFailure/Error: raise error[0m
     [31m[0m
     [31mLoadError:[0m
     [31m  cannot load such file -- net/smtp[0m
     [36m# /home/ec2-user/.rvm/gems/ruby-3.1.2/gems/bootsnap-1.13.0/lib/bootsnap/load_path_cache/core_ext/kernel_require.rb:29:in `require'[0m
     [36m# /home/ec2-user/.rvm/gems/ruby-3.1.2/gems/zeitwerk-2.6.1/lib/zeitwerk/kernel.rb:35:in `require'[0m
     [36m# /home/ec2-user/.rvm/gems/ruby-3.1.2/gems/mail-2.7.1/lib/mail.rb:9:in `<module:Mail>'[0m
     [36m# /home/ec2-user/.rvm/gems/ruby-3.1.2/gems/mail-2.7.1/lib/mail.rb:3:in `<main>'[0m
     [36m# /home/ec2-user/.rvm/gems/ruby-3.1.2/gems/bootsnap-1.13.0/lib/bootsnap/load_path_cache/core_ext/kernel_require.rb:32:in `require'[0m
     [36m# /home/ec2-user/.rvm/gems/ruby-3.1.2/gems/bootsnap-1.13.0/lib/bootsnap/load_path_cache/core_ext/kernel_require.rb:32:in `require'[0m
     [36m# /home/ec2-user/.rvm/gems/ruby-3.1.2/gems/zeitwerk-2.6.1/lib/zeitwerk/kernel.rb:35:in `require'[0m
     [36m# /home/ec2-user/.rvm/gems/ruby-3.1.2/gems/bootsnap-1.13.0/lib/bootsnap/load_path_cache/core_ext/kernel_require.rb:32:in `require'[0m
     [36m# /home/ec2-user/.rvm/gems/ruby-3.1.2/gems/bootsnap-1.13.0/lib/bootsnap/load_path_cache/core_ext/kernel_require.rb:32:in `require'[0m
     [36m# /home/ec2-user/.rvm/gems/ruby-3.1.2/gems/zeitwerk-2.6.1/lib/zeitwerk/kernel.rb:35:in `require'[0m
     [36m# /home/ec2-user/.rvm/gems/ruby-3.1.2/gems/bootsnap-1.13.0/lib/bootsnap/load_path_cache/core_ext/kernel_require.rb:32:in `require'[0m
     [36m# /home/ec2-user/.rvm/gems/ruby-3.1.2/gems/bootsnap-1.13.0/lib/bootsnap/load_path_cache/core_ext/kernel_require.rb:32:in `require'[0m
     [36m# /home/ec2-user/.rvm/gems/ruby-3.1.2/gems/zeitwerk-2.6.1/lib/zeitwerk/kernel.rb:35:in `require'[0m

  5) Book ãƒ¢ãƒ‡ãƒ«ã«é–¢ã™ã‚‹ãƒ†ã‚¹ãƒˆ bodyã‚’ç©ºç™½ã§æŠ•ç¨¿ã—ãŸå ´åˆã«ç”»é¢ã«ã‚¨ãƒ©ãƒ¼ãƒ¡ãƒƒã‚»ãƒ¼ã‚¸ãŒè¡¨ç¤ºã•ã‚Œã¦ã„ã‚‹ã‹ ã‚¨ãƒ©ãƒ¼ãƒ¡ãƒƒã‚»ãƒ¼ã‚¸ã¯æ­£ã—ãè¡¨ç¤ºã•ã‚Œã‚‹ã‹
     [31mFailure/Error: raise error[0m
     [31m[0m
     [31mLoadError:[0m
     [31m  cannot load such file -- net/smtp[0m
     [36m# /home/ec2-user/.rvm/gems/ruby-3.1.2/gems/bootsnap-1.13.0/lib/bootsnap/load_path_cache/core_ext/kernel_require.rb:29:in `require'[0m
     [36m# /home/ec2-user/.rvm/gems/ruby-3.1.2/gems/zeitwerk-2.6.1/lib/zeitwerk/kernel.rb:35:in `require'[0m
     [36m# /home/ec2-user/.rvm/gems/ruby-3.1.2/gems/mail-2.7.1/lib/mail.rb:9:in `<module:Mail>'[0m
     [36m# /home/ec2-user/.rvm/gems/ruby-3.1.2/gems/mail-2.7.1/lib/mail.rb:3:in `<main>'[0m
     [36m# /home/ec2-user/.rvm/gems/ruby-3.1.2/gems/bootsnap-1.13.0/lib/bootsnap/load_path_cache/core_ext/kernel_require.rb:32:in `require'[0m
     [36m# /home/ec2-user/.rvm/gems/ruby-3.1.2/gems/bootsnap-1.13.0/lib/bootsnap/load_path_cache/core_ext/kernel_require.rb:32:in `require'[0m
     [36m# /home/ec2-user/.rvm/gems/ruby-3.1.2/gems/zeitwerk-2.6.1/lib/zeitwerk/kernel.rb:35:in `require'[0m
     [36m# /home/ec2-user/.rvm/gems/ruby-3.1.2/gems/bootsnap-1.13.0/lib/bootsnap/load_path_cache/core_ext/kernel_require.rb:32:in `require'[0m
     [36m# /home/ec2-user/.rvm/gems/ruby-3.1.2/gems/bootsnap-1.13.0/lib/bootsnap/load_path_cache/core_ext/kernel_require.rb:32:in `require'[0m
     [36m# /home/ec2-user/.rvm/gems/ruby-3.1.2/gems/zeitwerk-2.6.1/lib/zeitwerk/kernel.rb:35:in `require'[0m
     [36m# /home/ec2-user/.rvm/gems/ruby-3.1.2/gems/bootsnap-1.13.0/lib/bootsnap/load_path_cache/core_ext/kernel_require.rb:32:in `require'[0m
     [36m# /home/ec2-user/.rvm/gems/ruby-3.1.2/gems/bootsnap-1.13.0/lib/bootsnap/load_path_cache/core_ext/kernel_require.rb:32:in `require'[0m
     [36m# /home/ec2-user/.rvm/gems/ruby-3.1.2/gems/zeitwerk-2.6.1/lib/zeitwerk/kernel.rb:35:in `require'[0m

  6) æŠ•ç¨¿ã®ãƒ†ã‚¹ãƒˆ ãƒˆãƒƒãƒ—ç”»é¢(root_path)ã®ãƒ†ã‚¹ãƒˆ è¡¨ç¤ºã®ç¢ºèª ãƒˆãƒƒãƒ—ç”»é¢(root_path)ã«ä¸€è¦§ãƒšãƒ¼ã‚¸ã¸ã®ãƒªãƒ³ã‚¯ãŒè¡¨ç¤ºã•ã‚Œã¦ã„ã‚‹ã‹
     [31mGot 0 failures and 2 other errors:[0m

     6.1) [31mFailure/Error: visit root_path[0m
          [31m[0m
          [31mNameError:[0m
          [31m  undefined local variable or method `root_path' for #<RSpec::ExampleGroups::Nested::RootPath::Nested "ãƒˆãƒƒãƒ—ç”»é¢(root_path)ã«ä¸€è¦§ãƒšãƒ¼ã‚¸ã¸ã®ãƒªãƒ³ã‚¯ãŒè¡¨ç¤ºã•ã‚Œã¦ã„ã‚‹ã‹" (./spec/system/books_spec.rb:10)>[0m
          [36m# ./spec/system/books_spec.rb:7:in `block (3 levels) in <main>'[0m

     6.2) [31mFailure/Error: raise error[0m
          [31m[0m
          [31mLoadError:[0m
          [31m  cannot load such file -- net/smtp[0m
          [36m# /home/ec2-user/.rvm/gems/ruby-3.1.2/gems/bootsnap-1.13.0/lib/bootsnap/load_path_cache/core_ext/kernel_require.rb:29:in `require'[0m
          [36m# /home/ec2-user/.rvm/gems/ruby-3.1.2/gems/zeitwerk-2.6.1/lib/zeitwerk/kernel.rb:35:in `require'[0m
          [36m# /home/ec2-user/.rvm/gems/ruby-3.1.2/gems/mail-2.7.1/lib/mail.rb:9:in `<module:Mail>'[0m
          [36m# /home/ec2-user/.rvm/gems/ruby-3.1.2/gems/mail-2.7.1/lib/mail.rb:3:in `<main>'[0m
          [36m# /home/ec2-user/.rvm/gems/ruby-3.1.2/gems/bootsnap-1.13.0/lib/bootsnap/load_path_cache/core_ext/kernel_require.rb:32:in `require'[0m
          [36m# /home/ec2-user/.rvm/gems/ruby-3.1.2/gems/bootsnap-1.13.0/lib/bootsnap/load_path_cache/core_ext/kernel_require.rb:32:in `require'[0m
          [36m# /home/ec2-user/.rvm/gems/ruby-3.1.2/gems/zeitwerk-2.6.1/lib/zeitwerk/kernel.rb:35:in `require'[0m
          [36m# /home/ec2-user/.rvm/gems/ruby-3.1.2/gems/bootsnap-1.13.0/lib/bootsnap/load_path_cache/core_ext/kernel_require.rb:32:in `require'[0m
          [36m# /home/ec2-user/.rvm/gems/ruby-3.1.2/gems/bootsnap-1.13.0/lib/bootsnap/load_path_cache/core_ext/kernel_require.rb:32:in `require'[0m
          [36m# /home/ec2-user/.rvm/gems/ruby-3.1.2/gems/zeitwerk-2.6.1/lib/zeitwerk/kernel.rb:35:in `require'[0m
          [36m# /home/ec2-user/.rvm/gems/ruby-3.1.2/gems/bootsnap-1.13.0/lib/bootsnap/load_path_cache/core_ext/kernel_require.rb:32:in `require'[0m
          [36m# /home/ec2-user/.rvm/gems/ruby-3.1.2/gems/bootsnap-1.13.0/lib/bootsnap/load_path_cache/core_ext/kernel_require.rb:32:in `require'[0m
          [36m# /home/ec2-user/.rvm/gems/ruby-3.1.2/gems/zeitwerk-2.6.1/lib/zeitwerk/kernel.rb:35:in `require'[0m

  7) æŠ•ç¨¿ã®ãƒ†ã‚¹ãƒˆ ãƒˆãƒƒãƒ—ç”»é¢(root_path)ã®ãƒ†ã‚¹ãƒˆ è¡¨ç¤ºã®ç¢ºèª root_pathãŒ"/"ã§ã‚ã‚‹ã‹
     [31mGot 0 failures and 2 other errors:[0m

     7.1) [31mFailure/Error: visit root_path[0m
          [31m[0m
          [31mNameError:[0m
          [31m  undefined local variable or method `root_path' for #<RSpec::ExampleGroups::Nested::RootPath::Nested "root_pathãŒ"/"ã§ã‚ã‚‹ã‹" (./spec/system/books_spec.rb:13)>[0m
          [36m# ./spec/system/books_spec.rb:7:in `block (3 levels) in <main>'[0m

     7.2) [31mFailure/Error: raise error[0m
          [31m[0m
          [31mLoadError:[0m
          [31m  cannot load such file -- net/smtp[0m
          [36m# /home/ec2-user/.rvm/gems/ruby-3.1.2/gems/bootsnap-1.13.0/lib/bootsnap/load_path_cache/core_ext/kernel_require.rb:29:in `require'[0m
          [36m# /home/ec2-user/.rvm/gems/ruby-3.1.2/gems/zeitwerk-2.6.1/lib/zeitwerk/kernel.rb:35:in `require'[0m
          [36m# /home/ec2-user/.rvm/gems/ruby-3.1.2/gems/mail-2.7.1/lib/mail.rb:9:in `<module:Mail>'[0m
          [36m# /home/ec2-user/.rvm/gems/ruby-3.1.2/gems/mail-2.7.1/lib/mail.rb:3:in `<main>'[0m
          [36m# /home/ec2-user/.rvm/gems/ruby-3.1.2/gems/bootsnap-1.13.0/lib/bootsnap/load_path_cache/core_ext/kernel_require.rb:32:in `require'[0m
          [36m# /home/ec2-user/.rvm/gems/ruby-3.1.2/gems/bootsnap-1.13.0/lib/bootsnap/load_path_cache/core_ext/kernel_require.rb:32:in `require'[0m
          [36m# /home/ec2-user/.rvm/gems/ruby-3.1.2/gems/zeitwerk-2.6.1/lib/zeitwerk/kernel.rb:35:in `require'[0m
          [36m# /home/ec2-user/.rvm/gems/ruby-3.1.2/gems/bootsnap-1.13.0/lib/bootsnap/load_path_cache/core_ext/kernel_require.rb:32:in `require'[0m
          [36m# /home/ec2-user/.rvm/gems/ruby-3.1.2/gems/bootsnap-1.13.0/lib/bootsnap/load_path_cache/core_ext/kernel_require.rb:32:in `require'[0m
          [36m# /home/ec2-user/.rvm/gems/ruby-3.1.2/gems/zeitwerk-2.6.1/lib/zeitwerk/kernel.rb:35:in `require'[0m
          [36m# /home/ec2-user/.rvm/gems/ruby-3.1.2/gems/bootsnap-1.13.0/lib/bootsnap/load_path_cache/core_ext/kernel_require.rb:32:in `require'[0m
          [36m# /home/ec2-user/.rvm/gems/ruby-3.1.2/gems/bootsnap-1.13.0/lib/bootsnap/load_path_cache/core_ext/kernel_require.rb:32:in `require'[0m
          [36m# /home/ec2-user/.rvm/gems/ruby-3.1.2/gems/zeitwerk-2.6.1/lib/zeitwerk/kernel.rb:35:in `require'[0m

  8) æŠ•ç¨¿ã®ãƒ†ã‚¹ãƒˆ ä¸€è¦§ç”»é¢ã®ãƒ†ã‚¹ãƒˆ ä¸€è¦§ã®è¡¨ç¤ºã¨ãƒªãƒ³ã‚¯ã®ç¢ºèª bookã®ä¸€è¦§è¡¨ç¤º(tableã‚¿ã‚°)ã¨æŠ•ç¨¿ãƒ•ã‚©ãƒ¼ãƒ ãŒåŒä¸€ç”»é¢ã«è¡¨ç¤ºã•ã‚Œã¦ã„ã‚‹ã‹
     [31mFailure/Error: raise error[0m
     [31m[0m
     [31mLoadError:[0m
     [31m  cannot load such file -- net/smtp[0m
     [36m# /home/ec2-user/.rvm/gems/ruby-3.1.2/gems/bootsnap-1.13.0/lib/bootsnap/load_path_cache/core_ext/kernel_require.rb:29:in `require'[0m
     [36m# /home/ec2-user/.rvm/gems/ruby-3.1.2/gems/zeitwerk-2.6.1/lib/zeitwerk/kernel.rb:35:in `require'[0m
     [36m# /home/ec2-user/.rvm/gems/ruby-3.1.2/gems/mail-2.7.1/lib/mail.rb:9:in `<module:Mail>'[0m
     [36m# /home/ec2-user/.rvm/gems/ruby-3.1.2/gems/mail-2.7.1/lib/mail.rb:3:in `<main>'[0m
     [36m# /home/ec2-user/.rvm/gems/ruby-3.1.2/gems/bootsnap-1.13.0/lib/bootsnap/load_path_cache/core_ext/kernel_require.rb:32:in `require'[0m
     [36m# /home/ec2-user/.rvm/gems/ruby-3.1.2/gems/bootsnap-1.13.0/lib/bootsnap/load_path_cache/core_ext/kernel_require.rb:32:in `require'[0m
     [36m# /home/ec2-user/.rvm/gems/ruby-3.1.2/gems/zeitwerk-2.6.1/lib/zeitwerk/kernel.rb:35:in `require'[0m
     [36m# /home/ec2-user/.rvm/gems/ruby-3.1.2/gems/bootsnap-1.13.0/lib/bootsnap/load_path_cache/core_ext/kernel_require.rb:32:in `require'[0m
     [36m# /home/ec2-user/.rvm/gems/ruby-3.1.2/gems/bootsnap-1.13.0/lib/bootsnap/load_path_cache/core_ext/kernel_require.rb:32:in `require'[0m
     [36m# /home/ec2-user/.rvm/gems/ruby-3.1.2/gems/zeitwerk-2.6.1/lib/zeitwerk/kernel.rb:35:in `require'[0m
     [36m# /home/ec2-user/.rvm/gems/ruby-3.1.2/gems/bootsnap-1.13.0/lib/bootsnap/load_path_cache/core_ext/kernel_require.rb:32:in `require'[0m
     [36m# /home/ec2-user/.rvm/gems/ruby-3.1.2/gems/bootsnap-1.13.0/lib/bootsnap/load_path_cache/core_ext/kernel_require.rb:32:in `require'[0m
     [36m# /home/ec2-user/.rvm/gems/ruby-3.1.2/gems/zeitwerk-2.6.1/lib/zeitwerk/kernel.rb:35:in `require'[0m

  9) æŠ•ç¨¿ã®ãƒ†ã‚¹ãƒˆ ä¸€è¦§ç”»é¢ã®ãƒ†ã‚¹ãƒˆ ä¸€è¦§ã®è¡¨ç¤ºã¨ãƒªãƒ³ã‚¯ã®ç¢ºèª bookã®ã‚¿ã‚¤ãƒˆãƒ«ã¨æ„Ÿæƒ³ã‚’è¡¨ç¤ºã—ã€è©³ç´°ãƒ»ç·¨é›†ãƒ»å‰Šé™¤ã®ãƒªãƒ³ã‚¯ãŒè¡¨ç¤ºã•ã‚Œã¦ã„ã‚‹ã‹
     [31mGot 1 failure and 1 other error:[0m

     9.1) [31mFailure/Error: expect(show_link.native.inner_text).to match(/destroy/i)[0m
          [31m[0m
          [31m  expected "Delete" to match /destroy/i[0m
          [31m  Diff:[0m[0m
          [31m  [0m[34m@@ -1 +1 @@[0m
          [31m  [0m[31m-/destroy/i[0m
          [31m  [0m[32m+"Delete"[0m
          [31m  [0m[0m
          [36m# ./spec/system/books_spec.rb:47:in `block (5 levels) in <main>'[0m
          [36m# ./spec/system/books_spec.rb:33:in `each_with_index'[0m
          [36m# ./spec/system/books_spec.rb:33:in `block (4 levels) in <main>'[0m

     9.2) [31mFailure/Error: raise error[0m
          [31m[0m
          [31mLoadError:[0m
          [31m  cannot load such file -- net/smtp[0m
          [36m# /home/ec2-user/.rvm/gems/ruby-3.1.2/gems/bootsnap-1.13.0/lib/bootsnap/load_path_cache/core_ext/kernel_require.rb:29:in `require'[0m
          [36m# /home/ec2-user/.rvm/gems/ruby-3.1.2/gems/zeitwerk-2.6.1/lib/zeitwerk/kernel.rb:35:in `require'[0m
          [36m# /home/ec2-user/.rvm/gems/ruby-3.1.2/gems/mail-2.7.1/lib/mail.rb:9:in `<module:Mail>'[0m
          [36m# /home/ec2-user/.rvm/gems/ruby-3.1.2/gems/mail-2.7.1/lib/mail.rb:3:in `<main>'[0m
          [36m# /home/ec2-user/.rvm/gems/ruby-3.1.2/gems/bootsnap-1.13.0/lib/bootsnap/load_path_cache/core_ext/kernel_require.rb:32:in `require'[0m
          [36m# /home/ec2-user/.rvm/gems/ruby-3.1.2/gems/bootsnap-1.13.0/lib/bootsnap/load_path_cache/core_ext/kernel_require.rb:32:in `require'[0m
          [36m# /home/ec2-user/.rvm/gems/ruby-3.1.2/gems/zeitwerk-2.6.1/lib/zeitwerk/kernel.rb:35:in `require'[0m
          [36m# /home/ec2-user/.rvm/gems/ruby-3.1.2/gems/bootsnap-1.13.0/lib/bootsnap/load_path_cache/core_ext/kernel_require.rb:32:in `require'[0m
          [36m# /home/ec2-user/.rvm/gems/ruby-3.1.2/gems/bootsnap-1.13.0/lib/bootsnap/load_path_cache/core_ext/kernel_require.rb:32:in `require'[0m
          [36m# /home/ec2-user/.rvm/gems/ruby-3.1.2/gems/zeitwerk-2.6.1/lib/zeitwerk/kernel.rb:35:in `require'[0m
          [36m# /home/ec2-user/.rvm/gems/ruby-3.1.2/gems/bootsnap-1.13.0/lib/bootsnap/load_path_cache/core_ext/kernel_require.rb:32:in `require'[0m
          [36m# /home/ec2-user/.rvm/gems/ruby-3.1.2/gems/bootsnap-1.13.0/lib/bootsnap/load_path_cache/core_ext/kernel_require.rb:32:in `require'[0m
          [36m# /home/ec2-user/.rvm/gems/ruby-3.1.2/gems/zeitwerk-2.6.1/lib/zeitwerk/kernel.rb:35:in `require'[0m

  10) æŠ•ç¨¿ã®ãƒ†ã‚¹ãƒˆ ä¸€è¦§ç”»é¢ã®ãƒ†ã‚¹ãƒˆ ä¸€è¦§ã®è¡¨ç¤ºã¨ãƒªãƒ³ã‚¯ã®ç¢ºèª Create Bookãƒœã‚¿ãƒ³ãŒè¡¨ç¤ºã•ã‚Œã‚‹
      [31mFailure/Error: raise error[0m
      [31m[0m
      [31mLoadError:[0m
      [31m  cannot load such file -- net/smtp[0m
      [36m# /home/ec2-user/.rvm/gems/ruby-3.1.2/gems/bootsnap-1.13.0/lib/bootsnap/load_path_cache/core_ext/kernel_require.rb:29:in `require'[0m
      [36m# /home/ec2-user/.rvm/gems/ruby-3.1.2/gems/zeitwerk-2.6.1/lib/zeitwerk/kernel.rb:35:in `require'[0m
      [36m# /home/ec2-user/.rvm/gems/ruby-3.1.2/gems/mail-2.7.1/lib/mail.rb:9:in `<module:Mail>'[0m
      [36m# /home/ec2-user/.rvm/gems/ruby-3.1.2/gems/mail-2.7.1/lib/mail.rb:3:in `<main>'[0m
      [36m# /home/ec2-user/.rvm/gems/ruby-3.1.2/gems/bootsnap-1.13.0/lib/bootsnap/load_path_cache/core_ext/kernel_require.rb:32:in `require'[0m
      [36m# /home/ec2-user/.rvm/gems/ruby-3.1.2/gems/bootsnap-1.13.0/lib/bootsnap/load_path_cache/core_ext/kernel_require.rb:32:in `require'[0m
      [36m# /home/ec2-user/.rvm/gems/ruby-3.1.2/gems/zeitwerk-2.6.1/lib/zeitwerk/kernel.rb:35:in `require'[0m
      [36m# /home/ec2-user/.rvm/gems/ruby-3.1.2/gems/bootsnap-1.13.0/lib/bootsnap/load_path_cache/core_ext/kernel_require.rb:32:in `require'[0m
      [36m# /home/ec2-user/.rvm/gems/ruby-3.1.2/gems/bootsnap-1.13.0/lib/bootsnap/load_path_cache/core_ext/kernel_require.rb:32:in `require'[0m
      [36m# /home/ec2-user/.rvm/gems/ruby-3.1.2/gems/zeitwerk-2.6.1/lib/zeitwerk/kernel.rb:35:in `require'[0m
      [36m# /home/ec2-user/.rvm/gems/ruby-3.1.2/gems/bootsnap-1.13.0/lib/bootsnap/load_path_cache/core_ext/kernel_require.rb:32:in `require'[0m
      [36m# /home/ec2-user/.rvm/gems/ruby-3.1.2/gems/bootsnap-1.13.0/lib/bootsnap/load_path_cache/core_ext/kernel_require.rb:32:in `require'[0m
      [36m# /home/ec2-user/.rvm/gems/ruby-3.1.2/gems/zeitwerk-2.6.1/lib/zeitwerk/kernel.rb:35:in `require'[0m

  11) æŠ•ç¨¿ã®ãƒ†ã‚¹ãƒˆ ä¸€è¦§ç”»é¢ã®ãƒ†ã‚¹ãƒˆ æŠ•ç¨¿å‡¦ç†ã«é–¢ã™ã‚‹ãƒ†ã‚¹ãƒˆ æŠ•ç¨¿ã«æˆåŠŸã—ã‚µã‚¯ã‚»ã‚¹ãƒ¡ãƒƒã‚»ãƒ¼ã‚¸ãŒè¡¨ç¤ºã•ã‚Œã‚‹ã‹
      [31mFailure/Error: raise error[0m
      [31m[0m
      [31mLoadError:[0m
      [31m  cannot load such file -- net/smtp[0m
      [36m# /home/ec2-user/.rvm/gems/ruby-3.1.2/gems/bootsnap-1.13.0/lib/bootsnap/load_path_cache/core_ext/kernel_require.rb:29:in `require'[0m
      [36m# /home/ec2-user/.rvm/gems/ruby-3.1.2/gems/zeitwerk-2.6.1/lib/zeitwerk/kernel.rb:35:in `require'[0m
      [36m# /home/ec2-user/.rvm/gems/ruby-3.1.2/gems/mail-2.7.1/lib/mail.rb:9:in `<module:Mail>'[0m
      [36m# /home/ec2-user/.rvm/gems/ruby-3.1.2/gems/mail-2.7.1/lib/mail.rb:3:in `<main>'[0m
      [36m# /home/ec2-user/.rvm/gems/ruby-3.1.2/gems/bootsnap-1.13.0/lib/bootsnap/load_path_cache/core_ext/kernel_require.rb:32:in `require'[0m
      [36m# /home/ec2-user/.rvm/gems/ruby-3.1.2/gems/bootsnap-1.13.0/lib/bootsnap/load_path_cache/core_ext/kernel_require.rb:32:in `require'[0m
      [36m# /home/ec2-user/.rvm/gems/ruby-3.1.2/gems/zeitwerk-2.6.1/lib/zeitwerk/kernel.rb:35:in `require'[0m
      [36m# /home/ec2-user/.rvm/gems/ruby-3.1.2/gems/bootsnap-1.13.0/lib/bootsnap/load_path_cache/core_ext/kernel_require.rb:32:in `require'[0m
      [36m# /home/ec2-user/.rvm/gems/ruby-3.1.2/gems/bootsnap-1.13.0/lib/bootsnap/load_path_cache/core_ext/kernel_require.rb:32:in `require'[0m
      [36m# /home/ec2-user/.rvm/gems/ruby-3.1.2/gems/zeitwerk-2.6.1/lib/zeitwerk/kernel.rb:35:in `require'[0m
      [36m# /home/ec2-user/.rvm/gems/ruby-3.1.2/gems/bootsnap-1.13.0/lib/bootsnap/load_path_cache/core_ext/kernel_require.rb:32:in `require'[0m
      [36m# /home/ec2-user/.rvm/gems/ruby-3.1.2/gems/bootsnap-1.13.0/lib/bootsnap/load_path_cache/core_ext/kernel_require.rb:32:in `require'[0m
      [36m# /home/ec2-user/.rvm/gems/ruby-3.1.2/gems/zeitwerk-2.6.1/lib/zeitwerk/kernel.rb:35:in `require'[0m

  12) æŠ•ç¨¿ã®ãƒ†ã‚¹ãƒˆ ä¸€è¦§ç”»é¢ã®ãƒ†ã‚¹ãƒˆ æŠ•ç¨¿å‡¦ç†ã«é–¢ã™ã‚‹ãƒ†ã‚¹ãƒˆ æŠ•ç¨¿ã«å¤±æ•—ã™ã‚‹
      [31mGot 1 failure and 1 other error:[0m

      12.1) [31mFailure/Error: expect(page).to have_content 'error'[0m
            [31m  expected to find text "error" in "Books\nTitle Body hoge body Show Edit Delete\nNew book\n2ä»¶ã®ã‚¨ãƒ©ãƒ¼ãŒç™ºç”Ÿã—ã¾ã—ãŸ\nTitle can't be blank Body can't be blank\næœ¬ã®ã‚¿ã‚¤ãƒˆãƒ«\næ„Ÿæƒ³"[0m
            [36m# ./spec/system/books_spec.rb:64:in `block (4 levels) in <main>'[0m

      12.2) [31mFailure/Error: raise error[0m
            [31m[0m
            [31mLoadError:[0m
            [31m  cannot load such file -- net/smtp[0m
            [36m# /home/ec2-user/.rvm/gems/ruby-3.1.2/gems/bootsnap-1.13.0/lib/bootsnap/load_path_cache/core_ext/kernel_require.rb:29:in `require'[0m
            [36m# /home/ec2-user/.rvm/gems/ruby-3.1.2/gems/zeitwerk-2.6.1/lib/zeitwerk/kernel.rb:35:in `require'[0m
            [36m# /home/ec2-user/.rvm/gems/ruby-3.1.2/gems/mail-2.7.1/lib/mail.rb:9:in `<module:Mail>'[0m
            [36m# /home/ec2-user/.rvm/gems/ruby-3.1.2/gems/mail-2.7.1/lib/mail.rb:3:in `<main>'[0m
            [36m# /home/ec2-user/.rvm/gems/ruby-3.1.2/gems/bootsnap-1.13.0/lib/bootsnap/load_path_cache/core_ext/kernel_require.rb:32:in `require'[0m
            [36m# /home/ec2-user/.rvm/gems/ruby-3.1.2/gems/bootsnap-1.13.0/lib/bootsnap/load_path_cache/core_ext/kernel_require.rb:32:in `require'[0m
            [36m# /home/ec2-user/.rvm/gems/ruby-3.1.2/gems/zeitwerk-2.6.1/lib/zeitwerk/kernel.rb:35:in `require'[0m
            [36m# /home/ec2-user/.rvm/gems/ruby-3.1.2/gems/bootsnap-1.13.0/lib/bootsnap/load_path_cache/core_ext/kernel_require.rb:32:in `require'[0m
            [36m# /home/ec2-user/.rvm/gems/ruby-3.1.2/gems/bootsnap-1.13.0/lib/bootsnap/load_path_cache/core_ext/kernel_require.rb:32:in `require'[0m
            [36m# /home/ec2-user/.rvm/gems/ruby-3.1.2/gems/zeitwerk-2.6.1/lib/zeitwerk/kernel.rb:35:in `require'[0m
            [36m# /home/ec2-user/.rvm/gems/ruby-3.1.2/gems/bootsnap-1.13.0/lib/bootsnap/load_path_cache/core_ext/kernel_require.rb:32:in `require'[0m
            [36m# /home/ec2-user/.rvm/gems/ruby-3.1.2/gems/bootsnap-1.13.0/lib/bootsnap/load_path_cache/core_ext/kernel_require.rb:32:in `require'[0m
            [36m# /home/ec2-user/.rvm/gems/ruby-3.1.2/gems/zeitwerk-2.6.1/lib/zeitwerk/kernel.rb:35:in `require'[0m

  13) æŠ•ç¨¿ã®ãƒ†ã‚¹ãƒˆ ä¸€è¦§ç”»é¢ã®ãƒ†ã‚¹ãƒˆ æŠ•ç¨¿å‡¦ç†ã«é–¢ã™ã‚‹ãƒ†ã‚¹ãƒˆ æŠ•ç¨¿å¾Œã®ãƒªãƒ€ã‚¤ãƒ¬ã‚¯ãƒˆå…ˆã¯æ­£ã—ã„ã‹
      [31mFailure/Error: raise error[0m
      [31m[0m
      [31mLoadError:[0m
      [31m  cannot load such file -- net/smtp[0m
      [36m# /home/ec2-user/.rvm/gems/ruby-3.1.2/gems/bootsnap-1.13.0/lib/bootsnap/load_path_cache/core_ext/kernel_require.rb:29:in `require'[0m
      [36m# /home/ec2-user/.rvm/gems/ruby-3.1.2/gems/zeitwerk-2.6.1/lib/zeitwerk/kernel.rb:35:in `require'[0m
      [36m# /home/ec2-user/.rvm/gems/ruby-3.1.2/gems/mail-2.7.1/lib/mail.rb:9:in `<module:Mail>'[0m
      [36m# /home/ec2-user/.rvm/gems/ruby-3.1.2/gems/mail-2.7.1/lib/mail.rb:3:in `<main>'[0m
      [36m# /home/ec2-user/.rvm/gems/ruby-3.1.2/gems/bootsnap-1.13.0/lib/bootsnap/load_path_cache/core_ext/kernel_require.rb:32:in `require'[0m
      [36m# /home/ec2-user/.rvm/gems/ruby-3.1.2/gems/bootsnap-1.13.0/lib/bootsnap/load_path_cache/core_ext/kernel_require.rb:32:in `require'[0m
      [36m# /home/ec2-user/.rvm/gems/ruby-3.1.2/gems/zeitwerk-2.6.1/lib/zeitwerk/kernel.rb:35:in `require'[0m
      [36m# /home/ec2-user/.rvm/gems/ruby-3.1.2/gems/bootsnap-1.13.0/lib/bootsnap/load_path_cache/core_ext/kernel_require.rb:32:in `require'[0m
      [36m# /home/ec2-user/.rvm/gems/ruby-3.1.2/gems/bootsnap-1.13.0/lib/bootsnap/load_path_cache/core_ext/kernel_require.rb:32:in `require'[0m
      [36m# /home/ec2-user/.rvm/gems/ruby-3.1.2/gems/zeitwerk-2.6.1/lib/zeitwerk/kernel.rb:35:in `require'[0m
      [36m# /home/ec2-user/.rvm/gems/ruby-3.1.2/gems/bootsnap-1.13.0/lib/bootsnap/load_path_cache/core_ext/kernel_require.rb:32:in `require'[0m
      [36m# /home/ec2-user/.rvm/gems/ruby-3.1.2/gems/bootsnap-1.13.0/lib/bootsnap/load_path_cache/core_ext/kernel_require.rb:32:in `require'[0m
      [36m# /home/ec2-user/.rvm/gems/ruby-3.1.2/gems/zeitwerk-2.6.1/lib/zeitwerk/kernel.rb:35:in `require'[0m

  14) æŠ•ç¨¿ã®ãƒ†ã‚¹ãƒˆ ä¸€è¦§ç”»é¢ã®ãƒ†ã‚¹ãƒˆ bookå‰Šé™¤ã®ãƒ†ã‚¹ãƒˆ application.html.erbã«javascript_pack_tagã‚’å«ã‚“ã§ã„ã‚‹ã‹
      [31mFailure/Error: raise error[0m
      [31m[0m
      [31mLoadError:[0m
      [31m  cannot load such file -- net/smtp[0m
      [36m# /home/ec2-user/.rvm/gems/ruby-3.1.2/gems/bootsnap-1.13.0/lib/bootsnap/load_path_cache/core_ext/kernel_require.rb:29:in `require'[0m
      [36m# /home/ec2-user/.rvm/gems/ruby-3.1.2/gems/zeitwerk-2.6.1/lib/zeitwerk/kernel.rb:35:in `require'[0m
      [36m# /home/ec2-user/.rvm/gems/ruby-3.1.2/gems/mail-2.7.1/lib/mail.rb:9:in `<module:Mail>'[0m
      [36m# /home/ec2-user/.rvm/gems/ruby-3.1.2/gems/mail-2.7.1/lib/mail.rb:3:in `<main>'[0m
      [36m# /home/ec2-user/.rvm/gems/ruby-3.1.2/gems/bootsnap-1.13.0/lib/bootsnap/load_path_cache/core_ext/kernel_require.rb:32:in `require'[0m
      [36m# /home/ec2-user/.rvm/gems/ruby-3.1.2/gems/bootsnap-1.13.0/lib/bootsnap/load_path_cache/core_ext/kernel_require.rb:32:in `require'[0m
      [36m# /home/ec2-user/.rvm/gems/ruby-3.1.2/gems/zeitwerk-2.6.1/lib/zeitwerk/kernel.rb:35:in `require'[0m
      [36m# /home/ec2-user/.rvm/gems/ruby-3.1.2/gems/bootsnap-1.13.0/lib/bootsnap/load_path_cache/core_ext/kernel_require.rb:32:in `require'[0m
      [36m# /home/ec2-user/.rvm/gems/ruby-3.1.2/gems/bootsnap-1.13.0/lib/bootsnap/load_path_cache/core_ext/kernel_require.rb:32:in `require'[0m
      [36m# /home/ec2-user/.rvm/gems/ruby-3.1.2/gems/zeitwerk-2.6.1/lib/zeitwerk/kernel.rb:35:in `require'[0m
      [36m# /home/ec2-user/.rvm/gems/ruby-3.1.2/gems/bootsnap-1.13.0/lib/bootsnap/load_path_cache/core_ext/kernel_require.rb:32:in `require'[0m
      [36m# /home/ec2-user/.rvm/gems/ruby-3.1.2/gems/bootsnap-1.13.0/lib/bootsnap/load_path_cache/core_ext/kernel_require.rb:32:in `require'[0m
      [36m# /home/ec2-user/.rvm/gems/ruby-3.1.2/gems/zeitwerk-2.6.1/lib/zeitwerk/kernel.rb:35:in `require'[0m

  15) æŠ•ç¨¿ã®ãƒ†ã‚¹ãƒˆ ä¸€è¦§ç”»é¢ã®ãƒ†ã‚¹ãƒˆ bookå‰Šé™¤ã®ãƒ†ã‚¹ãƒˆ bookã®å‰Šé™¤
      [31mGot 0 failures and 2 other errors:[0m

      15.1) [31mFailure/Error: click_link 'Destroy', match: :first[0m
            [31m[0m
            [31mCapybara::ElementNotFound:[0m
            [31m  Unable to find link "Destroy"[0m
            [36m# /home/ec2-user/.rvm/gems/ruby-3.1.2/gems/capybara-3.37.1/lib/capybara/node/finders.rb:310:in `block in synced_resolve'[0m
            [36m# /home/ec2-user/.rvm/gems/ruby-3.1.2/gems/capybara-3.37.1/lib/capybara/node/base.rb:83:in `synchronize'[0m
            [36m# /home/ec2-user/.rvm/gems/ruby-3.1.2/gems/capybara-3.37.1/lib/capybara/node/finders.rb:299:in `synced_resolve'[0m
            [36m# /home/ec2-user/.rvm/gems/ruby-3.1.2/gems/capybara-3.37.1/lib/capybara/node/finders.rb:60:in `find'[0m
            [36m# /home/ec2-user/.rvm/gems/ruby-3.1.2/gems/capybara-3.37.1/lib/capybara/node/actions.rb:42:in `click_link'[0m
            [36m# /home/ec2-user/.rvm/gems/ruby-3.1.2/gems/capybara-3.37.1/lib/capybara/session.rb:771:in `click_link'[0m
            [36m# /home/ec2-user/.rvm/gems/ruby-3.1.2/gems/capybara-3.37.1/lib/capybara/dsl.rb:52:in `call'[0m
            [36m# /home/ec2-user/.rvm/gems/ruby-3.1.2/gems/capybara-3.37.1/lib/capybara/dsl.rb:52:in `click_link'[0m
            [36m# ./spec/system/books_spec.rb:88:in `block (4 levels) in <main>'[0m

      15.2) [31mFailure/Error: raise error[0m
            [31m[0m
            [31mLoadError:[0m
            [31m  cannot load such file -- net/smtp[0m
            [36m# /home/ec2-user/.rvm/gems/ruby-3.1.2/gems/bootsnap-1.13.0/lib/bootsnap/load_path_cache/core_ext/kernel_require.rb:29:in `require'[0m
            [36m# /home/ec2-user/.rvm/gems/ruby-3.1.2/gems/zeitwerk-2.6.1/lib/zeitwerk/kernel.rb:35:in `require'[0m
            [36m# /home/ec2-user/.rvm/gems/ruby-3.1.2/gems/mail-2.7.1/lib/mail.rb:9:in `<module:Mail>'[0m
            [36m# /home/ec2-user/.rvm/gems/ruby-3.1.2/gems/mail-2.7.1/lib/mail.rb:3:in `<main>'[0m
            [36m# /home/ec2-user/.rvm/gems/ruby-3.1.2/gems/bootsnap-1.13.0/lib/bootsnap/load_path_cache/core_ext/kernel_require.rb:32:in `require'[0m
            [36m# /home/ec2-user/.rvm/gems/ruby-3.1.2/gems/bootsnap-1.13.0/lib/bootsnap/load_path_cache/core_ext/kernel_require.rb:32:in `require'[0m
            [36m# /home/ec2-user/.rvm/gems/ruby-3.1.2/gems/zeitwerk-2.6.1/lib/zeitwerk/kernel.rb:35:in `require'[0m
            [36m# /home/ec2-user/.rvm/gems/ruby-3.1.2/gems/bootsnap-1.13.0/lib/bootsnap/load_path_cache/core_ext/kernel_require.rb:32:in `require'[0m
            [36m# /home/ec2-user/.rvm/gems/ruby-3.1.2/gems/bootsnap-1.13.0/lib/bootsnap/load_path_cache/core_ext/kernel_require.rb:32:in `require'[0m
            [36m# /home/ec2-user/.rvm/gems/ruby-3.1.2/gems/zeitwerk-2.6.1/lib/zeitwerk/kernel.rb:35:in `require'[0m
            [36m# /home/ec2-user/.rvm/gems/ruby-3.1.2/gems/bootsnap-1.13.0/lib/bootsnap/load_path_cache/core_ext/kernel_require.rb:32:in `require'[0m
            [36m# /home/ec2-user/.rvm/gems/ruby-3.1.2/gems/bootsnap-1.13.0/lib/bootsnap/load_path_cache/core_ext/kernel_require.rb:32:in `require'[0m
            [36m# /home/ec2-user/.rvm/gems/ruby-3.1.2/gems/zeitwerk-2.6.1/lib/zeitwerk/kernel.rb:35:in `require'[0m

  16) æŠ•ç¨¿ã®ãƒ†ã‚¹ãƒˆ è©³ç´°ç”»é¢ã®ãƒ†ã‚¹ãƒˆ è¡¨ç¤ºã®ç¢ºèª æœ¬ã®ã‚¿ã‚¤ãƒˆãƒ«ã¨æ„Ÿæƒ³ãŒç”»é¢ã«è¡¨ç¤ºã•ã‚Œã¦ã„ã‚‹ã“ã¨
      [31mFailure/Error: raise error[0m
      [31m[0m
      [31mLoadError:[0m
      [31m  cannot load such file -- net/smtp[0m
      [36m# /home/ec2-user/.rvm/gems/ruby-3.1.2/gems/bootsnap-1.13.0/lib/bootsnap/load_path_cache/core_ext/kernel_require.rb:29:in `require'[0m
      [36m# /home/ec2-user/.rvm/gems/ruby-3.1.2/gems/zeitwerk-2.6.1/lib/zeitwerk/kernel.rb:35:in `require'[0m
      [36m# /home/ec2-user/.rvm/gems/ruby-3.1.2/gems/mail-2.7.1/lib/mail.rb:9:in `<module:Mail>'[0m
      [36m# /home/ec2-user/.rvm/gems/ruby-3.1.2/gems/mail-2.7.1/lib/mail.rb:3:in `<main>'[0m
      [36m# /home/ec2-user/.rvm/gems/ruby-3.1.2/gems/bootsnap-1.13.0/lib/bootsnap/load_path_cache/core_ext/kernel_require.rb:32:in `require'[0m
      [36m# /home/ec2-user/.rvm/gems/ruby-3.1.2/gems/bootsnap-1.13.0/lib/bootsnap/load_path_cache/core_ext/kernel_require.rb:32:in `require'[0m
      [36m# /home/ec2-user/.rvm/gems/ruby-3.1.2/gems/zeitwerk-2.6.1/lib/zeitwerk/kernel.rb:35:in `require'[0m
      [36m# /home/ec2-user/.rvm/gems/ruby-3.1.2/gems/bootsnap-1.13.0/lib/bootsnap/load_path_cache/core_ext/kernel_require.rb:32:in `require'[0m
      [36m# /home/ec2-user/.rvm/gems/ruby-3.1.2/gems/bootsnap-1.13.0/lib/bootsnap/load_path_cache/core_ext/kernel_require.rb:32:in `require'[0m
      [36m# /home/ec2-user/.rvm/gems/ruby-3.1.2/gems/zeitwerk-2.6.1/lib/zeitwerk/kernel.rb:35:in `require'[0m
      [36m# /home/ec2-user/.rvm/gems/ruby-3.1.2/gems/bootsnap-1.13.0/lib/bootsnap/load_path_cache/core_ext/kernel_require.rb:32:in `require'[0m
      [36m# /home/ec2-user/.rvm/gems/ruby-3.1.2/gems/bootsnap-1.13.0/lib/bootsnap/load_path_cache/core_ext/kernel_require.rb:32:in `require'[0m
      [36m# /home/ec2-user/.rvm/gems/ruby-3.1.2/gems/zeitwerk-2.6.1/lib/zeitwerk/kernel.rb:35:in `require'[0m

  17) æŠ•ç¨¿ã®ãƒ†ã‚¹ãƒˆ è©³ç´°ç”»é¢ã®ãƒ†ã‚¹ãƒˆ è¡¨ç¤ºã®ç¢ºèª Editãƒªãƒ³ã‚¯ãŒè¡¨ç¤ºã•ã‚Œã‚‹
      [31mFailure/Error: raise error[0m
      [31m[0m
      [31mLoadError:[0m
      [31m  cannot load such file -- net/smtp[0m
      [36m# /home/ec2-user/.rvm/gems/ruby-3.1.2/gems/bootsnap-1.13.0/lib/bootsnap/load_path_cache/core_ext/kernel_require.rb:29:in `require'[0m
      [36m# /home/ec2-user/.rvm/gems/ruby-3.1.2/gems/zeitwerk-2.6.1/lib/zeitwerk/kernel.rb:35:in `require'[0m
      [36m# /home/ec2-user/.rvm/gems/ruby-3.1.2/gems/mail-2.7.1/lib/mail.rb:9:in `<module:Mail>'[0m
      [36m# /home/ec2-user/.rvm/gems/ruby-3.1.2/gems/mail-2.7.1/lib/mail.rb:3:in `<main>'[0m
      [36m# /home/ec2-user/.rvm/gems/ruby-3.1.2/gems/bootsnap-1.13.0/lib/bootsnap/load_path_cache/core_ext/kernel_require.rb:32:in `require'[0m
      [36m# /home/ec2-user/.rvm/gems/ruby-3.1.2/gems/bootsnap-1.13.0/lib/bootsnap/load_path_cache/core_ext/kernel_require.rb:32:in `require'[0m
      [36m# /home/ec2-user/.rvm/gems/ruby-3.1.2/gems/zeitwerk-2.6.1/lib/zeitwerk/kernel.rb:35:in `require'[0m
      [36m# /home/ec2-user/.rvm/gems/ruby-3.1.2/gems/bootsnap-1.13.0/lib/bootsnap/load_path_cache/core_ext/kernel_require.rb:32:in `require'[0m
      [36m# /home/ec2-user/.rvm/gems/ruby-3.1.2/gems/bootsnap-1.13.0/lib/bootsnap/load_path_cache/core_ext/kernel_require.rb:32:in `require'[0m
      [36m# /home/ec2-user/.rvm/gems/ruby-3.1.2/gems/zeitwerk-2.6.1/lib/zeitwerk/kernel.rb:35:in `require'[0m
      [36m# /home/ec2-user/.rvm/gems/ruby-3.1.2/gems/bootsnap-1.13.0/lib/bootsnap/load_path_cache/core_ext/kernel_require.rb:32:in `require'[0m
      [36m# /home/ec2-user/.rvm/gems/ruby-3.1.2/gems/bootsnap-1.13.0/lib/bootsnap/load_path_cache/core_ext/kernel_require.rb:32:in `require'[0m
      [36m# /home/ec2-user/.rvm/gems/ruby-3.1.2/gems/zeitwerk-2.6.1/lib/zeitwerk/kernel.rb:35:in `require'[0m

  18) æŠ•ç¨¿ã®ãƒ†ã‚¹ãƒˆ è©³ç´°ç”»é¢ã®ãƒ†ã‚¹ãƒˆ è¡¨ç¤ºã®ç¢ºèª Backãƒªãƒ³ã‚¯ãŒè¡¨ç¤ºã•ã‚Œã‚‹
      [31mFailure/Error: raise error[0m
      [31m[0m
      [31mLoadError:[0m
      [31m  cannot load such file -- net/smtp[0m
      [36m# /home/ec2-user/.rvm/gems/ruby-3.1.2/gems/bootsnap-1.13.0/lib/bootsnap/load_path_cache/core_ext/kernel_require.rb:29:in `require'[0m
      [36m# /home/ec2-user/.rvm/gems/ruby-3.1.2/gems/zeitwerk-2.6.1/lib/zeitwerk/kernel.rb:35:in `require'[0m
      [36m# /home/ec2-user/.rvm/gems/ruby-3.1.2/gems/mail-2.7.1/lib/mail.rb:9:in `<module:Mail>'[0m
      [36m# /home/ec2-user/.rvm/gems/ruby-3.1.2/gems/mail-2.7.1/lib/mail.rb:3:in `<main>'[0m
      [36m# /home/ec2-user/.rvm/gems/ruby-3.1.2/gems/bootsnap-1.13.0/lib/bootsnap/load_path_cache/core_ext/kernel_require.rb:32:in `require'[0m
      [36m# /home/ec2-user/.rvm/gems/ruby-3.1.2/gems/bootsnap-1.13.0/lib/bootsnap/load_path_cache/core_ext/kernel_require.rb:32:in `require'[0m
      [36m# /home/ec2-user/.rvm/gems/ruby-3.1.2/gems/zeitwerk-2.6.1/lib/zeitwerk/kernel.rb:35:in `require'[0m
      [36m# /home/ec2-user/.rvm/gems/ruby-3.1.2/gems/bootsnap-1.13.0/lib/bootsnap/load_path_cache/core_ext/kernel_require.rb:32:in `require'[0m
      [36m# /home/ec2-user/.rvm/gems/ruby-3.1.2/gems/bootsnap-1.13.0/lib/bootsnap/load_path_cache/core_ext/kernel_require.rb:32:in `require'[0m
      [36m# /home/ec2-user/.rvm/gems/ruby-3.1.2/gems/zeitwerk-2.6.1/lib/zeitwerk/kernel.rb:35:in `require'[0m
      [36m# /home/ec2-user/.rvm/gems/ruby-3.1.2/gems/bootsnap-1.13.0/lib/bootsnap/load_path_cache/core_ext/kernel_require.rb:32:in `require'[0m
      [36m# /home/ec2-user/.rvm/gems/ruby-3.1.2/gems/bootsnap-1.13.0/lib/bootsnap/load_path_cache/core_ext/kernel_require.rb:32:in `require'[0m
      [36m# /home/ec2-user/.rvm/gems/ruby-3.1.2/gems/zeitwerk-2.6.1/lib/zeitwerk/kernel.rb:35:in `require'[0m

  19) æŠ•ç¨¿ã®ãƒ†ã‚¹ãƒˆ è©³ç´°ç”»é¢ã®ãƒ†ã‚¹ãƒˆ ãƒªãƒ³ã‚¯ã®é·ç§»å…ˆã®ç¢ºèª Editã®é·ç§»å…ˆã¯ç·¨é›†ç”»é¢ã‹
      [31mFailure/Error: raise error[0m
      [31m[0m
      [31mLoadError:[0m
      [31m  cannot load such file -- net/smtp[0m
      [36m# /home/ec2-user/.rvm/gems/ruby-3.1.2/gems/bootsnap-1.13.0/lib/bootsnap/load_path_cache/core_ext/kernel_require.rb:29:in `require'[0m
      [36m# /home/ec2-user/.rvm/gems/ruby-3.1.2/gems/zeitwerk-2.6.1/lib/zeitwerk/kernel.rb:35:in `require'[0m
      [36m# /home/ec2-user/.rvm/gems/ruby-3.1.2/gems/mail-2.7.1/lib/mail.rb:9:in `<module:Mail>'[0m
      [36m# /home/ec2-user/.rvm/gems/ruby-3.1.2/gems/mail-2.7.1/lib/mail.rb:3:in `<main>'[0m
      [36m# /home/ec2-user/.rvm/gems/ruby-3.1.2/gems/bootsnap-1.13.0/lib/bootsnap/load_path_cache/core_ext/kernel_require.rb:32:in `require'[0m
      [36m# /home/ec2-user/.rvm/gems/ruby-3.1.2/gems/bootsnap-1.13.0/lib/bootsnap/load_path_cache/core_ext/kernel_require.rb:32:in `require'[0m
      [36m# /home/ec2-user/.rvm/gems/ruby-3.1.2/gems/zeitwerk-2.6.1/lib/zeitwerk/kernel.rb:35:in `require'[0m
      [36m# /home/ec2-user/.rvm/gems/ruby-3.1.2/gems/bootsnap-1.13.0/lib/bootsnap/load_path_cache/core_ext/kernel_require.rb:32:in `require'[0m
      [36m# /home/ec2-user/.rvm/gems/ruby-3.1.2/gems/bootsnap-1.13.0/lib/bootsnap/load_path_cache/core_ext/kernel_require.rb:32:in `require'[0m
      [36m# /home/ec2-user/.rvm/gems/ruby-3.1.2/gems/zeitwerk-2.6.1/lib/zeitwerk/kernel.rb:35:in `require'[0m
      [36m# /home/ec2-user/.rvm/gems/ruby-3.1.2/gems/bootsnap-1.13.0/lib/bootsnap/load_path_cache/core_ext/kernel_require.rb:32:in `require'[0m
      [36m# /home/ec2-user/.rvm/gems/ruby-3.1.2/gems/bootsnap-1.13.0/lib/bootsnap/load_path_cache/core_ext/kernel_require.rb:32:in `require'[0m
      [36m# /home/ec2-user/.rvm/gems/ruby-3.1.2/gems/zeitwerk-2.6.1/lib/zeitwerk/kernel.rb:35:in `require'[0m

  20) æŠ•ç¨¿ã®ãƒ†ã‚¹ãƒˆ è©³ç´°ç”»é¢ã®ãƒ†ã‚¹ãƒˆ ãƒªãƒ³ã‚¯ã®é·ç§»å…ˆã®ç¢ºèª Backã®é·ç§»å…ˆã¯ä¸€è¦§ç”»é¢ã‹
      [31mFailure/Error: raise error[0m
      [31m[0m
      [31mLoadError:[0m
      [31m  cannot load such file -- net/smtp[0m
      [36m# /home/ec2-user/.rvm/gems/ruby-3.1.2/gems/bootsnap-1.13.0/lib/bootsnap/load_path_cache/core_ext/kernel_require.rb:29:in `require'[0m
      [36m# /home/ec2-user/.rvm/gems/ruby-3.1.2/gems/zeitwerk-2.6.1/lib/zeitwerk/kernel.rb:35:in `require'[0m
      [36m# /home/ec2-user/.rvm/gems/ruby-3.1.2/gems/mail-2.7.1/lib/mail.rb:9:in `<module:Mail>'[0m
      [36m# /home/ec2-user/.rvm/gems/ruby-3.1.2/gems/mail-2.7.1/lib/mail.rb:3:in `<main>'[0m
      [36m# /home/ec2-user/.rvm/gems/ruby-3.1.2/gems/bootsnap-1.13.0/lib/bootsnap/load_path_cache/core_ext/kernel_require.rb:32:in `require'[0m
      [36m# /home/ec2-user/.rvm/gems/ruby-3.1.2/gems/bootsnap-1.13.0/lib/bootsnap/load_path_cache/core_ext/kernel_require.rb:32:in `require'[0m
      [36m# /home/ec2-user/.rvm/gems/ruby-3.1.2/gems/zeitwerk-2.6.1/lib/zeitwerk/kernel.rb:35:in `require'[0m
      [36m# /home/ec2-user/.rvm/gems/ruby-3.1.2/gems/bootsnap-1.13.0/lib/bootsnap/load_path_cache/core_ext/kernel_require.rb:32:in `require'[0m
      [36m# /home/ec2-user/.rvm/gems/ruby-3.1.2/gems/bootsnap-1.13.0/lib/bootsnap/load_path_cache/core_ext/kernel_require.rb:32:in `require'[0m
      [36m# /home/ec2-user/.rvm/gems/ruby-3.1.2/gems/zeitwerk-2.6.1/lib/zeitwerk/kernel.rb:35:in `require'[0m
      [36m# /home/ec2-user/.rvm/gems/ruby-3.1.2/gems/bootsnap-1.13.0/lib/bootsnap/load_path_cache/core_ext/kernel_require.rb:32:in `require'[0m
      [36m# /home/ec2-user/.rvm/gems/ruby-3.1.2/gems/bootsnap-1.13.0/lib/bootsnap/load_path_cache/core_ext/kernel_require.rb:32:in `require'[0m
      [36m# /home/ec2-user/.rvm/gems/ruby-3.1.2/gems/zeitwerk-2.6.1/lib/zeitwerk/kernel.rb:35:in `require'[0m

  21) æŠ•ç¨¿ã®ãƒ†ã‚¹ãƒˆ ç·¨é›†ç”»é¢ã®ãƒ†ã‚¹ãƒˆ è¡¨ç¤ºã®ç¢ºèª ç·¨é›†å‰ã®ã‚¿ã‚¤ãƒˆãƒ«ã¨æ„Ÿæƒ³ãŒãƒ•ã‚©ãƒ¼ãƒ ã«è¡¨ç¤º(ã‚»ãƒƒãƒˆ)ã•ã‚Œã¦ã„ã‚‹
      [31mFailure/Error: raise error[0m
      [31m[0m
      [31mLoadError:[0m
      [31m  cannot load such file -- net/smtp[0m
      [36m# /home/ec2-user/.rvm/gems/ruby-3.1.2/gems/bootsnap-1.13.0/lib/bootsnap/load_path_cache/core_ext/kernel_require.rb:29:in `require'[0m
      [36m# /home/ec2-user/.rvm/gems/ruby-3.1.2/gems/zeitwerk-2.6.1/lib/zeitwerk/kernel.rb:35:in `require'[0m
      [36m# /home/ec2-user/.rvm/gems/ruby-3.1.2/gems/mail-2.7.1/lib/mail.rb:9:in `<module:Mail>'[0m
      [36m# /home/ec2-user/.rvm/gems/ruby-3.1.2/gems/mail-2.7.1/lib/mail.rb:3:in `<main>'[0m
      [36m# /home/ec2-user/.rvm/gems/ruby-3.1.2/gems/bootsnap-1.13.0/lib/bootsnap/load_path_cache/core_ext/kernel_require.rb:32:in `require'[0m
      [36m# /home/ec2-user/.rvm/gems/ruby-3.1.2/gems/bootsnap-1.13.0/lib/bootsnap/load_path_cache/core_ext/kernel_require.rb:32:in `require'[0m
      [36m# /home/ec2-user/.rvm/gems/ruby-3.1.2/gems/zeitwerk-2.6.1/lib/zeitwerk/kernel.rb:35:in `require'[0m
      [36m# /home/ec2-user/.rvm/gems/ruby-3.1.2/gems/bootsnap-1.13.0/lib/bootsnap/load_path_cache/core_ext/kernel_require.rb:32:in `require'[0m
      [36m# /home/ec2-user/.rvm/gems/ruby-3.1.2/gems/bootsnap-1.13.0/lib/bootsnap/load_path_cache/core_ext/kernel_require.rb:32:in `require'[0m
      [36m# /home/ec2-user/.rvm/gems/ruby-3.1.2/gems/zeitwerk-2.6.1/lib/zeitwerk/kernel.rb:35:in `require'[0m
      [36m# /home/ec2-user/.rvm/gems/ruby-3.1.2/gems/bootsnap-1.13.0/lib/bootsnap/load_path_cache/core_ext/kernel_require.rb:32:in `require'[0m
      [36m# /home/ec2-user/.rvm/gems/ruby-3.1.2/gems/bootsnap-1.13.0/lib/bootsnap/load_path_cache/core_ext/kernel_require.rb:32:in `require'[0m
      [36m# /home/ec2-user/.rvm/gems/ruby-3.1.2/gems/zeitwerk-2.6.1/lib/zeitwerk/kernel.rb:35:in `require'[0m

  22) æŠ•ç¨¿ã®ãƒ†ã‚¹ãƒˆ ç·¨é›†ç”»é¢ã®ãƒ†ã‚¹ãƒˆ è¡¨ç¤ºã®ç¢ºèª Update Bookãƒœã‚¿ãƒ³ãŒè¡¨ç¤ºã•ã‚Œã‚‹
      [31mFailure/Error: raise error[0m
      [31m[0m
      [31mLoadError:[0m
      [31m  cannot load such file -- net/smtp[0m
      [36m# /home/ec2-user/.rvm/gems/ruby-3.1.2/gems/bootsnap-1.13.0/lib/bootsnap/load_path_cache/core_ext/kernel_require.rb:29:in `require'[0m
      [36m# /home/ec2-user/.rvm/gems/ruby-3.1.2/gems/zeitwerk-2.6.1/lib/zeitwerk/kernel.rb:35:in `require'[0m
      [36m# /home/ec2-user/.rvm/gems/ruby-3.1.2/gems/mail-2.7.1/lib/mail.rb:9:in `<module:Mail>'[0m
      [36m# /home/ec2-user/.rvm/gems/ruby-3.1.2/gems/mail-2.7.1/lib/mail.rb:3:in `<main>'[0m
      [36m# /home/ec2-user/.rvm/gems/ruby-3.1.2/gems/bootsnap-1.13.0/lib/bootsnap/load_path_cache/core_ext/kernel_require.rb:32:in `require'[0m
      [36m# /home/ec2-user/.rvm/gems/ruby-3.1.2/gems/bootsnap-1.13.0/lib/bootsnap/load_path_cache/core_ext/kernel_require.rb:32:in `require'[0m
      [36m# /home/ec2-user/.rvm/gems/ruby-3.1.2/gems/zeitwerk-2.6.1/lib/zeitwerk/kernel.rb:35:in `require'[0m
      [36m# /home/ec2-user/.rvm/gems/ruby-3.1.2/gems/bootsnap-1.13.0/lib/bootsnap/load_path_cache/core_ext/kernel_require.rb:32:in `require'[0m
      [36m# /home/ec2-user/.rvm/gems/ruby-3.1.2/gems/bootsnap-1.13.0/lib/bootsnap/load_path_cache/core_ext/kernel_require.rb:32:in `require'[0m
      [36m# /home/ec2-user/.rvm/gems/ruby-3.1.2/gems/zeitwerk-2.6.1/lib/zeitwerk/kernel.rb:35:in `require'[0m
      [36m# /home/ec2-user/.rvm/gems/ruby-3.1.2/gems/bootsnap-1.13.0/lib/bootsnap/load_path_cache/core_ext/kernel_require.rb:32:in `require'[0m
      [36m# /home/ec2-user/.rvm/gems/ruby-3.1.2/gems/bootsnap-1.13.0/lib/bootsnap/load_path_cache/core_ext/kernel_require.rb:32:in `require'[0m
      [36m# /home/ec2-user/.rvm/gems/ruby-3.1.2/gems/zeitwerk-2.6.1/lib/zeitwerk/kernel.rb:35:in `require'[0m

  23) æŠ•ç¨¿ã®ãƒ†ã‚¹ãƒˆ ç·¨é›†ç”»é¢ã®ãƒ†ã‚¹ãƒˆ è¡¨ç¤ºã®ç¢ºèª Showãƒªãƒ³ã‚¯ãŒè¡¨ç¤ºã•ã‚Œã‚‹
      [31mFailure/Error: raise error[0m
      [31m[0m
      [31mLoadError:[0m
      [31m  cannot load such file -- net/smtp[0m
      [36m# /home/ec2-user/.rvm/gems/ruby-3.1.2/gems/bootsnap-1.13.0/lib/bootsnap/load_path_cache/core_ext/kernel_require.rb:29:in `require'[0m
      [36m# /home/ec2-user/.rvm/gems/ruby-3.1.2/gems/zeitwerk-2.6.1/lib/zeitwerk/kernel.rb:35:in `require'[0m
      [36m# /home/ec2-user/.rvm/gems/ruby-3.1.2/gems/mail-2.7.1/lib/mail.rb:9:in `<module:Mail>'[0m
      [36m# /home/ec2-user/.rvm/gems/ruby-3.1.2/gems/mail-2.7.1/lib/mail.rb:3:in `<main>'[0m
      [36m# /home/ec2-user/.rvm/gems/ruby-3.1.2/gems/bootsnap-1.13.0/lib/bootsnap/load_path_cache/core_ext/kernel_require.rb:32:in `require'[0m
      [36m# /home/ec2-user/.rvm/gems/ruby-3.1.2/gems/bootsnap-1.13.0/lib/bootsnap/load_path_cache/core_ext/kernel_require.rb:32:in `require'[0m
      [36m# /home/ec2-user/.rvm/gems/ruby-3.1.2/gems/zeitwerk-2.6.1/lib/zeitwerk/kernel.rb:35:in `require'[0m
      [36m# /home/ec2-user/.rvm/gems/ruby-3.1.2/gems/bootsnap-1.13.0/lib/bootsnap/load_path_cache/core_ext/kernel_require.rb:32:in `require'[0m
      [36m# /home/ec2-user/.rvm/gems/ruby-3.1.2/gems/bootsnap-1.13.0/lib/bootsnap/load_path_cache/core_ext/kernel_require.rb:32:in `require'[0m
      [36m# /home/ec2-user/.rvm/gems/ruby-3.1.2/gems/zeitwerk-2.6.1/lib/zeitwerk/kernel.rb:35:in `require'[0m
      [36m# /home/ec2-user/.rvm/gems/ruby-3.1.2/gems/bootsnap-1.13.0/lib/bootsnap/load_path_cache/core_ext/kernel_require.rb:32:in `require'[0m
      [36m# /home/ec2-user/.rvm/gems/ruby-3.1.2/gems/bootsnap-1.13.0/lib/bootsnap/load_path_cache/core_ext/kernel_require.rb:32:in `require'[0m
      [36m# /home/ec2-user/.rvm/gems/ruby-3.1.2/gems/zeitwerk-2.6.1/lib/zeitwerk/kernel.rb:35:in `require'[0m

  24) æŠ•ç¨¿ã®ãƒ†ã‚¹ãƒˆ ç·¨é›†ç”»é¢ã®ãƒ†ã‚¹ãƒˆ è¡¨ç¤ºã®ç¢ºèª Backãƒªãƒ³ã‚¯ãŒè¡¨ç¤ºã•ã‚Œã‚‹
      [31mFailure/Error: raise error[0m
      [31m[0m
      [31mLoadError:[0m
      [31m  cannot load such file -- net/smtp[0m
      [36m# /home/ec2-user/.rvm/gems/ruby-3.1.2/gems/bootsnap-1.13.0/lib/bootsnap/load_path_cache/core_ext/kernel_require.rb:29:in `require'[0m
      [36m# /home/ec2-user/.rvm/gems/ruby-3.1.2/gems/zeitwerk-2.6.1/lib/zeitwerk/kernel.rb:35:in `require'[0m
      [36m# /home/ec2-user/.rvm/gems/ruby-3.1.2/gems/mail-2.7.1/lib/mail.rb:9:in `<module:Mail>'[0m
      [36m# /home/ec2-user/.rvm/gems/ruby-3.1.2/gems/mail-2.7.1/lib/mail.rb:3:in `<main>'[0m
      [36m# /home/ec2-user/.rvm/gems/ruby-3.1.2/gems/bootsnap-1.13.0/lib/bootsnap/load_path_cache/core_ext/kernel_require.rb:32:in `require'[0m
      [36m# /home/ec2-user/.rvm/gems/ruby-3.1.2/gems/bootsnap-1.13.0/lib/bootsnap/load_path_cache/core_ext/kernel_require.rb:32:in `require'[0m
      [36m# /home/ec2-user/.rvm/gems/ruby-3.1.2/gems/zeitwerk-2.6.1/lib/zeitwerk/kernel.rb:35:in `require'[0m
      [36m# /home/ec2-user/.rvm/gems/ruby-3.1.2/gems/bootsnap-1.13.0/lib/bootsnap/load_path_cache/core_ext/kernel_require.rb:32:in `require'[0m
      [36m# /home/ec2-user/.rvm/gems/ruby-3.1.2/gems/bootsnap-1.13.0/lib/bootsnap/load_path_cache/core_ext/kernel_require.rb:32:in `require'[0m
      [36m# /home/ec2-user/.rvm/gems/ruby-3.1.2/gems/zeitwerk-2.6.1/lib/zeitwerk/kernel.rb:35:in `require'[0m
      [36m# /home/ec2-user/.rvm/gems/ruby-3.1.2/gems/bootsnap-1.13.0/lib/bootsnap/load_path_cache/core_ext/kernel_require.rb:32:in `require'[0m
      [36m# /home/ec2-user/.rvm/gems/ruby-3.1.2/gems/bootsnap-1.13.0/lib/bootsnap/load_path_cache/core_ext/kernel_require.rb:32:in `require'[0m
      [36m# /home/ec2-user/.rvm/gems/ruby-3.1.2/gems/zeitwerk-2.6.1/lib/zeitwerk/kernel.rb:35:in `require'[0m

  25) æŠ•ç¨¿ã®ãƒ†ã‚¹ãƒˆ ç·¨é›†ç”»é¢ã®ãƒ†ã‚¹ãƒˆ ãƒªãƒ³ã‚¯ã®é·ç§»å…ˆã®ç¢ºèª Showã®é·ç§»å…ˆã¯è©³ç´°ç”»é¢ã‹
      [31mFailure/Error: raise error[0m
      [31m[0m
      [31mLoadError:[0m
      [31m  cannot load such file -- net/smtp[0m
      [36m# /home/ec2-user/.rvm/gems/ruby-3.1.2/gems/bootsnap-1.13.0/lib/bootsnap/load_path_cache/core_ext/kernel_require.rb:29:in `require'[0m
      [36m# /home/ec2-user/.rvm/gems/ruby-3.1.2/gems/zeitwerk-2.6.1/lib/zeitwerk/kernel.rb:35:in `require'[0m
      [36m# /home/ec2-user/.rvm/gems/ruby-3.1.2/gems/mail-2.7.1/lib/mail.rb:9:in `<module:Mail>'[0m
      [36m# /home/ec2-user/.rvm/gems/ruby-3.1.2/gems/mail-2.7.1/lib/mail.rb:3:in `<main>'[0m
      [36m# /home/ec2-user/.rvm/gems/ruby-3.1.2/gems/bootsnap-1.13.0/lib/bootsnap/load_path_cache/core_ext/kernel_require.rb:32:in `require'[0m
      [36m# /home/ec2-user/.rvm/gems/ruby-3.1.2/gems/bootsnap-1.13.0/lib/bootsnap/load_path_cache/core_ext/kernel_require.rb:32:in `require'[0m
      [36m# /home/ec2-user/.rvm/gems/ruby-3.1.2/gems/zeitwerk-2.6.1/lib/zeitwerk/kernel.rb:35:in `require'[0m
      [36m# /home/ec2-user/.rvm/gems/ruby-3.1.2/gems/bootsnap-1.13.0/lib/bootsnap/load_path_cache/core_ext/kernel_require.rb:32:in `require'[0m
      [36m# /home/ec2-user/.rvm/gems/ruby-3.1.2/gems/bootsnap-1.13.0/lib/bootsnap/load_path_cache/core_ext/kernel_require.rb:32:in `require'[0m
      [36m# /home/ec2-user/.rvm/gems/ruby-3.1.2/gems/zeitwerk-2.6.1/lib/zeitwerk/kernel.rb:35:in `require'[0m
      [36m# /home/ec2-user/.rvm/gems/ruby-3.1.2/gems/bootsnap-1.13.0/lib/bootsnap/load_path_cache/core_ext/kernel_require.rb:32:in `require'[0m
      [36m# /home/ec2-user/.rvm/gems/ruby-3.1.2/gems/bootsnap-1.13.0/lib/bootsnap/load_path_cache/core_ext/kernel_require.rb:32:in `require'[0m
      [36m# /home/ec2-user/.rvm/gems/ruby-3.1.2/gems/zeitwerk-2.6.1/lib/zeitwerk/kernel.rb:35:in `require'[0m

  26) æŠ•ç¨¿ã®ãƒ†ã‚¹ãƒˆ ç·¨é›†ç”»é¢ã®ãƒ†ã‚¹ãƒˆ ãƒªãƒ³ã‚¯ã®é·ç§»å…ˆã®ç¢ºèª Backã®é·ç§»å…ˆã¯ä¸€è¦§ç”»é¢ã‹
      [31mFailure/Error: raise error[0m
      [31m[0m
      [31mLoadError:[0m
      [31m  cannot load such file -- net/smtp[0m
      [36m# /home/ec2-user/.rvm/gems/ruby-3.1.2/gems/bootsnap-1.13.0/lib/bootsnap/load_path_cache/core_ext/kernel_require.rb:29:in `require'[0m
      [36m# /home/ec2-user/.rvm/gems/ruby-3.1.2/gems/zeitwerk-2.6.1/lib/zeitwerk/kernel.rb:35:in `require'[0m
      [36m# /home/ec2-user/.rvm/gems/ruby-3.1.2/gems/mail-2.7.1/lib/mail.rb:9:in `<module:Mail>'[0m
      [36m# /home/ec2-user/.rvm/gems/ruby-3.1.2/gems/mail-2.7.1/lib/mail.rb:3:in `<main>'[0m
      [36m# /home/ec2-user/.rvm/gems/ruby-3.1.2/gems/bootsnap-1.13.0/lib/bootsnap/load_path_cache/core_ext/kernel_require.rb:32:in `require'[0m
      [36m# /home/ec2-user/.rvm/gems/ruby-3.1.2/gems/bootsnap-1.13.0/lib/bootsnap/load_path_cache/core_ext/kernel_require.rb:32:in `require'[0m
      [36m# /home/ec2-user/.rvm/gems/ruby-3.1.2/gems/zeitwerk-2.6.1/lib/zeitwerk/kernel.rb:35:in `require'[0m
      [36m# /home/ec2-user/.rvm/gems/ruby-3.1.2/gems/bootsnap-1.13.0/lib/bootsnap/load_path_cache/core_ext/kernel_require.rb:32:in `require'[0m
      [36m# /home/ec2-user/.rvm/gems/ruby-3.1.2/gems/bootsnap-1.13.0/lib/bootsnap/load_path_cache/core_ext/kernel_require.rb:32:in `require'[0m
      [36m# /home/ec2-user/.rvm/gems/ruby-3.1.2/gems/zeitwerk-2.6.1/lib/zeitwerk/kernel.rb:35:in `require'[0m
      [36m# /home/ec2-user/.rvm/gems/ruby-3.1.2/gems/bootsnap-1.13.0/lib/bootsnap/load_path_cache/core_ext/kernel_require.rb:32:in `require'[0m
      [36m# /home/ec2-user/.rvm/gems/ruby-3.1.2/gems/bootsnap-1.13.0/lib/bootsnap/load_path_cache/core_ext/kernel_require.rb:32:in `require'[0m
      [36m# /home/ec2-user/.rvm/gems/ruby-3.1.2/gems/zeitwerk-2.6.1/lib/zeitwerk/kernel.rb:35:in `require'[0m

  27) æŠ•ç¨¿ã®ãƒ†ã‚¹ãƒˆ ç·¨é›†ç”»é¢ã®ãƒ†ã‚¹ãƒˆ æ›´æ–°å‡¦ç†ã«é–¢ã™ã‚‹ãƒ†ã‚¹ãƒˆ æ›´æ–°ã«æˆåŠŸã—ã‚µã‚¯ã‚»ã‚¹ãƒ¡ãƒƒã‚»ãƒ¼ã‚¸ãŒè¡¨ç¤ºã•ã‚Œã‚‹ã‹
      [31mFailure/Error: raise error[0m
      [31m[0m
      [31mLoadError:[0m
      [31m  cannot load such file -- net/smtp[0m
      [36m# /home/ec2-user/.rvm/gems/ruby-3.1.2/gems/bootsnap-1.13.0/lib/bootsnap/load_path_cache/core_ext/kernel_require.rb:29:in `require'[0m
      [36m# /home/ec2-user/.rvm/gems/ruby-3.1.2/gems/zeitwerk-2.6.1/lib/zeitwerk/kernel.rb:35:in `require'[0m
      [36m# /home/ec2-user/.rvm/gems/ruby-3.1.2/gems/mail-2.7.1/lib/mail.rb:9:in `<module:Mail>'[0m
      [36m# /home/ec2-user/.rvm/gems/ruby-3.1.2/gems/mail-2.7.1/lib/mail.rb:3:in `<main>'[0m
      [36m# /home/ec2-user/.rvm/gems/ruby-3.1.2/gems/bootsnap-1.13.0/lib/bootsnap/load_path_cache/core_ext/kernel_require.rb:32:in `require'[0m
      [36m# /home/ec2-user/.rvm/gems/ruby-3.1.2/gems/bootsnap-1.13.0/lib/bootsnap/load_path_cache/core_ext/kernel_require.rb:32:in `require'[0m
      [36m# /home/ec2-user/.rvm/gems/ruby-3.1.2/gems/zeitwerk-2.6.1/lib/zeitwerk/kernel.rb:35:in `require'[0m
      [36m# /home/ec2-user/.rvm/gems/ruby-3.1.2/gems/bootsnap-1.13.0/lib/bootsnap/load_path_cache/core_ext/kernel_require.rb:32:in `require'[0m
      [36m# /home/ec2-user/.rvm/gems/ruby-3.1.2/gems/bootsnap-1.13.0/lib/bootsnap/load_path_cache/core_ext/kernel_require.rb:32:in `require'[0m
      [36m# /home/ec2-user/.rvm/gems/ruby-3.1.2/gems/zeitwerk-2.6.1/lib/zeitwerk/kernel.rb:35:in `require'[0m
      [36m# /home/ec2-user/.rvm/gems/ruby-3.1.2/gems/bootsnap-1.13.0/lib/bootsnap/load_path_cache/core_ext/kernel_require.rb:32:in `require'[0m
      [36m# /home/ec2-user/.rvm/gems/ruby-3.1.2/gems/bootsnap-1.13.0/lib/bootsnap/load_path_cache/core_ext/kernel_require.rb:32:in `require'[0m
      [36m# /home/ec2-user/.rvm/gems/ruby-3.1.2/gems/zeitwerk-2.6.1/lib/zeitwerk/kernel.rb:35:in `require'[0m

  28) æŠ•ç¨¿ã®ãƒ†ã‚¹ãƒˆ ç·¨é›†ç”»é¢ã®ãƒ†ã‚¹ãƒˆ æ›´æ–°å‡¦ç†ã«é–¢ã™ã‚‹ãƒ†ã‚¹ãƒˆ æ›´æ–°ã«å¤±æ•—ã—ã‚¨ãƒ©ãƒ¼ãƒ¡ãƒƒã‚»ãƒ¼ã‚¸ãŒè¡¨ç¤ºã•ã‚Œã‚‹ã‹
      [31mGot 1 failure and 1 other error:[0m

      28.1) [31mFailure/Error: expect(page).to have_content 'error'[0m
            [31m  expected to find text "error" in "Editing Book\n2ä»¶ã®ã‚¨ãƒ©ãƒ¼ãŒç™ºç”Ÿã—ã¾ã—ãŸ\nTitle can't be blank Body can't be blank\næœ¬ã®ã‚¿ã‚¤ãƒˆãƒ«\næ„Ÿæƒ³\nShow | Back"[0m
            [36m# ./spec/system/books_spec.rb:170:in `block (4 levels) in <main>'[0m

      28.2) [31mFailure/Error: raise error[0m
            [31m[0m
            [31mLoadError:[0m
            [31m  cannot load such file -- net/smtp[0m
            [36m# /home/ec2-user/.rvm/gems/ruby-3.1.2/gems/bootsnap-1.13.0/lib/bootsnap/load_path_cache/core_ext/kernel_require.rb:29:in `require'[0m
            [36m# /home/ec2-user/.rvm/gems/ruby-3.1.2/gems/zeitwerk-2.6.1/lib/zeitwerk/kernel.rb:35:in `require'[0m
            [36m# /home/ec2-user/.rvm/gems/ruby-3.1.2/gems/mail-2.7.1/lib/mail.rb:9:in `<module:Mail>'[0m
            [36m# /home/ec2-user/.rvm/gems/ruby-3.1.2/gems/mail-2.7.1/lib/mail.rb:3:in `<main>'[0m
            [36m# /home/ec2-user/.rvm/gems/ruby-3.1.2/gems/bootsnap-1.13.0/lib/bootsnap/load_path_cache/core_ext/kernel_require.rb:32:in `require'[0m
            [36m# /home/ec2-user/.rvm/gems/ruby-3.1.2/gems/bootsnap-1.13.0/lib/bootsnap/load_path_cache/core_ext/kernel_require.rb:32:in `require'[0m
            [36m# /home/ec2-user/.rvm/gems/ruby-3.1.2/gems/zeitwerk-2.6.1/lib/zeitwerk/kernel.rb:35:in `require'[0m
            [36m# /home/ec2-user/.rvm/gems/ruby-3.1.2/gems/bootsnap-1.13.0/lib/bootsnap/load_path_cache/core_ext/kernel_require.rb:32:in `require'[0m
            [36m# /home/ec2-user/.rvm/gems/ruby-3.1.2/gems/bootsnap-1.13.0/lib/bootsnap/load_path_cache/core_ext/kernel_require.rb:32:in `require'[0m
            [36m# /home/ec2-user/.rvm/gems/ruby-3.1.2/gems/zeitwerk-2.6.1/lib/zeitwerk/kernel.rb:35:in `require'[0m
            [36m# /home/ec2-user/.rvm/gems/ruby-3.1.2/gems/bootsnap-1.13.0/lib/bootsnap/load_path_cache/core_ext/kernel_require.rb:32:in `require'[0m
            [36m# /home/ec2-user/.rvm/gems/ruby-3.1.2/gems/bootsnap-1.13.0/lib/bootsnap/load_path_cache/core_ext/kernel_require.rb:32:in `require'[0m
            [36m# /home/ec2-user/.rvm/gems/ruby-3.1.2/gems/zeitwerk-2.6.1/lib/zeitwerk/kernel.rb:35:in `require'[0m

  29) æŠ•ç¨¿ã®ãƒ†ã‚¹ãƒˆ ç·¨é›†ç”»é¢ã®ãƒ†ã‚¹ãƒˆ æ›´æ–°å‡¦ç†ã«é–¢ã™ã‚‹ãƒ†ã‚¹ãƒˆ æ›´æ–°å¾Œã®ãƒªãƒ€ã‚¤ãƒ¬ã‚¯ãƒˆå…ˆã¯æ­£ã—ã„ã‹
      [31mFailure/Error: raise error[0m
      [31m[0m
      [31mLoadError:[0m
      [31m  cannot load such file -- net/smtp[0m
      [36m# /home/ec2-user/.rvm/gems/ruby-3.1.2/gems/bootsnap-1.13.0/lib/bootsnap/load_path_cache/core_ext/kernel_require.rb:29:in `require'[0m
      [36m# /home/ec2-user/.rvm/gems/ruby-3.1.2/gems/zeitwerk-2.6.1/lib/zeitwerk/kernel.rb:35:in `require'[0m
      [36m# /home/ec2-user/.rvm/gems/ruby-3.1.2/gems/mail-2.7.1/lib/mail.rb:9:in `<module:Mail>'[0m
      [36m# /home/ec2-user/.rvm/gems/ruby-3.1.2/gems/mail-2.7.1/lib/mail.rb:3:in `<main>'[0m
      [36m# /home/ec2-user/.rvm/gems/ruby-3.1.2/gems/bootsnap-1.13.0/lib/bootsnap/load_path_cache/core_ext/kernel_require.rb:32:in `require'[0m
      [36m# /home/ec2-user/.rvm/gems/ruby-3.1.2/gems/bootsnap-1.13.0/lib/bootsnap/load_path_cache/core_ext/kernel_require.rb:32:in `require'[0m
      [36m# /home/ec2-user/.rvm/gems/ruby-3.1.2/gems/zeitwerk-2.6.1/lib/zeitwerk/kernel.rb:35:in `require'[0m
      [36m# /home/ec2-user/.rvm/gems/ruby-3.1.2/gems/bootsnap-1.13.0/lib/bootsnap/load_path_cache/core_ext/kernel_require.rb:32:in `require'[0m
      [36m# /home/ec2-user/.rvm/gems/ruby-3.1.2/gems/bootsnap-1.13.0/lib/bootsnap/load_path_cache/core_ext/kernel_require.rb:32:in `require'[0m
      [36m# /home/ec2-user/.rvm/gems/ruby-3.1.2/gems/zeitwerk-2.6.1/lib/zeitwerk/kernel.rb:35:in `require'[0m
      [36m# /home/ec2-user/.rvm/gems/ruby-3.1.2/gems/bootsnap-1.13.0/lib/bootsnap/load_path_cache/core_ext/kernel_require.rb:32:in `require'[0m
      [36m# /home/ec2-user/.rvm/gems/ruby-3.1.2/gems/bootsnap-1.13.0/lib/bootsnap/load_path_cache/core_ext/kernel_require.rb:32:in `require'[0m
      [36m# /home/ec2-user/.rvm/gems/ruby-3.1.2/gems/zeitwerk-2.6.1/lib/zeitwerk/kernel.rb:35:in `require'[0m

Finished in 1.06 seconds (files took 1.24 seconds to load)
[31m29 examples, 29 failures[0m

Failed examples:

[31mrspec ./spec/models/book_spec.rb:7[0m [36m# Book ãƒ¢ãƒ‡ãƒ«ã«é–¢ã™ã‚‹ãƒ†ã‚¹ãƒˆ å®Ÿéš›ã«ä¿å­˜ã—ã¦ã¿ã‚‹ æœ‰åŠ¹ãªæŠ•ç¨¿å†…å®¹ã®å ´åˆã¯ä¿å­˜ã•ã‚Œã‚‹ã‹[0m
[31mrspec ./spec/models/book_spec.rb:12[0m [36m# Book ãƒ¢ãƒ‡ãƒ«ã«é–¢ã™ã‚‹ãƒ†ã‚¹ãƒˆ ç©ºç™½ã®ãƒãƒªãƒ‡ãƒ¼ã‚·ãƒ§ãƒ³ãƒã‚§ãƒƒã‚¯ titleãŒç©ºç™½ã®å ´åˆã«ãƒãƒªãƒ‡ãƒ¼ã‚·ãƒ§ãƒ³ãƒã‚§ãƒƒã‚¯ã•ã‚Œç©ºç™½ã®ã‚¨ãƒ©ãƒ¼ãƒ¡ãƒƒã‚»ãƒ¼ã‚¸ãŒè¿”ã£ã¦ãã¦ã„ã‚‹ã‹[0m
[31mrspec ./spec/models/book_spec.rb:17[0m [36m# Book ãƒ¢ãƒ‡ãƒ«ã«é–¢ã™ã‚‹ãƒ†ã‚¹ãƒˆ ç©ºç™½ã®ãƒãƒªãƒ‡ãƒ¼ã‚·ãƒ§ãƒ³ãƒã‚§ãƒƒã‚¯ bodyãŒç©ºç™½ã®å ´åˆã«ãƒãƒªãƒ‡ãƒ¼ã‚·ãƒ§ãƒ³ãƒã‚§ãƒƒã‚¯ã•ã‚Œç©ºç™½ã®ã‚¨ãƒ©ãƒ¼ãƒ¡ãƒƒã‚»ãƒ¼ã‚¸ãŒè¿”ã£ã¦ãã¦ã„ã‚‹ã‹[0m
[31mrspec ./spec/models/book_spec.rb:28[0m [36m# Book ãƒ¢ãƒ‡ãƒ«ã«é–¢ã™ã‚‹ãƒ†ã‚¹ãƒˆ titleã‚’ç©ºç™½ã§æŠ•ç¨¿ã—ãŸå ´åˆã«ç”»é¢ã«ã‚¨ãƒ©ãƒ¼ãƒ¡ãƒƒã‚»ãƒ¼ã‚¸ãŒè¡¨ç¤ºã•ã‚Œã¦ã„ã‚‹ã‹ ã‚¨ãƒ©ãƒ¼ãƒ¡ãƒƒã‚»ãƒ¼ã‚¸ã¯æ­£ã—ãè¡¨ç¤ºã•ã‚Œã‚‹ã‹[0m
[31mrspec ./spec/models/book_spec.rb:38[0m [36m# Book ãƒ¢ãƒ‡ãƒ«ã«é–¢ã™ã‚‹ãƒ†ã‚¹ãƒˆ bodyã‚’ç©ºç™½ã§æŠ•ç¨¿ã—ãŸå ´åˆã«ç”»é¢ã«ã‚¨ãƒ©ãƒ¼ãƒ¡ãƒƒã‚»ãƒ¼ã‚¸ãŒè¡¨ç¤ºã•ã‚Œã¦ã„ã‚‹ã‹ ã‚¨ãƒ©ãƒ¼ãƒ¡ãƒƒã‚»ãƒ¼ã‚¸ã¯æ­£ã—ãè¡¨ç¤ºã•ã‚Œã‚‹ã‹[0m
[31mrspec ./spec/system/books_spec.rb:10[0m [36m# æŠ•ç¨¿ã®ãƒ†ã‚¹ãƒˆ ãƒˆãƒƒãƒ—ç”»é¢(root_path)ã®ãƒ†ã‚¹ãƒˆ è¡¨ç¤ºã®ç¢ºèª ãƒˆãƒƒãƒ—ç”»é¢(root_path)ã«ä¸€è¦§ãƒšãƒ¼ã‚¸ã¸ã®ãƒªãƒ³ã‚¯ãŒè¡¨ç¤ºã•ã‚Œã¦ã„ã‚‹ã‹[0m
[31mrspec ./spec/system/books_spec.rb:13[0m [36m# æŠ•ç¨¿ã®ãƒ†ã‚¹ãƒˆ ãƒˆãƒƒãƒ—ç”»é¢(root_path)ã®ãƒ†ã‚¹ãƒˆ è¡¨ç¤ºã®ç¢ºèª root_pathãŒ"/"ã§ã‚ã‚‹ã‹[0m
[31mrspec ./spec/system/books_spec.rb:23[0m [36m# æŠ•ç¨¿ã®ãƒ†ã‚¹ãƒˆ ä¸€è¦§ç”»é¢ã®ãƒ†ã‚¹ãƒˆ ä¸€è¦§ã®è¡¨ç¤ºã¨ãƒªãƒ³ã‚¯ã®ç¢ºèª bookã®ä¸€è¦§è¡¨ç¤º(tableã‚¿ã‚°)ã¨æŠ•ç¨¿ãƒ•ã‚©ãƒ¼ãƒ ãŒåŒä¸€ç”»é¢ã«è¡¨ç¤ºã•ã‚Œã¦ã„ã‚‹ã‹[0m
[31mrspec ./spec/system/books_spec.rb:28[0m [36m# æŠ•ç¨¿ã®ãƒ†ã‚¹ãƒˆ ä¸€è¦§ç”»é¢ã®ãƒ†ã‚¹ãƒˆ ä¸€è¦§ã®è¡¨ç¤ºã¨ãƒªãƒ³ã‚¯ã®ç¢ºèª bookã®ã‚¿ã‚¤ãƒˆãƒ«ã¨æ„Ÿæƒ³ã‚’è¡¨ç¤ºã—ã€è©³ç´°ãƒ»ç·¨é›†ãƒ»å‰Šé™¤ã®ãƒªãƒ³ã‚¯ãŒè¡¨ç¤ºã•ã‚Œã¦ã„ã‚‹ã‹[0m
[31mrspec ./spec/system/books_spec.rb:51[0m [36m# æŠ•ç¨¿ã®ãƒ†ã‚¹ãƒˆ ä¸€è¦§ç”»é¢ã®ãƒ†ã‚¹ãƒˆ ä¸€è¦§ã®è¡¨ç¤ºã¨ãƒªãƒ³ã‚¯ã®ç¢ºèª Create Bookãƒœã‚¿ãƒ³ãŒè¡¨ç¤ºã•ã‚Œã‚‹[0m
[31mrspec ./spec/system/books_spec.rb:56[0m [36m# æŠ•ç¨¿ã®ãƒ†ã‚¹ãƒˆ ä¸€è¦§ç”»é¢ã®ãƒ†ã‚¹ãƒˆ æŠ•ç¨¿å‡¦ç†ã«é–¢ã™ã‚‹ãƒ†ã‚¹ãƒˆ æŠ•ç¨¿ã«æˆåŠŸã—ã‚µã‚¯ã‚»ã‚¹ãƒ¡ãƒƒã‚»ãƒ¼ã‚¸ãŒè¡¨ç¤ºã•ã‚Œã‚‹ã‹[0m
[31mrspec ./spec/system/books_spec.rb:62[0m [36m# æŠ•ç¨¿ã®ãƒ†ã‚¹ãƒˆ ä¸€è¦§ç”»é¢ã®ãƒ†ã‚¹ãƒˆ æŠ•ç¨¿å‡¦ç†ã«é–¢ã™ã‚‹ãƒ†ã‚¹ãƒˆ æŠ•ç¨¿ã«å¤±æ•—ã™ã‚‹[0m
[31mrspec ./spec/system/books_spec.rb:67[0m [36m# æŠ•ç¨¿ã®ãƒ†ã‚¹ãƒˆ ä¸€è¦§ç”»é¢ã®ãƒ†ã‚¹ãƒˆ æŠ•ç¨¿å‡¦ç†ã«é–¢ã™ã‚‹ãƒ†ã‚¹ãƒˆ æŠ•ç¨¿å¾Œã®ãƒªãƒ€ã‚¤ãƒ¬ã‚¯ãƒˆå…ˆã¯æ­£ã—ã„ã‹[0m
[31mrspec ./spec/system/books_spec.rb:75[0m [36m# æŠ•ç¨¿ã®ãƒ†ã‚¹ãƒˆ ä¸€è¦§ç”»é¢ã®ãƒ†ã‚¹ãƒˆ bookå‰Šé™¤ã®ãƒ†ã‚¹ãƒˆ application.html.erbã«javascript_pack_tagã‚’å«ã‚“ã§ã„ã‚‹ã‹[0m
[31mrspec ./spec/system/books_spec.rb:86[0m [36m# æŠ•ç¨¿ã®ãƒ†ã‚¹ãƒˆ ä¸€è¦§ç”»é¢ã®ãƒ†ã‚¹ãƒˆ bookå‰Šé™¤ã®ãƒ†ã‚¹ãƒˆ bookã®å‰Šé™¤[0m
[31mrspec ./spec/system/books_spec.rb:100[0m [36m# æŠ•ç¨¿ã®ãƒ†ã‚¹ãƒˆ è©³ç´°ç”»é¢ã®ãƒ†ã‚¹ãƒˆ è¡¨ç¤ºã®ç¢ºèª æœ¬ã®ã‚¿ã‚¤ãƒˆãƒ«ã¨æ„Ÿæƒ³ãŒç”»é¢ã«è¡¨ç¤ºã•ã‚Œã¦ã„ã‚‹ã“ã¨[0m
[31mrspec ./spec/system/books_spec.rb:104[0m [36m# æŠ•ç¨¿ã®ãƒ†ã‚¹ãƒˆ è©³ç´°ç”»é¢ã®ãƒ†ã‚¹ãƒˆ è¡¨ç¤ºã®ç¢ºèª Editãƒªãƒ³ã‚¯ãŒè¡¨ç¤ºã•ã‚Œã‚‹[0m
[31mrspec ./spec/system/books_spec.rb:108[0m [36m# æŠ•ç¨¿ã®ãƒ†ã‚¹ãƒˆ è©³ç´°ç”»é¢ã®ãƒ†ã‚¹ãƒˆ è¡¨ç¤ºã®ç¢ºèª Backãƒªãƒ³ã‚¯ãŒè¡¨ç¤ºã•ã‚Œã‚‹[0m
[31mrspec ./spec/system/books_spec.rb:114[0m [36m# æŠ•ç¨¿ã®ãƒ†ã‚¹ãƒˆ è©³ç´°ç”»é¢ã®ãƒ†ã‚¹ãƒˆ ãƒªãƒ³ã‚¯ã®é·ç§»å…ˆã®ç¢ºèª Editã®é·ç§»å…ˆã¯ç·¨é›†ç”»é¢ã‹[0m
[31mrspec ./spec/system/books_spec.rb:119[0m [36m# æŠ•ç¨¿ã®ãƒ†ã‚¹ãƒˆ è©³ç´°ç”»é¢ã®ãƒ†ã‚¹ãƒˆ ãƒªãƒ³ã‚¯ã®é·ç§»å…ˆã®ç¢ºèª Backã®é·ç§»å…ˆã¯ä¸€è¦§ç”»é¢ã‹[0m
[31mrspec ./spec/system/books_spec.rb:131[0m [36m# æŠ•ç¨¿ã®ãƒ†ã‚¹ãƒˆ ç·¨é›†ç”»é¢ã®ãƒ†ã‚¹ãƒˆ è¡¨ç¤ºã®ç¢ºèª ç·¨é›†å‰ã®ã‚¿ã‚¤ãƒˆãƒ«ã¨æ„Ÿæƒ³ãŒãƒ•ã‚©ãƒ¼ãƒ ã«è¡¨ç¤º(ã‚»ãƒƒãƒˆ)ã•ã‚Œã¦ã„ã‚‹[0m
[31mrspec ./spec/system/books_spec.rb:135[0m [36m# æŠ•ç¨¿ã®ãƒ†ã‚¹ãƒˆ ç·¨é›†ç”»é¢ã®ãƒ†ã‚¹ãƒˆ è¡¨ç¤ºã®ç¢ºèª Update Bookãƒœã‚¿ãƒ³ãŒè¡¨ç¤ºã•ã‚Œã‚‹[0m
[31mrspec ./spec/system/books_spec.rb:138[0m [36m# æŠ•ç¨¿ã®ãƒ†ã‚¹ãƒˆ ç·¨é›†ç”»é¢ã®ãƒ†ã‚¹ãƒˆ è¡¨ç¤ºã®ç¢ºèª Showãƒªãƒ³ã‚¯ãŒè¡¨ç¤ºã•ã‚Œã‚‹[0m
[31mrspec ./spec/system/books_spec.rb:142[0m [36m# æŠ•ç¨¿ã®ãƒ†ã‚¹ãƒˆ ç·¨é›†ç”»é¢ã®ãƒ†ã‚¹ãƒˆ è¡¨ç¤ºã®ç¢ºèª Backãƒªãƒ³ã‚¯ãŒè¡¨ç¤ºã•ã‚Œã‚‹[0m
[31mrspec ./spec/system/books_spec.rb:148[0m [36m# æŠ•ç¨¿ã®ãƒ†ã‚¹ãƒˆ ç·¨é›†ç”»é¢ã®ãƒ†ã‚¹ãƒˆ ãƒªãƒ³ã‚¯ã®é·ç§»å…ˆã®ç¢ºèª Showã®é·ç§»å…ˆã¯è©³ç´°ç”»é¢ã‹[0m
[31mrspec ./spec/system/books_spec.rb:153[0m [36m# æŠ•ç¨¿ã®ãƒ†ã‚¹ãƒˆ ç·¨é›†ç”»é¢ã®ãƒ†ã‚¹ãƒˆ ãƒªãƒ³ã‚¯ã®é·ç§»å…ˆã®ç¢ºèª Backã®é·ç§»å…ˆã¯ä¸€è¦§ç”»é¢ã‹[0m
[31mrspec ./spec/system/books_spec.rb:160[0m [36m# æŠ•ç¨¿ã®ãƒ†ã‚¹ãƒˆ ç·¨é›†ç”»é¢ã®ãƒ†ã‚¹ãƒˆ æ›´æ–°å‡¦ç†ã«é–¢ã™ã‚‹ãƒ†ã‚¹ãƒˆ æ›´æ–°ã«æˆåŠŸã—ã‚µã‚¯ã‚»ã‚¹ãƒ¡ãƒƒã‚»ãƒ¼ã‚¸ãŒè¡¨ç¤ºã•ã‚Œã‚‹ã‹[0m
[31mrspec ./spec/system/books_spec.rb:166[0m [36m# æŠ•ç¨¿ã®ãƒ†ã‚¹ãƒˆ ç·¨é›†ç”»é¢ã®ãƒ†ã‚¹ãƒˆ æ›´æ–°å‡¦ç†ã«é–¢ã™ã‚‹ãƒ†ã‚¹ãƒˆ æ›´æ–°ã«å¤±æ•—ã—ã‚¨ãƒ©ãƒ¼ãƒ¡ãƒƒã‚»ãƒ¼ã‚¸ãŒè¡¨ç¤ºã•ã‚Œã‚‹ã‹[0m
[31mrspec ./spec/system/books_spec.rb:172[0m [36m# æŠ•ç¨¿ã®ãƒ†ã‚¹ãƒˆ ç·¨é›†ç”»é¢ã®ãƒ†ã‚¹ãƒˆ æ›´æ–°å‡¦ç†ã«é–¢ã™ã‚‹ãƒ†ã‚¹ãƒˆ æ›´æ–°å¾Œã®ãƒªãƒ€ã‚¤ãƒ¬ã‚¯ãƒˆå…ˆã¯æ­£ã—ã„ã‹[0m

